:020000040000FA
:083E0000002B3058300BA00C20
:103E1E003000FFFFFFFFFFFFFFFFFFFFFFFFFFFF72
:103E2E00FFFFFFFFFFFFFFFFFFFFFFFFFFFFFFFF94
:023E3E00FFFF84
:10400000000B220C000B2A0C000B2C0C000B2E0CAE
:10401000000B320C000B340C000B360C000B3A0C6E
:10402000000B3C0C000B3E0C000B420C000B440C34
:10403000000B460C000B4A0C000B4C0C000B4E0CFA
:10404000000B520C000B540C000B560C000B5A0CBE
:10405000000B5C0C000B5E0C000B620C000B640C84
:10406000000B660C000B6A0C000B6C0C000B6E0C4A
:10407000000B720C000B740C000B760C000B7A0C0E
:10408000000B7C0C000B7E0C0D8C0D8C0D8C0D8CA4
:10409000200B083D0D8C200B0A3D0D8C0D8C200B48
:1040A0000E3D0D8C200B103D0D8C200B123D0D8C08
:1040B000200B143D0D8C0D8C200B183D0D8C020B2C
:1040C000427F4F890008015A09CF147F200B833D9E
:1040D000020B437F5FCA01086FEA020B427F4FA9C0
:1040E0000208065C020B457F00085FCA01086FEA00
:1040F0000108FAEA046C147F004F005F0D8C147FF6
:1041000009CF19DF0D8C200B863D0D8C200B893DCE
:104110000D8C800B1B6D300BBB3D5E89800B1D6DC4
:10412000300BBB3D5E990D8C200B1C3D0D8C200B84
:104130001E3D0D8C898D998D210B903D002B5E8944
:10414000210B8B3D002B5E99167F200B833D0808C9
:1041500009DA090819FA210B903D5E89210B8B3D84
:10416000167F09CF5EDFFAEA332C210BA23D800BCC
:10417000215A056C002B0009002B0019560C210B4D
:10418000B33D0D4A09FF210BBD3D210B963D5E89D4
:1041900039DA136C210B9D3D39D9050829DA044C15
:1041A00039A9020809DA020C020839DA030849DAE7
:1041B000210B753D0908FAEA262C8989999900088E
:1041C000700B815A0108007A302C702B8009D40CB6
:1041D000210BA23D7F0BE05ACD6C210B963D0408CC
:1041E0000A1C5EB9210B9D3D210B843D210B753DC1
:1041F000210B843DDF0C002B0009002B0019127FDE
:10420000004F005F120C8989999900081A8A014AA7
:1042100001081A8A006A0008700B815A0108007AA6
:10422000042C8F2B8009FF2BFF19210BCA3D0E4A4E
:1042300009FF200B833D210B7E3D104A29FF210BF6
:10424000913D5EA9210B8B3D5EB909DA030819FA8D
:10425000FAEA0C2C29C939D90408700B815A0508CF
:10426000007A162C700B80290039120C29C939D913
:1042700004081A8A014A05081A8A006A0408700BA1
:10428000815A0508007A042C8F0B8029FF0BFF3917
:10429000200B363D210B7E3D0E4A29FF09CF19DF49
:1042A00029FF210BE53D210BC13D0D4A19FF09CF27
:1042B00089A999B9127F200B833D200B363D127FCF
:1042C00009CF19DF0A7F210BD53D5EA9210BE43D03
:1042D0000999640B0009200B403D210BC13D034AA5
:1042E00019FF09CF003E320B9D0C89899999200B4B
:1042F000423D002B0989002B19990D8C210BAD3DF6
:10430000FA8ABF0BFF1A0D8C08081A8A014A09089D
:104310001A8A006A0D8C800B1D6D300BBB3D0D8C15
:10432000147F800B1B6D300BBB3D0D8C210BB63DFC
:10433000204A210BDB3D5EC90D8C127F210BE83D2D
:1043400009A90D8C0E7F200B863D106D0108320BE4
:10435000D43D0008800B003A0D8C0A7F210BDF3D15
:104360005EA902080D8C210BB63D0D8C0A7F210B36
:10437000EF3DFA8ABF0BFF1A0D8C210BDC3D5EB9B5
:104380000D8C0A7F210BDC3D5E990108FA8ABF0B78
:10439000FF1A0D8C0A7F210BCE3D0D8C210BEF3DBA
:1043A0000008FA8ABF0BFF1A0D8C210BCE3D0D4A77
:1043B000210BDB3D0D8C09FF210BDF3D0D8C800BAC
:1043C000196D300BBB3D0D8C127F210BE83D0D8C20
:1043D000200B893D106D0108320BDA3D0D8C210B4D
:1043E000DF3D5E890D8C200B223D0D8C200B243D82
:1043F0000D8C200B263D0D8C898D210BCA3D1F4A4B
:10440000220BA03D002B5E890808AA8AEA8A0829A7
:104410000A19200B403D09A90E7F200B833D106D2A
:104420000108320BD43D210BC13D144A19FF220B68
:10443000993D5E990A7F210BBD3D0308FA8ABF0BA7
:10444000FF1A564A39FF210BBD3D010839DA336C9A
:10445000220B983D5E99FA8ABF0BFF1A074A19FF93
:10446000210BBD3D5EC989990408800B003A010803
:10447000800B003A49DA1F6C2999800B003A030837
:10448000800B003A19DA176C09B98999800B003A48
:104490000108800B003A39DA216C0208800B003ADF
:1044A0000008800B003A29DA196C220B9C3D220B84
:1044B000A33D802A120C210BCA3D220B9F3D800B8D
:1044C000003A0208800B003A09DA086C220B983D8A
:1044D0005EA9220BA33DFF0B7F1A09CF220B9C3D47
:1044E000704A210BD53D5EB9210BE43D030809DA82
:1044F000046C29890008220BAE3D220BA43D801AD2
:104500008078137C210BB33D220B9F3D0808800B64
:10451000003A0008800B003A89DA076C2989220BDF
:10452000AE3D220BA43D102A09CF003E320B9F0C5A
:104530000A7F210BDC3D0D8C210BAD3D0D8C074A14
:10454000220BAA3D0D8C704A2989210BD03D220BEC
:10455000AA3D0D8C09FF210BEF3D0D8CFA8ABF0B94
:10456000FF1A220BAA3DFF0B7F1A09CF127F200BE7
:10457000863D0A7F210BDC3D5EB90308FA8ABF0B3A
:10458000FF1A104A39FF09CF19DF0D8C200B2A3D85
:104590000D8C200B2C3D0D8C200B2E3D0D8C200BFB
:1045A000303D0D8C200B323D0D8C200B343D0D8C9D
:1045B000200B363D0D8C200B383D0D8C200B3A3DE9
:1045C0000D8C200B3C3D0D8C200B3E3D0D8C200BAB
:0A45D000403D0D8C200B423D0D8C88
:08604000600B850C200B440CE1
:10605000600B540C200B450C200B460C200B470CFE
:106060005F0BC10C200B480C200B4B0C200B4E0C73
:106070005F0B5F0C200B4F0C200B520C200B550CB0
:106080005F0B2E0C200B580C200B5B0C200B5C0CB8
:10609000610BDC0C200B5F0C200B940C200B970C7D
:1060A000610B7A0C200B9A0C210BF30C210BF60CD4
:1060B0005E0BFD0C210BF90C210BFC0C220BC60C0A
:1060C0005F0B900C220BC90C220BCC0C220BCF0CBB
:1060D000600B230C220BD20C220BD50C220BD80CFC
:1060E000600BB60C220BDB0C220BDE0C220BE10C3E
:1060F000600BE70C220BE40C220BE70C220BEA0CE2
:04610000610B180C0B
:04611000610B490CCA
:04612000610BAB0C58
:046130005F0BF20C03
:10614000184E000BE93F030B986D010C001FFE4D2C
:10615000000BA13F632BAE3F000B486D020C9FEE7E
:106160006E9FFD4D0F0BE01D002BB7885A0BCB3DEA
:10617000320BE03DFF0C588D07D8002B37886DBDE2
:10618000002BB7880DD80D8C00008A30000000006D
:10619000A6C00000210096C0000031008930000038
:1061A000420094C0000062008B3000007300873012
:1061B00000008300FE210000930088300000A4004E
:1061C00098C00000A40093C00000B40095C0000077
:1061D000C500FE230000F600FB020000F600FB04F1
:1061E0000000F600FE020000010000004200010075
:1061F0000000010000004343345F50524F4A4543C2
:1062000054000000000053657020323820323031D5
:1062100031000000000031353A30353A35360000A3
:106220000000EA9FEAFF00000000E04FFC4F1A5018
:1062300030504D5068508550A050AB50B650844EF1
:106240009D4DA64DAF4DB64D844E844E844E844E2A
:10625000844E844E844E844E844E844E844EBD4D76
:10626000CF4DD94DD94DD94DD94DD94DD94DD94D08
:10627000944D8E4DF44DF94D004E074E0F4E174E76
:10628000174E174E174E314E384E404E484E504E18
:10629000584E6B4E7E4EBB430A45004448448A44E8
:1062A00047458D45CE45E645907D90A570AC10B62E
:1062B00070B9A0BA50BB00BCC0BCE0BD10C060C289
:1062C00020C520CBA0CEB0D120001001A002B00785
:1062D0004013501B9026B01C801F70124011500DAF
:1062E000E008A007100610060002000200020002EB
:1062F000000200020002000200020002000200028E
:1063000000020002000200022F2D002D861C001248
:10631000898B898B406060BC300028122929292292
:10632000002E2E14000000000000000000002614C3
:1063300083109494909090909092929090909090DE
:106340009090FE0000009494909090909092929083
:1063500090FE00000000000000009494FE00000089
:10636000000000000000000000000000000000012C
:1063700000010002000200040004000800080010F0
:10638000001000200020004000400080008001013B
:1063900001010102010201040104010801080110C8
:1063A0000110012001200140014001800180010015
:1063B00009000000000000000000000000000000D4
:1063C00000000000000000000000000000000000CD
:1063D00000000000000000000000000000000000BD
:1063E00000000000000000000000000000000000AD
:1063F0000000FFFF01888D002B3788800B2F3D00A8
:106400002B0D8800090DAC01090D8C4E8D5C4E00E2
:106410002B09BF8F890DCE0D8C888D002B3788807E
:106420001819DE320B053D0A8DFF1A800B293D0D30
:106430008A8A8AFF1A800B293D002B0D885E890D00
:106440008C888D002B3788800B313D002B0D880008
:07645000090DAC01090D8CE0
:106458002FF6098D7E890008184C011A081C3F89FF
:106468007EBF1FEE3FFE09BF6E9F015D0C0C7E894B
:10647800AA8A09FF5FDE015D050C6E9F9E9F7FFF64
:10648800F95D010C6E9F0D890D8C7F0BFF1A002B97
:1064980009BF0D899F9FFE5D0D8C5A8A5A8A5A8AB8
:1064A8005A8A020869DA79FA2ADA014D0F0CF52CB2
:1064B8005A8A5A8A5A8A5A8A0208046C69CA79EA34
:1064C800F64D040C69CA79EA0ADAF24D5A8A5A8AF0
:1064D8000987022C69CA79EA80180D8C00590108CD
:1064E800FAEA036C0008123D03590308FAEA046C3F
:1064F80002080C3D0508013A320BB63D00085987E1
:10650800026C0008033D59970DEC020801181A8A1D
:106518001A8A014A006A00180D8C002B0DF9002B0D
:106528000DE9002B0DD9002B0DC9002B0DB9002B3F
:106538000DA9002B0D99002B0D891DFEBE9D0D8CFC
:1065480000490059206D0308DA8A0208DA8A046CC7
:10655800040809CA050819EA00082A8A01085A8A9B
:10656800F24D0D8C060829E939AA0D9C29E939F95B
:1065780000290039206D82180ADA320B510C0029E3
:10658800106D0108DA8A026C020809CA00082A8A12
:10659800F84D0D8C01182A8A5A8AFD4D00180D8C69
:1065A8000118FA8ADA8AFD4D00180D8C0118AA8A9A
:1065B800DA8AFD4D00180D8C3ADA300BBA0C09B99D
:1065C80019C929D9030BA46939890008FF1A1019B8
:1065D800320BC33D2989060809CA040B6E1939898B
:1065E8000008FF1A010809CA19BFFF0F040B710937
:1065F8000308FF1A000839CA09BFFF0F6989000894
:10660800FA8ABF0BFF1A024A09FF59CF0608FA8A0D
:10661800BF0BFF1A014A69FF004F050800781A3CB2
:106628000178053C02780A3C0478143C0D8C02423F
:10663800092B1352002B003287C20D8C004104082D
:10664800AA8A002B49C1010BCD7F004F082B2431AA
:1066580087C10D8C00400408AA8A002B49C0010B91
:10666800CC7F004F082B2F3040890008020B012AED
:1066780009C00D8C09B939890008FF1A0219320BB3
:10668800C33D29890008030B984AFA8A09FF4F99E4
:1066980001080078093C0378443C0478733C057889
:1066A800330BFA3C340B260C51890008201A0008D9
:1066B8000078273C51890008FF0BDE1A09D141A751
:1066C800106C010BCC4939890008FF1A0219320BEA
:1066D800C33D29890008FA8A040809CA49FF014FFD
:1066E8000D8C010BCC4939890008FF1A0219320BAD
:1066F800C33D29890008FA8A040809CA49FF034FDB
:106708000D8C010BCC4939890008FF1A0219320B8C
:10671800C33D29890008FA8A040809CA49FF014FBC
:106728000D8C51890008041A000800781B3C618907
:106738000008040B712939990108FF1A020819CABF
:1067480029BF098F010BCC4939890008FF1A0219A2
:10675800320BC33D29890008FA8A040809CA49FF8F
:10676800044F0D8C010BCC4939890008FF1A021916
:10677800320BC33D29890008FA8A040809CA49FF6F
:10678800014F0D8C518909990108041A01080078F4
:10679800023C61890D8C0008080B001A000800787B
:1067A800153C0ADA50890008BAFA09D0010BCC491D
:1067B80039890008FF1A0219320BC33D29890008DC
:1067C800FA8A040809CA49FF004F0D8C010BCC490D
:1067D80039890008FF1A0219320BC33D29890008BC
:1067E800FA8A040809CA49FF014F0D8C518900082B
:1067F800080B001A00080078153C0ADA51890008CD
:10680800BAFA09D1010BCC4939890008FF1A0219D3
:10681800320BC33D29890008FA8A040809CA49FFCE
:10682800004F0D8C010BCC4939890008FF1A021959
:10683800320BC33D29890008FA8A040809CA49FFAE
:10684800014F0D8C0051010BCC4939890008FF1A02
:106858000219320BC33D29890008FA8A040809CABB
:1068680049FF004F0D8C898D2D0C0ADA50890008DC
:10687800BAFA09D0040B753F0FB939890008014AE3
:10688800040B753F098F042929C9E30B3259040BFE
:10689800743F0F890008FF1A1419320BC33D298968
:1068A800050809CA0308FF1A050839CA59BF800B29
:1068B800136D300BBB3D6E990108FF1A49A90009F9
:1068C800320BE33D5089002B098900080078663CAB
:1068D80089890008011A00080078013C07D08989D5
:1068E8000008201A00080078293C57D040A7266CD9
:1068F800C08900084878053C4978053C4A78183C26
:106908001C0C01601B0C021907094D0B023D000805
:10691800FF1A0008201A00080078053C040B743F91
:10692800000F84600B0C040B743F010F8060060C91
:10693800040B743F000F0060010C00608989000897
:10694800021A00080078013C17D089890008021A49
:1069580000080078013C77D089890008041A0008EB
:106968000078023C6089000889890008081A000834
:106978000078013C37D00808080B001A080800788E
:10698800340B397CC08900087F789C7C040B743FE9
:10699800000F040B753F000F3B0B1B3D003E320BF5
:1069A8009F0C898D002B098989890008FF1A021913
:1069B800320BC33D29890008030B984AFA8A09FF5C
:1069C8004F99010800780D3C0278593C0378350B43
:1069D8007F3C0478350BCA3C0578360BFD3C370BF9
:1069E8003B0C508909990108011A01080078033CF9
:1069F80007D0370B4B0C09990108201A01080078B9
:106A0800253C57D040A7116C010BCC398989000867
:106A1800FF1A0219320BC33D29890008FA8A0308B4
:106A280009CA39FF014F370B4B0C010BCC39898947
:106A38000008FF1A0219320BC33D29890008FA8A97
:106A4800030809CA39FF024F370B4B0C0008081A14
:106A580000080078033C37D0370B4B0C010BCC39BE
:106A680089890008FF1A0219320BC33D29890008D9
:106A7800FA8A030809CA39FF014F370B4B0C5089B2
:106A880009990108041A010800781C3C608900086B
:106A9800040B6E2989990108FF1A020819CA29BF2F
:106AA800098F010BCC3989890008FF1A0219320BAA
:106AB800C33D29890008FA8A030809CA39FF034F28
:106AC800370B4B0C0008081A00080078033C37D035
:106AD800370B4B0C010BCC3989890008FF1A0219B6
:106AE800320BC33D29890008FA8A030809CA39FF0D
:106AF800014F370B4B0C508909990108041A0108FA
:106B080000782B3C60890008040B712989990108D9
:106B1800FF1A020819CA29BF098F010BCC398989C4
:106B28000008FF1A0219320BC33D29890008FA8AA6
:106B3800030809CA39FF044F010BCF3989890008B6
:106B4800FF1A0219320BC33D29890008FA8A030883
:106B580009CA39FF004F370B4B0C0008081A000808
:106B68000078033C37D0370B4B0C010BCC398989A3
:106B78000008FF1A0219320BC33D29890008FA8A56
:106B8800030809CA39FF014F370B4B0C5089099983
:106B98000108011A01080078033C07D0370B4B0C99
:106BA80009990108201A01080078593C57D040A7D4
:106BB800456C89890008FF1A0219320BC33D2989DF
:106BC8000008030B9E4AFA8A09FF4F9901080078CA
:106BD800357C89890008FF1A0008040B714A09BF2F
:106BE8000F9989A90208FF1A0208040B6E4A29BFE7
:106BF8000F894D0B023D0008FF1A09E0898900083A
:106C0800FF1A0219320BC33D29890008030B9E4A5B
:106C1800FA8A09FF4FB90308014A010BCF4989894C
:106C28000008FF1A0219320BC33D29890008FA8AA5
:106C3800040809CA49FF39CF370B4B0C010BCC3973
:106C480089890008FF1A0219320BC33D29890008F7
:106C5800FA8A030809CA39FF014F370B4B0C099907
:106C68000108041A01080078343C60A902088989DF
:106C78000008FF1A0008040B714A09BF0F9989B967
:106C88000308FF1A0308040B6E4A39BF0F894D0B1E
:106C9800393D89890008FF1A0219320BC33D298939
:106CA8000008030B9E4AFA8A09FF4FB90308014AF4
:106CB800010BCF4989890008FF1A0219320BC33D1D
:106CC80029890008FA8A040809CA49FF39CF370B0D
:106CD8004B0C09990108021A010800784D3C17D09D
:106CE8000008801A00080078123C77D0010BCC39D4
:106CF80089890008FF1A0219320BC33D2989000847
:106D0800FA8A030809CA39FF054F370B4B0C8989E2
:106D18000008FF1A0008040B714A09BF0F9989A9D6
:106D28000208FF1A0208040B6E4A29BF0F894D0B8F
:106D3800023D0008FF1A09E089890008FF1A0219B4
:106D4800320BC33D29890008030B9E4AFA8A09FFC2
:106D58004FB90308014A010BCF4989890008FF1A76
:106D68000219320BC33D29890008FA8A040809CAA6
:106D780049FF39CF370B4B0C09990108080B001A4A
:106D8800010800781F3C0ADA50890008BAFA09D0CD
:106D980089990108FF1A0108040B6E4A19BF0F8967
:106DA8004C0BC63D010BCC3989890008FF1A021922
:106DB800320BC33D29890008FA8A030809CA39FF3A
:106DC800004F650C0008081A00080078023C37D00C
:106DD8005E0C010BCC3989890008FF1A0219320BA5
:106DE800C33D29890008FA8A030809CA39FF014FF7
:106DF8004E0C508909990108080B001A01080078FF
:106E08001F3C0ADA50890008BAFA09D089990108A2
:106E1800FF1A0108040B6E4A19BF0F894C0BC63DB7
:106E2800010BCC3989890008FF1A0219320BC33DBE
:106E380029890008FA8A030809CA39FF004F270C74
:106E48000008081A00080078023C37D0200C010B13
:106E5800CC3989890008FF1A0219320BC33D2989E8
:106E68000008FA8A030809CA39FF014F100C0050BC
:106E7800010BCC3989890008FF1A0219320BC33D6E
:106E880029890008FA8A030809CA39FF004F003E19
:106E9800320B9F0C898D998D032BA4090008FF1ACA
:106EA8001019320BC33D2989080809CA002B5299C9
:106EB80099890008401A000800780D3C8989000863
:106EC800FA8ABF0BFF1A014A09FF034F67D2020B68
:106ED8000909640BC33D99890008801A00080078E5
:106EE8000D3C89890008FA8ABF0BFF1A014A09FF7D
:106EF800034F77D2020B0809640BC33D9989000838
:106F0800041A00080078380B6C3C27D289890008DD
:106F18000C4A09BF800B136D300BBB3D6EB90308DB
:106F2800FF1A89890008FA8ABF0BFF1A054A09FF68
:106F3800800B196D300BBB3D5EC989890008FA8A40
:106F4800BF0BFF1A09FF800B196D300BBB3D5E8923
:106F58000619320BC33D2989040809CA0408044AE2
:106F68000408FA8ABF0BFF1A49FF800B196D300B12
:106F7800BB3D5E890008015A030809F8087C898925
:106F88000008FA8ABF0BFF1A014A09FF044F62B9C9
:106F9800030889890008FA8ABF0BFF1A054A09FF06
:106FA800800B196D300BBB3D5EC989890008FA8AD0
:106FB800BF0BFF1A09FF800B196D300BBB3D5E89B3
:106FC8000619320BC33D2989040809CA0408024A74
:106FD8000408FA8ABF0BFF1A49FF800B196D300BA2
:106FE800BB3D5E99898900080C4A09BF800B136D67
:106FF800300BBB3D6E890008FF1A010809CA19BF8A
:10700800398F898900080C4A09BF800B136D300B32
:10701800BB3D6E990108014A898900080C4A09BFDD
:10702800198F89890008FA8ABF0BFF1A044A09FFD9
:10703800800B196D300BBB3D5E990108014A8989A7
:107048000008FA8ABF0BFF1A044A09FF19CF898979
:1070580000080C4A09BF800B136D300BBB3D6EB99D
:107068000308FF1A89890008FA8ABF0BFF1A054A24
:1070780009FF800B196D300BBB3D5EC9898900087B
:10708800FA8ABF0BFF1A09FF800B196D300BBB3D45
:107098005E890619320BC33D2989040809CA040808
:1070A800044A0408FA8ABF0BFF1A49FF800B196DBE
:1070B800300BBB3D5E890008015A030809F8087CBB
:1070C800F7C242F7FE2C528900080ADAEAAAFB2C1A
:1070D80099890008021A000800783A0B203C17D258
:1070E80089890008FA8ABF0BFF1A054A09FF800B35
:1070F800196D300BBB3D5EB989890008FA8ABF0B50
:10710800FF1A09FF800B196D300BBB3D5E8906190C
:10711800320BC33D2989030809CA0308024A030838
:10712800FA8ABF0BFF1A39FF800B196D300BBB3D74
:107138005E99898900080C4A09BF800B136D300BD2
:10714800BB3D6E890008FF1A010809CA19BF800BE8
:10715800136D300BBB3D6E890008FF1A09E289895F
:1071680000080C4A09BF800B136D300BBB3D6E99AC
:107178000108014A898900080C4A09BF198F8989C1
:1071880000080C4A09BF800B136D300BBB3D6EB96C
:107198000308FF1A89890008FA8ABF0BFF1A054AF3
:1071A80009FF800B196D300BBB3D5EC9898900084A
:1071B800FA8ABF0BFF1A09FF800B196D300BBB3D14
:1071C8005E890619320BC33D2989040809CA0408D7
:1071D800044A0408FA8ABF0BFF1A49FF800B196D8D
:1071E800300BBB3D5E89030809F83A0B207C89897E
:1071F8000008FA8ABF0BFF1A09FF800B196D300BC4
:10720800BB3D5E990108014A89890008FA8ABF0BCB
:10721800FF1A09FF19CF89890008FA8ABF0BFF1ADC
:1072280009FF800B196D300BBB3D5E9989890008F9
:107238000D4A09BF800B136D300BBB3D6E890008EA
:10724800FF1A010809F80A7C89890008FA8ABF0B25
:10725800FF1A014A09FF024F3A0B200C89890008DE
:10726800FA8ABF0BFF1A054A09FF800B196D300B0C
:10727800BB3D5EB989890008FA8ABF0BFF1A09FF6E
:10728800800B196D300BBB3D5E890619320BC33D6F
:107298002989030809CA39BF800B136D300BBB3D20
:1072A8006E890008FF1A000803780A3C89890008DB
:1072B800FA8ABF0BFF1A014A09FF034F3A0B200C49
:1072C80089890008FA8ABF0BFF1A09FF800B196D1C
:1072D800300BBB3D5E990108014A89890008FA8A8A
:1072E800BF0BFF1A09FF19CF898900080C4A09BF8B
:1072F800000F89890008FA8ABF0BFF1A054A09FF9F
:10730800800B196D300BBB3D5EB989890008FA8A7C
:10731800BF0BFF1A09FF800B196D300BBB3D5E894F
:107328000619320BC33D2989030809CA39BF800BE6
:10733800136D300BBB3D6E890008FF1A00080178F9
:10734800027CA7C2010C27C2002B0032E7C242E729
:10735800FE2C528900080ADAEAAAFB2C34628989D1
:107368000008FA8ABF0BFF1A054A09FF800B196D3E
:10737800300BBB3D5EB989890008FA8ABF0BFF1A3A
:1073880009FF800B196D300BBB3D5E890619320B66
:10739800C33D2989030809CA0308044A0308FA8A6D
:1073A800BF0BFF1A39FF800B196D300BBB3D5E898F
:1073B8000008025A416C89890008FA8ABF0BFF1A33
:1073C800054A09FF800B196D300BBB3D5EB98989F1
:1073D8000008FA8ABF0BFF1A09FF800B196D300BE2
:1073E800BB3D5E890619320BC33D2989030809CACA
:1073F80039BF800B136D300BBB3D6E890008FF1A37
:1074080000080178197C52970F2C52F7FC6C898977
:107418000008FA8ABF0BFF1A014A09FF034F77D207
:10742800020B0809640BC33DF7C242F7FE2C5289D0
:1074380000080ADAEAAAFB2C0908C61A0908007823
:10744800087C89890008FA8ABF0BFF1A014A09FFDC
:10745800034F89890008FA8ABF0BFF1A014A09FFFE
:10746800800B196D300BBB3D5E89000802780F3C1C
:1074780089890008FA8ABF0BFF1A014A09FF800BA5
:10748800196D300BBB3D5E8900080378287CF7C274
:1074980042F7FE2C528900080ADAEAAAFB2C8989ED
:1074A8000008FA8ABF0BFF1A014A09FF800B196D01
:1074B800300BBB3D5E8900080278097C8989000889
:1074C800FA8ABF0BFF1A014A09FF044F080C898981
:1074D8000008FA8ABF0BFF1A014A09FF054F89897C
:1074E8000008FA8ABF0BFF1A014A09FF800B196DC1
:1074F800300BBB3D5E890008045A4B2C002B003230
:1075080089890008FA8ABF0BFF1A044A09FF800B11
:10751800196D300BBB3D5E8900080078177C89899E
:107528000008FA8ABF0BFF1A074A09FF800B196D7A
:10753800300BBB3D5E8900080078083C898900084B
:10754800FA8ABF0BFF1A014A09FF004F8989000810
:10755800FA8ABF0BFF1A074A09FF800B196D300B17
:10756800BB3D5E8900080078143C89890008FA8AC6
:10757800BF0BFF1A074A09FF800B196D300BBB3D83
:107588005E8909BD0808FA8ABF0BFF1A014A89FFFC
:10759800004F003E320B9D0C3B0B761907095C0B24
:1075A8009F3D3B0B7D1908095C0B9F3D3B0B8419E4
:1075B80006095C0B9F3D012900190209320BE33DC6
:1075C8000D8C898D002B58890808FF1A07D80C09DB
:1075D800640BC33D040B753F0FB939890008014A94
:1075E800040B753F098F042929C9E30B3259040B91
:1075F800743F0F890008FF1A1419320BC33D2989FB
:10760800050809CA0308FF1A050839CA59BF800BBB
:10761800136D300BBB3D6E990108FF1A49A900098B
:10762800320BE33D080889D8003E320B9F0C898D48
:10763800002B58890808FF1A07D80509640BC33DB1
:10764800002968190009320BE33D0229681901096C
:10765800320BE33D080889D8003E320B9F0C408965
:107668000008800B002A09C041890008800B002A05
:1076780009C142890008800B002A09C207C007C156
:1076880007C20D8C09B9030BA84939890008FF1AEC
:107698001019320BC33D2989040809CA0408FA8A5B
:1076A800BF0BFF1A49FF800B196D300BBB3D5E897C
:1076B800000800780B3C0178053C02780B3C047804
:1076C8000D3C0D8C3989370B4E3D0D8C3989340BA7
:1076D800D53D0D8C3989330B3E3D0D8C3989340BE2
:1076E800373D0D8C050B0409640BC33D0009CA3DE9
:1076F8000D8C050B0509640BC33D0109C33D0D8CB9
:10770800050B0509640BC33D0209BC3D0D8C000B3C
:10771800517F4F89000800783D0B5E3C040B583FB1
:107728000F990108FF1A184E632B313F8F89000803
:10773800FF1A0008800B003A0108800B003A09DAAA
:107748003C0BD36CE10B88390308024A040B583F01
:107758000F890008FF1A0619320BC33D298903084F
:1077680009CA39BF800B136D300BBB3D6E89000809
:10777800FF1A0008FE781C7C001919B9E10B88492A
:107788000408034A040B583F0F890008FF1A06191A
:10779800320BC33D2989040809CA49BF800B136D00
:1077A800300BBB3D6E8939994F0B233D3C0BCB0CFD
:1077B800E10B88390308024A040B583F0F89000877
:1077C800FF1A0619320BC33D2989030809CA39BFB4
:1077D800800B136D300BBB3D6E890008FF1A000843
:1077E800FC78367C011919B9E10B88490408034A69
:1077F800040B583F0F890008FF1A0619320BC33DC6
:107808002989040809CA49BF800B136D300BBB3D99
:107818006E8939994F0B233D091919B9E10B88492C
:107828000408034A040B583F0F890008FF1A061979
:10783800320BC33D2989040809CA49BF800B136D5F
:10784800300BBB3D6E8939994F0B233D3C0BCB0C5C
:10785800E10B88390308024A040B583F0F890008D6
:10786800FF1A0619320BC33D2989030809CA39BF13
:10787800800B136D300BBB3D6E890008FF1A0008A2
:10788800FD783C0BCB3CE10B88390308024A040B1A
:10789800583F0F890008FF1A0619320BC33D298982
:1078A800030809CA39BF800B136D300BBB3D6E89C5
:1078B8000008FF1A0008FB781C7C55B9E10B8849C1
:1078C8000408034A040B583F0F890008FF1A0619D9
:1078D800320BC33D2989040809CA49BF800B136DBF
:1078E800300BBB3D6E890008FF1A030809AA39D579
:1078F8004E0CE10B88390308024A040B583F0F89E4
:107908000008FF1A0619320BC33D2989030809CA62
:1079180039BF800B136D300BBB3D6E895E0B2E3D5E
:1079280009B90308FF1AE10B88490408034A040B44
:10793800583F0F890008FF1A0619320BC33D2989E1
:10794800040809CA49BF800B136D300BBB3D6E8913
:107958000008FF1A030809AA3999010819B9E10BA7
:1079680088490408024A040B583F0F890008FF1A87
:107978000619320BC33D2989040809CA49BF800B7F
:10798800136D300BBB3D6E8939995E0B653D040B59
:10799800583F0F890008014A040B583F098F040B10
:1079A800583F0F990108FF1A184E632B313F8F89F2
:1079B8000008FF1A0008800B003A0108800B003A03
:1079C80009DA626C040B583F0F890008FF1A061980
:1079D800320BC33D29890008610B884AFA8A584E40
:1079E800002B09BF8FB9E10B88490408065A040B1C
:1079F800583F0F890008FF1A0619320BC33D298921
:107A0800040809CA0408FA8ABF0BFF1A49FF800B49
:107A1800196D300BBB3D5E89030809F83B0B923C9E
:107A2800040B583F0F890008FF1A0619320BC33D93
:107A380029890008610B884AFA8A584E002B09BF29
:107A48008FB9E10B88490408065A040B583F0F897F
:107A58000008FF1A0619320BC33D2989040809CA10
:107A68000408FA8ABF0BFF1A49FF800B196D300B07
:107A7800BB3D5E89030809DA03080C5A39A90039A5
:107A88000909470BF33D0D8C184E632B313F8F8945
:107A98000008FF1A0008015A0008040B583F098F14
:107AA8000409650B083D00290019540B7E095A0B7F
:107AB800523D0D8C040B583F0F990108FF1A184EC0
:107AC800632B313F8F890008FF1A0008800B003AAA
:107AD8000108800B003A09DA3F0B006CE10B88398A
:107AE8000308024A040B583F0F890008FF1A0619B9
:107AF800320BC33D2989030809CA39BF800B136DAE
:107B0800300BBB3D6E890008FF1A0008FE781C7C0C
:107B1800011919B9E10B88490408034A040B583FB5
:107B28000F890008FF1A0619320BC33D298904087A
:107B380009CA49BF800B136D300BBB3D6E8939995B
:107B48004F0B233D3E0BF80CE10B88390308024A22
:107B5800040B583F0F890008FF1A0619320BC33D62
:107B68002989030809CA39BF800B136D300BBB3D47
:107B78006E890008FF1A0008FC781C7C011919B9E5
:107B8800E10B88490408034A040B583F0F89000891
:107B9800FF1A0619320BC33D2989040809CA49BFCF
:107BA800800B136D300BBB3D6E8939994F0B233D0C
:107BB8003E0BF80CE10B88390308024A040B583FC6
:107BC8000F890008FF1A0619320BC33D29890308DB
:107BD80009CA39BF800B136D300BBB3D6E89000895
:107BE800FF1A0008FD783E0BF83CE10B88390308C2
:107BF800024A040B583F0F890008FF1A0619320B76
:107C0800C33D2989030809CA39BF800B136D300B9E
:107C1800BB3D6E890008FF1A0008FB781F7C55B928
:107C2800E10B88490408034A040B583F0F890008F0
:107C3800FF1A0619320BC33D2989040809CA49BF2E
:107C4800800B136D300BBB3D6E890008FF1A0008CE
:107C58001A8A0308099A39D53E0BF80CE10B8839C2
:107C68000308044A040B583F0F890008FF1A061935
:107C7800320BC33D2989030809CA39BF800B136D2C
:107C8800300BBB3D6E890008FF1A0008011A000876
:107C980000785A3C010B677F4F890008021A0008D8
:107CA80000783E0BF83CE10B88390308024A040BC4
:107CB800583F0F890008FF1A0619320BC33D29895E
:107CC800030809CA39BF800B136D300BBB3D6E89A1
:107CD8005E0B2E3D09B90308FF1AE10B8849040819
:107CE800034A040B583F0F890008FF1A0619320B84
:107CF800C33D2989040809CA49BF800B136D300B9D
:107D0800BB3D6E890008FF1A00081A8A0308099A01
:107D18003999010819B9E10B88490408024A040B8A
:107D2800583F0F890008FF1A0619320BC33D2989ED
:107D3800040809CA49BF800B136D300BBB3D6E891F
:107D480039995E0B653D500CE10B88390308024AEE
:107D5800040B583F0F890008FF1A0619320BC33D60
:107D68002989030809CA39BF800B136D300BBB3D45
:107D78006E895E0B2E3D09B90308FF1AE10B88498D
:107D88000408034A040B583F0F890008FF1A061914
:107D9800320BC33D2989040809CA49BF800B136DFA
:107DA800300BBB3D6E890008FF1A00081A8A0308C9
:107DB800099A3999010819B9E10B88490408024A56
:107DC800040B583F0F890008FF1A0619320BC33DF0
:107DD8002989040809CA49BF800B136D300BBB3DC4
:107DE8006E8939995E0B653D040B583F0F89000871
:107DF800015A040B583F098F040B583F0F9901088B
:107E0800FF1A184E632B313F8F890008FF1A0008AC
:107E1800800B003A0108800B003A09DA626C040B07
:107E2800583F0F890008FF1A0619320BC33D2989EC
:107E38000008610B884AFA8A584E002B09BF8FB98F
:107E4800E10B88490408064A040B583F0F890008CB
:107E5800FF1A0619320BC33D2989040809CA040808
:107E6800FA8ABF0BFF1A49FF800B196D300BBB3D17
:107E78005E89030809F83D0B5E3CE10B883903086D
:107E8800064A040B583F0F890008FF1A0619320BDF
:107E9800C33D2989030809CA0308FA8ABF0BFF1AD8
:107EA80039FF800B196D300BBB3D5EB9040B583F91
:107EB8000F890008FF1A0619320BC33D29890008EB
:107EC800610B884AFA8A584E002B09BF8F9903081C
:107ED80019DA03080C5A39A900390909470BF33D87
:107EE8000D8C040B583F000F0509650B083D002950
:107EF8000019540B7E095A0B523D0D8C000D898DCB
:107F0800998D0008021A000800785B3C002B87094D
:107F18000F0C89895E0B2E3D09990108FF1A01088B
:107F2800FF0B3F1A010889895E0B653D0808014A65
:107F380089890008FF1A0008800B003A800BA85AAC
:107F4800400B7F6C89890008FF1A0008094C8C5A7D
:107F5800072C89890008FF1A0008E84C905AE62C7B
:107F680089890008FF1A0008A078E03C8989000880
:107F7800FF1A0008800B003A800B8C5A0E6C898916
:107F88005E0B2E3D09990108FF1A0108FF0BCF1A55
:107F9800010889895E0B653DC90C89890008FF1AAB
:107FA8000008A778B67C89895E0B2E3D09990108DF
:107FB800FF1A0108FF0BDF1A010889895E0B653D6E
:107FC800B50C1D8900082A8A044AE30B1019184EBB
:107FD80009A909BF19FE027D320B2C3D002B02199D
:107FE800002B87090F0C89895E0B2E3D0999010822
:107FF800FF1A0108FF0B3F1A010889895E0B653DCE
:108008000808014A89890008FF1A0008800B003A0D
:10801800800BA85A706C89890008FF1A0008094C5F
:108028008C5A072C89890008FF1A0008E94C905AD5
:10803800E72C0019020C0108014A19A90208FF1AC5
:1080480099890008FF1A0008800B003A0208800B83
:10805800003A09DA176C89A90208FF1A1DB9030842
:108068002A8A044A19890008FF1A030809CA39BF6D
:10807800800B136D300BBB3D6E890008FF1A020898
:1080880009F8D97C0108FF1A99890008FF1A010824
:1080980009F8B67C89890008FF1A0008A078B03C66
:1080A80089890008FF1A0008800B003A800B8C5A57
:1080B8000E6C89895E0B2E3D09990108FF1A01088B
:1080C800FF0BCF1A010889895E0B653D990C8989D8
:1080D8000008FF1A0008A778867C89895E0B2E3D68
:1080E80009990108FF1A0108FF0BDF1A010889899D
:1080F8005E0B653D850C013E320B9D0C000B517FDC
:1081080019CF00093B0B8B3D0D8C000D00293B0B53
:108118008B190909620B0D3D010B677F004F071989
:1081280031095E0B653D051932095E0B653D550B3E
:108138005B3D013E320BA10C898D998DA98D002BD9
:108148000989002B001989890008041A0008007899
:10815800023C0109010C00090008FF1A0008007818
:10816800203C002BCA29060C0019A9895E0B653D25
:108178000A08014AA9890008FF1A0008F54CD05AD4
:10818800F32C002BE029060C0019A9895E0B653D2C
:108198000A08014AA9890008FF1A0008F54CF15A93
:1081A800F32C0C190D095E0B653D37190B095E0B95
:1081B800653D0F1910095E0B653D191911095E0B14
:1081C800653D13095E0B2E3D09990108FF1A010848
:1081D800602A010813095E0B653D0D095E0B2E3DF3
:1081E80009990108FF1A0108FF0BF31A01080D0984
:1081F8005E0B653D002B0019002B8029110C998915
:108208000008FF1A0008630B144A184E002B09BF18
:108218008F99A9895E0B653D0908014A0A08014A38
:10822800A9890008FF1A0008EA4C855AE82C002B97
:108238000019002B9029110C99890008FF1A0008D1
:10824800630B194A184E002B09BF8F99A9895E0B39
:10825800653D0908014A0A08014AA9890008FF1A68
:108268000008EA4CA85AE82C0808201A08080078E0
:10827800347CFF1976095E0B653DFF1978095E0BA2
:10828800653DFF1901095E0B653DFF1929095E0B64
:10829800653DFF192C095E0B653D001958095E0BF9
:1082A800653D001959095E0B653D001971095E0BA2
:1082B800653DFF198E095E0B653DFF19C7095E0B09
:1082C800653DFE19C8095E0B653DFF19C9095E0BBE
:1082D800653DFF19D2095E0B653D003E320B9B0CD4
:1082E800898D002B098989890008101A00080078EF
:1082F800033C650B2F3D1B0C001905094F0B233D53
:10830800640B583D0808041A08080078043C011951
:1083180020094F0B233D021918094F0B233D021961
:108328001F094F0B233D02191D094F0B233D003E2A
:10833800320B9F0C010B667F4F890D8C010B677FF9
:108348004F890D8C000D898D998D002B0999002B73
:108358001989010B657F4F8900080078420B927CD0
:1083680089890008201A00080078117C010B657FB4
:10837800014F550B523D020B1C7F4F8900080078B6
:10838800023C650B273D3B0B333D8989A93D898913
:108398000008011A00080078057C650B2D3D9989B5
:1083A800550B6D3D010B667F99CF010B677F89CF18
:1083B80089890008201A00080078420B8E3C1D8924
:1083C80000082A8A044AE30B1219184E09A909BFA2
:1083D80019FE027D320B2C3D002B0219020B1C7F6B
:1083E8004F8900080078043C650B2C3D650B263D41
:1083F8008989400BA03D002B87090F0C89895E0BEA
:108408002E3D09990108FF1A0108FF0B3F1A0108C0
:1084180089895E0B653D0808014A89890008FF1AA9
:108428000008800B003A800BA85A706C89890008F4
:10843800FF1A0008094C8C5A072C89890008FF1A72
:108448000008E94C905AE72C0019020C0108014A6F
:1084580019A90208FF1A99890008FF1A0008800B59
:10846800003A0208800B003A09DA176C89A9020859
:10847800FF1A1DB903082A8A044A19890008FF1A35
:10848800030809CA39BF800B136D300BBB3D6E89D9
:108498000008FF1A020809F8D97C0108FF1A99890F
:1084A8000008FF1A010809F8B67C89890008FF1A34
:1084B8000008A078B03C89890008FF1A0008800BE2
:1084C800003A800B8C5A0E6C89895E0B2E3D0999F7
:1084D8000108FF1A0108FF0BCF1A010889895E0BF2
:1084E800653D990C89890008FF1A0008A778867CE1
:1084F80089895E0B2E3D09990108FF1A0108FF0BB7
:10850800DF1A010889895E0B653D850C010B657FC3
:10851800004F040C0019FF09400B823D013E320B4D
:108528009D0C02190F094F0B233D1009410B743D97
:108538000D8C88F7026C01090D8C00090D8C620BFB
:10854800E249640B06395B0B3929630BCD1906091F
:10855800580B993D9009640BC33D584E312B113F80
:108568008F890008FA8ABF0BFF1A084A09FF800B97
:10857800196D300BBB3D5EA9584E312B113F8F89C9
:108588000008FA8ABF0BFF1A074A09FF800B196D0A
:10859800300BBB3D5E99584E312B123F8F894F3DB2
:1085A800020B1C7F09CF020B1C7F4F890008007843
:1085B800453C584E312B113F8F890008FA8ABF0B72
:1085C800FF1A024A09FF800B196D300BBB3D5E890B
:1085D800584E312B123F8F990108FA8ABF0BFF1AA8
:1085E800024A19FF800B196D300BBB3D5E990008DC
:1085F80019F8217C584E312B113F8F890008FA8ACF
:10860800BF0BFF1A034A09FF800B196D300BBB3DE6
:108618005E89584E312B123F8F990108FA8ABF0B99
:10862800FF1A034A19FF800B196D300BBB3D5E9989
:10863800000819F8033C020B1C7F004F0D8C898D34
:10864800002B198909990108FA8ABF0BFF1A014AF8
:1086580019FF800B196D300BBB3D5E990108A50B06
:108668009678023C00095A0C09990108FA8ABF0B4E
:10867800FF1A084A19FF800B196D300BBB3D5E9934
:10868800010889F8023C0009490C09990108FA8A8D
:10869800BF0BFF1A074A19FF800B196D300BBB3D42
:1086A8005E99010829F8023C0009380C099901086B
:1086B800FA8ABF0BFF1A054A19FF800B196D300B98
:1086C800BB3D5E9909A90208FA8ABF0BFF1A044A42
:1086D80029FF800B196D300BBB3D5EA9010829DA13
:1086E8000108014A19A90208700B015A022C000955
:1086F800150C0108045A0008FA8ABF0BFF1A044A2D
:1087080009FF800B196D300BBB3D5E89630B883DFB
:10871800000889F8023C0009010C0109003E320BEF
:108728009F0C898D998D002B0989002B199998091F
:10873800640BC33D8999FF0BFC09310BFA3D9999EC
:10874800FF0BFE09310BFA3D003E320B9D0C898D63
:10875800998D000B527F4F890008095A450BEF6C21
:10876800310B544A584E002B09BF8FDE5E8C91099D
:10877800640BC33D020B1B7F002B4F890808AA8A94
:108788000808900B004A002B00191C0C000BA63996
:108798000308FA8ABF0BFF1A02199989320BC33DE5
:1087A80029890008FA8A030809CA39FF800B196D5C
:1087B800300BBB3D5E998989000899CA310BFA3D97
:1087C8000908014A040B7D3F0F990108FF1A0108A7
:1087D800FA8A9989000819DAD92C020B1B7F4F995C
:1087E800040B7D3F0F890008FF1A010809CA020B14
:1087F8001B7F19CF450BF20C9209640BC33D020B8A
:108808001B7F004F020B1C7F4F8900080078073C34
:10881800650B273D650B2B3D020B1C7F004F000BA2
:10882800A63F0F990108FF1A01086A8A6A8A000B95
:10883800A73F0F890008FF1A010809CA0108FA8A28
:10884800020B1A7F19CF020B1A7F4F890008700B91
:10885800015A052C000BE83F030F450BF20C902B37
:10886800000989890008700B005A450BF26C899938
:108878009A09640BCA3D89890008AA8A320B203DEF
:108888000808020B004AED0C000BA63F002B0F99BD
:108898000908FF1A09086A8A6A8A000BA73F0F8924
:1088A8000008FF1A090809CA000BA83F002B0F8906
:1088B8000808FF1A08086A8A6A8A000BA93F0F8904
:1088C8000008FF1A080809CA9309640BC33D89A95F
:1088D8009999B00B0009584E312B113F8FB90008F8
:1088E80039DA430B233D00080078057C000BE83F8C
:1088F800040F450BF20C99990109430B953D051995
:10890800390BA009410BA63D450BF20C000BA63F05
:10891800002B0F990908FF1A09086A8A6A8A000B4E
:10892800A73F0F890008FF1A090809CA000BA83FCA
:10893800002B0F890808FF1A08086A8A6A8A000B40
:10894800A93F0F890008FF1A080809CA9409640B8F
:10895800C33D584E312B113F8F890008FA8ABF0B4F
:10896800FF1A084A09FF800B196D300BBB3D5E8961
:10897800090809F8127C584E312B113F8F890008DD
:10898800FA8ABF0BFF1A074A09FF800B196D300BD3
:10899800BB3D5E89080809F8053C000BE83F060F57
:1089A800450BF20C020B1C7F4F8900080078243C11
:1089B800584E312B123F8F890008FA8ABF0BFF1AD5
:1089C800074A09FF800B196D300BBB3D5E8909080A
:1089D80009F8127C584E312B123F8F890008FA8A09
:1089E800BF0BFF1A084A09FF800B196D300BBB3DFE
:1089F8005E89080809F8053C000BE83F070F450B9E
:108A0800F20C000BE83F000F450BF20C9509640BC4
:108A1800C33D020B1B7F002B4F890808900B004AAF
:108A2800002B0019180C000BA6099999000819CAFF
:108A38000008FA8ABF0BFF1A09FF800B196D300B6B
:108A4800BB3D5E998989000899CA0008AA8A310B3A
:108A5800FA3D0908024A040B7D3F0F990108FF1AE5
:108A68009989000819DADF2C020B1B7F4F99040B38
:108A78007D3F0F890008FF1A010809CA020B1B7FF6
:108A880019CF450BF20C9609640BC33D020B1C7FF2
:108A98004F8900080078053C650B273D020B1C7FB9
:108AA800004F000BA63F0F990108FF1A01086A8AB8
:108AB8006A8A000BA73F0F890008FF1A010809CA34
:108AC8000108FA8A020B1A7F19CF900B0009584E39
:108AD800312B123F8F99000819DA020B1A7F4F9930
:108AE800000819DA046C000BE83F030F770C902B91
:108AF800000989890008700B005A706C89999A09D5
:108B0800640BCA3D8989320B203D0808020B004AD4
:108B1800F00C9709640BC33D584E312B113F8F89D8
:108B28000008FA8ABF0BFF1A084A09FF800B196D63
:108B3800300BBB3D5EA9584E312B113F8F89000881
:108B4800FA8ABF0BFF1A074A09FF800B196D300B11
:108B5800BB3D5E99584E312B123F8F89430B233D05
:108B680000080078047C000BE83F040F370C020B68
:108B78001C7F014F584E312B123F8F890008FA8A0B
:108B8800BF0BFF1A09FF800B196D300BBB3D5E89C7
:108B980009BD240C000BA63F0F890008FF1A000826
:108BA800DE780C7C000BA73F0F890008FF1A00082D
:108BB800AD78047C000BE83F080F100C000BE83F71
:108BC800010F0C0C420B9D3D00080078077C000B40
:108BD800E83F010F030C000BE83F080F000BE83FCC
:108BE8000F890008FF1A00080578037C000BE83F8E
:108BF800000F003E320B9D0C040809DA050819FA2B
:108C0800020809DA030819FA040829DA050839FA02
:108C1800022C0109010C00090008FF1A0D8C02083A
:108C280009DA030819FA040809DA050819FA020822
:108C380049DA030859FA026C0109010C0009000815
:108C4800FF1A0D8C09A919B90208005A0308017AFC
:108C5800062CFF0BF01900095B0BE33D0D8C0999FD
:108C680000095B0BE33D0D8C0D8C898D998DA98DC9
:108C7800B98D002B0999002B29A9002B39B9000BB4
:108C8800753999990108040B464A19BF0F890008DC
:108C9800FF1A0219320BC33D29890008FA8A030812
:108CA80009CA39FF004F000BC07F4F890008015ADD
:108CB800090809F80A7C000BC07F4F890008015A8F
:108CC800000BC07F09CF470B600C000BC07F4F899A
:108CD8000008015A000BC07F09CF0008040B464A60
:108CE80009BF0F99040B460999A9000829CA09BFA9
:108CF800198F000BC07F4F890008025A470B602C60
:108D08000A08005A0B08800B007A002B998908087A
:108D1800014A08082A8A000BC07F4F89000889DAAF
:108D2800470B602C000BC07F4F89080809F8323CBC
:108D380089990108040B464A19BF0F890008FF1AD0
:108D48000419320BC33D29890008010B084AFA8A25
:108D580009FF5FC96FD9040B45098999000819CA29
:108D680009BF800B136D300BBB3D6E890008FF1ADD
:108D78000419320BC33D29890008010B084AFA8AF5
:108D880009FF5FA96FB9A989B999460B133D000876
:108D980000783D3C0808015A3A0C000BC07F4F8907
:108DA800080809F8323C89990108040B464A19BF9A
:108DB8000F890008FF1A0419320BC33D29890008DE
:108DC800010B084AFA8A09FF5FC96FD9040B4509E4
:108DD8008999000819CA09BF800B136D300BBB3D78
:108DE8006E890008FF1A0419320BC33D298900084F
:108DF800010B084AFA8A09FF5FA96FB9A989B999CD
:108E0800460B133D00080078023C0808015A99995E
:108E18000108040B464A19BF0F890008FF1A0419F4
:108E2800320BC33D29890008010B084AFA8A09FF59
:108E38005FC96FD989990108040B464A19BF0F8980
:108E48000008FF1A0419320BC33D29890008010BD9
:108E5800084AFA8A09FF5FA96FB9A989B999460B27
:108E6800133D00080078283C99990108040B464AEC
:108E780019BF0F8989990108040B464A19BF0FA920
:108E8800040B4619010899CA19BF298F040B461902
:108E980089A9010829CA19BF098F002B8999002BB4
:108EA80099890808014A08082A8A000BC07F4F8957
:108EB800000889DA460BD16C003E320B990C898D7B
:108EC800998DA98D5B0BAC3D002B0989002B199955
:108ED800350C040B463F0F990108FF1A030B0009D4
:108EE800640BCA3D040B463F002B0FA989A999B909
:108EF8000009460B393DA9890008FF1A0219320BEF
:108F0800C33D29990108010B624AFA8A19FF4F8962
:108F180009B9A9890008FF1A0219320BC33D29892A
:108F28000008010B444AFA8A09FF4F99398919BD8B
:108F38005B0BAC3D002B0989002B1999000BC07FF6
:108F48004F8900080078223C89C999D90408034A46
:108F58000508006A040B463F0F890008FF1A041928
:108F6800320BC33D29890008010B084AFA8A09FF18
:108F78005FA96FB9898999990008005A0108800B7F
:108F8800007A460B003D00080078A37C000BC07FE8
:108F98004F8900080078173C040B463F0F890008EA
:108FA800FF1A0419320BC33D29B90308010B084AFB
:108FB800FA8A39FF5F896F99000889DA010899FAF6
:108FC800460B263D090C000BC07F4F89000800782E
:108FD800037C0009630BE23D003E320B9B0C898D3C
:108FE800998DA98DB98DC98DD98DE98D002B0999D8
:108FF800002B29A9002B39B999890008FF1A000804
:10900800800B003A800B0F5A480BD86C002B58E99C
:109018000E08FF1A07D899990108FF1A030B0609C9
:10902800640BCA3D99890008FF1A0219320BC33D27
:1090380029890008000BEA4AFA8A09FF4F990108B2
:109048000078033C9989480BDB3D5B0BAC3D002B5A
:1090580009C9002B19D9A989B9990008055A010825
:10906800007A046C002B0529002B0039000BC07F07
:10907800002B4F89000BC07F4F890008014A000B65
:10908800C07F09CF040B46098999000819CA09BF8E
:10909800998FC989D9990008A9CA0108B9EA09C9E3
:1090A80019D9000B843999890008FF1A0419320B61
:1090B800C33D29890008FA8A030809CA39FF49CF3C
:1090C80059DF000B753999890008FF1A0219320B0C
:1090D800C33D29890008FA8A030809CA39FF014FE4
:1090E800080800785D3C002B89990908015A09088D
:1090F800AA8A080C002B9989002B89990908015A1A
:109108000908AA8A99990108040B464A19BF0F89C8
:109118000008FF1A0419320BC33D29890008010B06
:10912800084AFA8A09FF5FC96FD989990108040BAF
:10913800464A19BF0F890008FF1A0419320BC33DAC
:1091480029890008010B084AFA8A09FF5FA96FB943
:10915800C989D9990008005A0108800B007A460B82
:10916800133D000800781C3C89990108040B464A05
:1091780019BF0F8999990108040B464A19BF0FA90D
:10918800040B4619010889CA19BF298F040B46190F
:1091980099A9010829CA19BF098F09080078AA7C6A
:1091A800470B633D0E08E9D8003E320B930C898DBE
:1091B800998DA98DB98D09B939890008FF1A000858
:1091C800800B003A800B0F5A6A6C002B58990908DB
:1091D800FF1A07D839890008FF1A0219320BC33D54
:1091E80029890008000BEA4AFA8A09FF4F99010801
:1091F8000078533C002B0009020C0808014A3999F1
:109208000108FF1A89A90208040B464A29BF0F89D9
:109218000008FF1A010809F8073C000BC07F4F99A6
:109228008989000819DAE92C899901086A8A6A8A01
:109238000308FF1A010839AA030B0409640BCA3D85
:109248005B0BAC3D002B09A9002B19B9A9A9B9B929
:109258008989460B393D470B633D000BC07F4F8919
:1092680000080078173C040B463F0F890008FF1AD6
:109278000419320BC33D29B90308010B084AFA8ABD
:1092880039FF5F896F990008A9DA0108B9FA460B16
:10929800263D030C0009630BE23D090899D8003EFE
:1092A800320B990C0019060C0008FF1A0008AA8A4C
:1092B8000108014A09A90208FF1A02080078F47C8B
:1092C80019890008FF1A0008015A00080008FF1A47
:1092D8000D8C09A90208FF1A0208040B764A29BF57
:1092E8000F990108FF1A09A90208FF1A0208040BBE
:1092F800784A29BF0FB90308FF1A0108399A0108EB
:109308000008FF1A00080078033C0178053C0D8C22
:1093180078095E0B653D0D8C76095E0B653D0D8CFD
:10932800040B7C3F0F890008FF1A0008FF0BFD1A89
:109338000008040B7C3F098F0009CB3D0109C93D9A
:109348000D8C898D998DA98DB98DC98D002B1989A1
:10935800002B2999002B00295E0B2E3D002B09B903
:10936800B9890008FF1A000800784A0B873CB999A8
:109378000108FF1A6009640BCA3DB9890008FF1A81
:109388000008401A00080078033C00095E0B2E3DD7
:10939800002B00494A0B780CB9890008FF1A0119FB
:1093A8000C08FF1A041CC9ED01082A8AFE4D0008A2
:1093B800199A000800784A0B763C99890008FF1A28
:1093C8000008040B764A09BF0F990108FF1A010823
:1093D8001A8A01090C08FF1A041CC9ED00082A8A18
:1093E800FE4D0108099A01080078433C010BEA394F
:1093F80089890008FF1A1019320BC33D2989000812
:10940800FA8A030809CAC9890008FF1A0219320B27
:10941800C33D29890008FA8A030809CA39FF800B65
:10942800196D300BBB3D5E8900080078223C61094C
:10943800640BC33D010BEA3989890008FF1A10192A
:10944800320BC33D29890008FA8A030809CAC98969
:109458000008FF1A0219320BC33D29890008FA8A4D
:10946800030809CA39FF800B196D300BBB3D5E89B3
:1094780009BD89990108FF1A0108040B7A4A19BF26
:109488000F890008FF1A01190C08FF1A041CC9EDFE
:1094980001082A8AFE4D000819AA0008040B7A2937
:1094A80089990108FF1A020819CA29BF098F9989E1
:1094B8000008FF1A0008040B784A09BF0F99010831
:1094C800FF1A01081A8A01090C08FF1A041CC9EDC1
:1094D80000082A8AFE4D0108099A01080078023C12
:1094E800002B01290C08014AC9890008FF1A000845
:1094F800490BD04C085A490BD02C0A080078033C79
:1095080001094C0B893D003E320B970C028900087B
:10951800FF1A0008041A00080078053C01290119FF
:109528007709490BA53D0D8C02890008FF1A000830
:10953800081A00080078053C002900197909490B28
:10954800A53D0D8C040B783FFF0F040B793FFD0FF1
:10955800040B763FFF0F040B773FFD0FFF197809C7
:109568005E0B653DFD1976095E0B653D0019C60960
:109578005E0B653D040B7A3F000F040B7B3F000F29
:1095880000095E0B2E3D28095E0B2E3D2B095E0B54
:109598002E3D5E095E0B2E3D5F095E0B2E3D600978
:1095A8005E0B2E3D61095E0B2E3D74095E0B2E3D50
:1095B80075095E0B2E3D8D095E0B2E3DBE095E0BB7
:1095C8002E3DBF095E0B2E3DC0095E0B2E3DC10925
:1095D8005E0B2E3DC2095E0B2E3DC3095E0B2E3D70
:1095E800D1095E0B2E3DD9095E0B2E3D0039200CAA
:1095F800010BEA4939890008FF1A0219320BC33DE9
:1096080029890008FA8A040809CA49FF004F010B92
:10961800F24939890008FF1A0219320BC33D29891A
:109628000008FA8A040809CA49FF004F0308014ADA
:1096380039890008FF1A0008DB4C085AD92C4A0B54
:109648008A1903095C0B9F3D4A0B98190D095C0B9D
:109658009F3D03020D8C898D002B58890808FF1A3D
:1096680007D8040B783FFF0F040B793FFD0F000963
:10967800490B943D080889D8003E320B9F0C898D10
:1096880009B9002B58890808FF1A07D8E30B6E4957
:109698000408024A39890008FF1A0419320BC33D2D
:1096A8002989040809CA49BF800B136D300BBB3DDB
:1096B8006E890008FF1A0008040B764A09BF0FC913
:1096C8000408FF1AE30B6E590508034A3989000894
:1096D800FF1A0419320BC33D2989050809CA59BF65
:1096E800800B136D300BBB3D6E890008FF1A000814
:1096F8001A8A0408099A0408040B7659E30B6E6960
:109708000608024A39890008FF1A0419320BC33DBA
:109718002989060809CA69BF800B136D300BBB3D48
:109728006E890008FF1A050809CA59BF498FE30B5B
:109738006E490408024A39890008FF1A0419320BD5
:10974800C33D2989040809CA49BF800B136D300B32
:10975800BB3D6E89490B6D3D080889D8003E320B28
:109768009F0C898D09B9002B58890808FF1A07D85A
:10977800E30B6E490408024A39890008FF1A0419E4
:10978800320BC33D2989040809CA49BF800B136DF0
:10979800300BBB3D6E890008FF1A0008040B764A9F
:1097A80009BF0FC90408FF1AE30B6E590508034ADD
:1097B80039890008FF1A0419320BC33D29890508A5
:1097C80009CA59BF800B136D300BBB3D6E89000869
:1097D800FF1A040809AA0408040B7659E30B6E69FA
:1097E8000608024A39890008FF1A0419320BC33DDA
:1097F8002989060809CA69BF800B136D300BBB3D68
:109808006E890008FF1A050809CA59BF498FE30B7A
:109818006E490408024A39890008FF1A0419320BF4
:10982800C33D2989040809CA49BF800B136D300B51
:10983800BB3D6E89490B6D3D080889D8003E320B47
:109848009F0C898D998D002B0989002B199909087E
:1098580000783D3CE30B6E390308014A898900080A
:10986800FF1A0419320BC33D2989030809CA39BFF5
:10987800800B136D300BBB3D6E89490B563D09B902
:10988800010BEA4989890008FF1A0419320BC33D04
:1098980029990108630B6E4A184E002B19BF8F894E
:1098A8000008FF1A1019320BC33D29890008FA8AEB
:1098B800040809CA39890008FF1A0219320BC33D86
:1098C80029890008FA8A040809CA49FF99CF003E85
:1098D800320B9D0C040B5B3F0F990108FF1A040B18
:1098E8005A3F0F890008FF1A00081A8A0108099AC6
:1098F80001080078053C011905094F0B233D0D8C23
:10990800001905094F0B233D0D8C898D998D002B6E
:109918000999002B58890808FF1A07D8999901084E
:10992800FF1A8009640BCA3D040B5B3F0F890008CE
:10993800FF1A0908FF1A000899AA0008040B5B3FE0
:10994800098FC83D080889D8003E320B9D0C898DC7
:10995800002B58890808FF1A07D8040B5B3F0F999A
:109968000108FF1A0008FF1A00081A8A0108099A54
:109978000108040B5B3F198FAD3D080889D8003EEC
:10998800320B9F0C09B939890008FF1A0008800BAF
:10999800003A800B0E5A316C030B2E4939890008A6
:1099A800FF1A0819320BC33D2989040809CA04089B
:1099B800FA8ABF0BFF1A49FF800B196D300BBB3DAC
:1099C8005E8900080078163C030B2E493989000887
:1099D800FF1A0819320BC33D2989040809CA04086B
:1099E800FA8ABF0BFF1A49FF800B196D300BBB3D7C
:1099F8005E8909BD010B937F004F0D8C09D919C9E8
:109A0800003959890008FF1A0008064C0E5A042C20
:109A180039890008FF1A0D8C59890008FF1A08199E
:109A2800320BC33D29890008030B284AFA8A09FF2B
:109A38004F9901080078123C498909B959890008E9
:109A4800FF1A0819320BC33D29890008030B284A5D
:109A5800FA8A09FF4F99398919BD09B9010B937F12
:109A6800004F39890008FF1A0D8C09D919C929B97D
:109A780059890008FF1A0008800B003A800B0E5A1B
:109A8800376C030B2A6959890008FF1A0819320B29
:109A9800C33D2989060809CA0608FA8ABF0BFF1AB6
:109AA80069FF800B196D300BBB3D5E89000800789B
:109AB8001C3C3999498919B909C9030B2A6959897B
:109AC8000008FF1A0819320BC33D2989060809CA7C
:109AD8000608FA8ABF0BFF1A69FF800B196D300B55
:109AE800BB3D5EA94989399929BD010B937F004F78
:109AF8000D8C898D002B098989890008FF1A0008B7
:109B08002C5A4E0B846C310B4B4A584E002B09BF14
:109B18008FDE5E8C650B103D0008FF1A4E0B870C1C
:109B2800640B243D00083A8A00080008FF1A4E0B0F
:109B3800870C584E302BF73F8F8900080008FF1A12
:109B48004E0B870C584E302BF83F8F8900080008C1
:109B5800FF1A4E0B870C040B5A3F0F890008FF1A97
:109B68004E0B870C040B5B3F0F890008FF1A4E0B46
:109B7800870C020B1C7F4F8900080078073C650B97
:109B8800203D00080008FF1A4E0B870C0109000849
:109B9800FF1A4E0B870C020B1C7F4F8900080078B8
:109BA800043C040B5E09650B333D020B1C7F4F8997
:109BB80000080078103C040B4D090808FF1A00083B
:109BC80089CA09BF800B136D300BBB3D6E89000835
:109BD800FF1A4E0B870C00090008FF1A4E0B870C62
:109BE80000090008FF1A4E0B870C000BE63F0F898F
:109BF8000008FF1A4E0B870C000BE73F0F8900087F
:109C0800FF1A4E0B870C584E302BF73F8F890008F0
:109C18000008FF1A780C584E302BF83F8F8900083F
:109C28000008FF1A700C584E312B133F8FB98989E1
:109C38000008FF1A0008205A0819320BC33D298969
:109C480000080008FF1A041C09ED0308AA8AFE4D43
:109C5800398900080008FF1A560C184E622B283F55
:109C68008F890008FF1A4F0C584E302BF93F8F8907
:109C780000080008FF1A470C584E302BFA3F8F890E
:109C880000080008FF1A3F0C584E302BF73F8F8909
:109C980000080008FF1A370C584E302BF83F8F8900
:109CA80000080008FF1A2F0C584E312B113F8F89DE
:109CB8000008FA8ABF0BFF1A024A09FF800B196DC8
:109CC800300BBB3D5E8900080008FF1A1C0C584E7B
:109CD800312B113F8F890008FA8ABF0BFF1A034AFC
:109CE80009FF800B196D300BBB3D5E890008000829
:109CF800FF1A090C040B5D3F0F890008FF1A030CBB
:109D080000090008FF1A003E320B9F0C09A902083F
:109D1800FF1A02080378433C10781B3C1178283C52
:109D28001278263C1378243C1478223C1578203C81
:109D380016781E3C17781C3C1878233C1978053C8B
:109D48001B78333C2B78773C0D8C040B5C3F198FC8
:109D58000D8C020B1C7F4F890108FF1A0008199A05
:109D68000008011A00080078693C650B2B3D0D8C32
:109D7800040B55290008FF1A020809CA29BF198FC0
:109D88000D8C040B6D3F198F020B1C7F4F89000847
:109D98000078543C040B6609650B243D0D8C040BBC
:109DA8005A3F198F4C0B6E3D0D8C19890008FF1A0C
:109DB8000008011A00080078063C650B313D5889F7
:109DC80007D83ADAFE0C19890008FF1A0008021AA7
:109DD80000080078053CB00B0D09630B023D0D8CA3
:109DE80019890008FF1A0008081A00080078063CBC
:109DF8000E19DE0BE909410BA63D0D8C0108FF1A6F
:109E08000108201A01080078193C040B5D3F0F89EE
:109E18000008FF1A0008101A00080078063C2019EC
:109E2800910B9109410BA63D0D8C2419910B9109B9
:109E3800410BA63D0D8C040B5D3F198F0D8C000D59
:109E4800000D000D000D898D998DA98DB98DC98DD5
:109E5800D98DE98DF98D1DFE0A3E198E5899010894
:109E6800FF1A1DFE0B3E198E07D8002B01690999B0
:109E78000108FF1A0108071A01080108FF1A041C43
:109E880019ED0E082A8AFE4D0E080008FF1A000870
:109E9800EA8AFA8A00081DFE093E098E1DFE093E5F
:109EA8000E890008FF1A00080078073C0178163C64
:109EB80003781F3C0478473C6F0C002B00D980893D
:109EC8001DFE083E098E003B0089003B1099002BBF
:109ED800F0A9003B20B9002B70C95E0C002B01D9FA
:109EE80081891DFE083E098E003B0189003B1199BE
:109EF800530C54095E0B2E3D002B09D956095E0BF5
:109F08002E3D1DFE083E098E50095E0B2E3D002B8E
:109F1800098952095E0B2E3D002B099958095E0BE1
:109F28002E3D002B09A95C095E0B2E3D002B09B9BB
:109F38005E095E0B2E3D002B09C962095E0B2E3DA2
:109F4800002B09F9290C55095E0B2E3D002B09D968
:109F580057095E0B2E3D1DFE083E098E51095E0B0A
:109F68002E3D002B098953095E0B2E3D002B0999C4
:109F780059095E0B2E3D002B09A95D095E0B2E3D8C
:109F8800002B09B95F095E0B2E3D002B09C9630937
:109F98005E0B2E3D002B09F91DFE0A3E0E890008B6
:109FA800FF1A00080A5A500BBE6C310B1F4A584E54
:109FB800002B09BF8FDE5E8C0D08FF1AE9890008A7
:109FC800FF1A0D0809AA0D080808FF1AE9890008F0
:109FD800FF1A080809AA08080908FF1AE9890008E9
:109FE800FF1A00081A8A0908099A0908500BBE0CBA
:109FF8000D08FF1AE9890008FF1A00081A8A0D08D7
:10A00800099A0D080808FF1AE9890008FF1A0808C4
:10A0180009AA08080908FF1AE9890008FF1A0008B0
:10A028001A8A0908099A0908500BBE0C0808FF1A71
:10A03800E9890008FF1A00081A8A0808099A080816
:10A048000908FF1AE9890008FF1A00081A8A09088E
:10A05800099A0908500BBE0C0D08FF1AE989000877
:10A06800FF1A00081A8A0D08099A0D080808FF1A2D
:10A07800E9890008FF1A00081A8A0808099A0808D6
:10A088000908FF1AE9890008FF1A090809AA090836
:10A09800710C0D08FF1AE9890008FF1A0D0809AAB2
:10A0A8000D080808FF1AE9890008FF1A00081A8A2B
:10A0B8000808099A08080908FF1AE9890008FF1A18
:10A0C800090809AA0908560C0C08FF1AE9890008AA
:10A0D800FF1A00081A8A0C08099A0C080B08FF1ABC
:10A0E800E9890008FF1A00081A8A0B08099A0B0860
:10A0F8000A08FF1AE9890008FF1A0A0809AA0A08C3
:10A10800390C0C08FF1AE9890008FF1A00081A8A96
:10A118000C08099A0C080B08FF1AE9890008FF1AAD
:10A128000B0809AA0B080A08FF1AE9890008FF1A90
:10A138000A0809AA0A081E0C0A08FF1AE989000871
:10A14800FF1A00081A8A0A08099A0A08130C0C0848
:10A15800FF1AE9890008FF1A00081A8A0C08099AE8
:10A168000C08080C0F08FF1AE9890008FF1A0F08E5
:10A1780009AA0F081DFE0A3E0E890008FF1A0008EA
:10A188000978093C0F08FF1A0E08FF1A0E081A8AE8
:10A198000F08E99A0F081DFE093E0E890008FF1AEC
:10A1A80000080078073C0178153C03781E3C0478C9
:10A1B8003F3C600CD9801DFE083E0E89002B0980AB
:10A1C800004B8980004B9990002BA9F0004BB9A057
:10A1D800C9F0500CD9811DFE083E0E89002B09815B
:10A1E800004B8981004B9991450CD99954095E0B14
:10A1F800653D1DFE083E0E9956095E0B653D899921
:10A2080050095E0B653D999952095E0B653DA99908
:10A2180058095E0B653DB9995C095E0B653DC999A6
:10A228005E095E0B653DF99962095E0B653D220C7E
:10A23800D99955095E0B653D1DFE083E0E995709D3
:10A248005E0B653D899951095E0B653D99995309E6
:10A258005E0B653DA99959095E0B653DB9995D0984
:10A268005E0B653DC9995F095E0B653DF999630908
:10A278005E0B653D1DFE0B3E0E89000809D8043EA5
:10A28800320B910C640B503D394A19FF004F0019ED
:10A29800076D0008320BCE3D067F09CF19DF047F1A
:10A2A80009CF19DF027F09CF19DF640BB63D184AC1
:10A2B80009FF004F167F004F050BDC5F147F004F2E
:10A2C800050BDC5F0B7F640BA33D0A4A640BA23DC0
:10A2D8001D4A640B4B3D0B4A19FF09CF127F004FF3
:10A2E800050BDC5F640BB63D034A640BA23D3F4A95
:10A2F80009FF020BEE4F005F640BA53D414A09FFC1
:10A30800320B004F005F640BA53D0D4A09FF0B0B94
:10A31800B84F640B4E3D244A640BB43D104A09FF04
:10A32800004F0B0BB85F09FF650B1D3D640BAB3D80
:10A338000E4A29FF09CF19DF650B1A3D504A640BF5
:10A34800FE3D260B8A4F650B143D544A640BFE3DB7
:10A35800100B3B4F640BA53D304A09FF080B004F1B
:10A36800640BA53D164A09FF010B484F640BA53D38
:10A37800254A09FF140B004F650B143D6C4A640B0A
:10A38800FE3D7D0B944F640BA53D1F4A09FF020B50
:10A39800804F640BA53D334A09FF050BE04F650B61
:10A3A800143D524A640BFE3D490B064F650B143DA4
:10A3B800564A640BFE3D4F0BE84F650B143D6A4A45
:10A3C800640BFE3D260B384F650B143D4C4A640B5D
:10A3D800FE3D230B054F001919892A8A09A902088D
:10A3E800620BA84A640B653D574A640B993D620BA2
:10A3F800C84A640B653D674A640B993D620BE84A9D
:10A40800640B653D774A640B713DE64C105AE42CA9
:10A418000019584E19892A8A09A90208630B084AA3
:10A42800FA8A002B29BF8FB92229640B713DF24C9F
:10A43800045AF02C640BA53D554A09FF644F640B80
:10A44800A53D544A09FF974F640BA53D344A09FFBF
:10A45800364F8C3F040F8D3F0C0F640BA53D444ACB
:10A46800640B4B3D564A19FF09CF187F004F030B69
:10A47800E85F640BB63D1C4A09FF050BDC4F640B13
:10A488004E3D204A640BB43D1B4A09FF004F640B44
:10A498004E3D094A640BB43D1E4A09FF004F640B48
:10A4A8004E3D124A640BB43D324A09FF010B004F7E
:10A4B800640BA53D044A09FF640B004F640BA53DDE
:10A4C8003E4A09FF800B004F640BA53D274A09FF50
:10A4D800160B004F640BA53D374A09FF7F0BFF4F52
:10A4E800640BA53D434A09FF004F640BA53D154A7F
:10A4F80009FF020B904F640BA53D194A09FF0B0B8E
:10A50800B84F640BA53D2D4A09FF040B004F640B9F
:10A51800A53D2E4A09FF060B404F650B143D704AB6
:10A52800640BFE3D014F640BA53D014A09FF004F36
:10A53800640BA53D09FF004F640BA53D2C4A09FF9C
:10A54800030BBE4F640BA53D144A09FF550B004F82
:10A55800640BA53D514A09FF650B173D640BAB3DE4
:10A568004C4A29FF19CF650B033D106D0008320BCB
:10A57800CE3D0C7F09CF19DF200B163D650B1A3D28
:10A58800704A09990108FA8ABF0BFF1A19FF650B6F
:10A59800173D5E99012A19CF200B043D0D8C898D3A
:10A5A800998DA98D002B0989002B2999002B58A971
:10A5B8000A08FF1A07D889890008FF1A00080278D4
:10A5C8001C7C39095E0B2E3D002B09890808FF1AEF
:10A5D80038095E0B2E3D0008FF1A00086A8A6A8A4D
:10A5E800080809AA020B1E7F89CF09080078453C94
:10A5F800020B1E7F4F8999BD400C0784898900088A
:10A60800FF1A0008134C105A112C011989890008E7
:10A61800FF1A0008105A00080008FF1A041C09ED68
:10A6280001082A8AFE4D010819A4090C0109080825
:10A63800FF1A041C89ED00082A8AFE4D09940209B4
:10A648000019630B1E3D44890008FF0BF91A09C461
:10A6580009080078043C0604020B1D7F99CF878403
:10A6680087C409080078097C4487FE2C89D484892A
:10A67800020B1E7F09CF001400240A08A9D8003E47
:10A68800320B9B0C020B1F7F4F8900080078423C5D
:10A69800020B1F7F004F020B207F5FA96FB9020BCF
:10A6A8001E7F4F890019020809CA030819EA020B1C
:10A6B800207F29CF39DF040B803F0F890008014A2A
:10A6C800040B803F098F040B803F0F890008FF1A95
:10A6D80000081A4C215A182C020B207F5F896F99A9
:10A6E800056D0108320BDA3D020B227F09CF040BFE
:10A6F8007F3F0F890008FF1A0008FF0BFE1A0008A9
:10A70800040B7F3F098F0D8C102900390C09470B6A
:10A71800F33D0D8C020B1F7F014F530B4629001987
:10A72800040B7F3F0F890008FF1A0008EA8A000817
:10A73800520BD33D0D8C040B803F000F020B207F82
:10A74800004F005F020B227F004F020B1F7F014F5B
:10A75800530B46290019040B7F3F0F890008FF1A85
:10A768000008EA8A0008520BD33D0D8C040B7F3F8A
:10A778000D0FE13D040B7F3F0F890008FF1A000809
:10A78800011A00080078F67C020B227F4F890D8C95
:10A7980007C407840D8C0008FF1A00080078053CE0
:10A7A8000278093C0378133C190C040B7F3F0F898E
:10A7B8000008FF1A0D8C020B227F4F890008AA8A15
:10A7C800BA8AEA8AFA8A00080008FF1A0D8C020B76
:10A7D800227F4F8900080008FF1A0D8C0009000825
:10A7E800FF1A0D8C0008FF1A00080078037C040B80
:10A7F8007F3F198F0D8C040B7F3F0F890008FF1ACC
:10A808000008021A00080078193C040B7F3F0F89E2
:10A818000008FF1A0008FF0BFD1A0008040B7F3F11
:10A82800098F040B7F3F0F890008FF1A0008012ACF
:10A838000008040B7F3F098F530B9F3D0D8C898DBA
:10A84800410BA23D3F0B823D410BA23D410B743DA4
:10A85800002B00090A0C560B681989894C0B253DF9
:10A8680089894B0B433D0808014A89890008FF1A6A
:10A878000008800B003A800B105A276C8989000861
:10A88800FF1A00080078EF3C0178ED3C0478143C8E
:10A898000678E93C0878E73C0978E53C0C78033C05
:10A8A8000E78E13CD80C570B2E1989894C0B253DA5
:10A8B80089894B0B433DD70C570B431989894C0B9E
:10A8C800253D89894B0B433DCE0C650B283D040B78
:10A8D800593F010F003E320B9F0C06094B0BB53D4B
:10A8E800040B593F080F00290019540B7E095A0B15
:10A8F800523D0D8C898D040B593F0F890008FF1AB2
:10A9080000080078113C0178103C0278113C04786A
:10A918003F3C0578133C0678493C0778550B1A3CB0
:10A928000878493C550B480C8A3D040B593F020FE7
:10A9380001190009400B823D550B480C410BA23D03
:10A948003F0B823D410BA23D0008011A0008007828
:10A95800043C040B593F060F0E0C410BA23D0008A6
:10A96800081A00080078043C040B593F070F030C31
:10A97800040B593F000F410BA23D400BA03D4B0B70
:10A988002F3D050B202900390809470BF33D7C0CA6
:10A998000709640BC33D081903094F0B233D06192A
:10A9A80003094F0B233D3A0BE53D6E0C410B9E3DD1
:10A9B800630B023D690C020B1C7F4F89000800786D
:10A9C800053C0209640BC33D650B253D002B0009BE
:10A9D800070C420B40090F19630B1E3D0808014A7A
:10A9E80089890008030BE85A106C73095E0B2E3D29
:10A9F8000008FF1A0008081A00080078EA7C530BC0
:10AA0800BA3D00080A0BF15AE42C0808030BE85A6F
:10AA18000A6C040B593F000F00290019540B7E09DA
:10AA28005A0B523D310C040B593F070F02095E0BBC
:10AA38002E3D0008FF1A0008401A000800780A3C5A
:10AA4800040B593F080F00290019540B7E095A0BB3
:10AA5800523D1A0C540B711906094C0B253D01097E
:10AA68005E0B2E3D09990108FF1A0108FF0B9F1A7A
:10AA78000108402A010801095E0B653D06094B0BD8
:10AA8800433D02093F0B823D003E320B9F0C0029DB
:10AA98000019540B7E095A0B523D0D8C07190309F6
:10AAA8004F0B233D081903094F0B233D0D8C00293B
:10AAB800550B4B190809620B0D3D630B6E19030901
:10AAC8005D0B7E3D040B593F080F0009540B7E3D7A
:10AAD8000D8C0008150B26782B3C170B1778303C8B
:10AAE800390BA078293C910B9178323CB00B0D784A
:10AAF800173CC00BDE78103CDE0BE978253CE50BF3
:10AB0800A078123CFA0B5578233CFA0B5D78247C2C
:10AB1800000BE63F040F0D8C000BE63F060F0D8C73
:10AB2800000BE63F020F0D8C000BE63F050F0D8C66
:10AB3800000BE63F070F0D8C000BE63F080F0D8C4E
:10AB4800000BE63F030F0D8C000BE63F090F0D8C41
:10AB5800000BE63F0A0F0D8C000BE63F030F0D8C30
:10AB6800898D002B58890808FF1A07D8F889000B27
:10AB7800E73F098F002B0078000BE73F0F8900089B
:10AB8800FF1A0008801A00080078483CF889000875
:10AB9800FF1A0008FF0B7F1A0008002B09F88289AA
:10ABA800001909A90208011A02080078023C0108E4
:10ABB800012A09A90208021A02080078023C0108C1
:10ABC800022A09A90208041A02080078023C0108AE
:10ABD800042A09A90208081A02080078023C010898
:10ABE800082A09A90208101A02080078023C01087C
:10ABF800102A01080078423C01081A8A0008199AAC
:10AC0800002B0982020B417F4F890008AB0BAD78FE
:10AC1800357C020B417F170B174F300C000BE73FB9
:10AC28000F890008FF1A0008041A00080078143C6D
:10AC3800F8890008FF1A0008FF0BFB1A0008002B10
:10AC480009F8020B417F4F890008B00B0D78163CBC
:10AC58002209640BC33D120C45A70D6C27C5020BD6
:10AC6800417F4F890008AB0BAD78087C020B417F10
:10AC7800B00B0D4F030C2A09640BC33D020B417F37
:10AC88004F89550B6D3D000BE63F0F990108FF1AE0
:10AC98002509640BCA3D000BE73F0F990108FF1A0D
:10ACA8002609640BCA3D020B417F4F992709640BA3
:10ACB800CA3D020B417FAB0BAD4F002B71780808E2
:10ACC80089D8003E320B9F0C000D898D7A095E0BE6
:10ACD8002E3D1DFE013E0EDE09EE5E8E7A095E0BEC
:10ACE8002E3D1DFE013E0EDE002B099E5E8E77096D
:10ACF8005E0B2E3D79095E0B2E3D00095E0B2E3D45
:10AD080028095E0B2E3D2B095E0B2E3D5E095E0B5E
:10AD18002E3D5F095E0B2E3D60095E0B2E3D6109DD
:10AD28005E0B2E3D74095E0B2E3D75095E0B2E3DA4
:10AD38008D095E0B2E3DBE095E0B2E3DBF095E0BD5
:10AD48002E3DC0095E0B2E3DC1095E0B2E3DC2098A
:10AD58005E0B2E3DC3095E0B2E3DD1095E0B2E3DC9
:10AD6800D9095E0B2E3D002B87090F0C89895E0BD4
:10AD78002E3D09990108FF1A0108FF0B3F1A010827
:10AD880089895E0B653D0808014A89890008FF1A10
:10AD98000008800B003A800BA85A3F6C898900088C
:10ADA800FF1A0008094C8C5A072C89890008FF1AD9
:10ADB8000008E94C905AE72C89890008FF1A000816
:10ADC800A078E13C89890008FF1A0008800B003A46
:10ADD800800B8C5A0E6C89895E0B2E3D09990108EF
:10ADE800FF1A0108FF0BCF1A010889895E0B653D20
:10ADF800CA0C89890008FF1A0008A778B77C8989D6
:10AE08005E0B2E3D09990108FF1A0108FF0BDF1A96
:10AE1800010889895E0B653DB60C1DFE013E0E9941
:10AE28000108FF1A2909640BCA3D1DFE013E0E994F
:10AE380001088A8A0108FF1A2909640BCA3D170B01
:10AE48001709630B023D013E320B9F0C6209640B2C
:10AE5800C33D0D8CBE095E0B2E3DBF095E0B2E3D1A
:10AE6800C0095E0B2E3D0008FF1A0008801A000872
:10AE78000078023CEB3D0D8C560B683D0D8CC109EA
:10AE88005E0B2E3DC2095E0B2E3DC3095E0B2E3DA7
:10AE98000008FF1A0008801A00080078023CD63D16
:10AEA8000D8C560B683D0D8C000D000D898D998D0C
:10AEB800A98DB98DC98DD98DE98DF98D002B098999
:10AEC800002B0019076D0808320BCE3D1DFE083E09
:10AED800000E027F640B3E3D036C010E0908802AB8
:10AEE8008989999901087F1A027F09CF19DF200BF8
:10AEF800023D640BB63D554A650B033D640BAC3D02
:10AF0800544A29FF650B173D5EA90039320BA43D51
:10AF1800498959998C3F800B136D300BBB3D6EA945
:10AF28000039320BA43D002B49A9002B59B91DFE4D
:10AF3800093E000E067F640B3E3D160B8029003942
:10AF4800320BB63D020B427F09CF00084B1C002B89
:10AF580009C91C7F640BF43D002B5EE9640B8B3D33
:10AF6800002B5EF9207F650B1D3D5E990E0809DAFE
:10AF78000F0819FA640BD83D020B437F09CF19DF7C
:10AF8800640BD83D020B457F29CF39DF1C7F650B49
:10AF98001D3D207F09CF5EDF250C640BE53D0008D1
:10AFA800A9CA0108B9EA047F09CF19DF200B063DB9
:10AFB800640BF93D047F640BF43D5EA9640B8B3D83
:10AFC8005EB9640B463D800B003A0008015A01083F
:10AFD800800B007AE26C020B427F4F890008021C4A
:10AFE800200B0C3D640BF93D89A999B9020809DACF
:10AFF800030819FA800B003A0208015A0308800B6B
:10B00800007A0E2C1DFE093E010E640BF93D000866
:10B01800160B804A0108006A067F09CF19DFC80CA1
:10B028001DFE083E0E8900080D1C640BE53D010855
:10B038007F1A047F09CF19DF640BF93D7F1A067F59
:10B0480009CF19DF200B043D1DFE093E0E89023E83
:10B05800320B910C0039460C030B2849398900083A
:10B06800FF1A0819320BC33D2989040809CA0408C4
:10B07800FA8ABF0BFF1A49FF004F030B2A49398987
:10B088000008FF1A0819320BC33D2989040809CAA8
:10B098000408FA8ABF0BFF1A49FF004F030B2C491B
:10B0A80039890008FF1A0819320BC33D2989040899
:10B0B80009CA0408FA8ABF0BFF1A49FF004F030B9D
:10B0C8002E4939890008FF1A0819320BC33D29890E
:10B0D800040809CA0408FA8ABF0BFF1A49FF004F7F
:10B0E8000308014A39890008FF1A0008B54C0E5AAE
:10B0F800B32C5E0BCB4900394E0B8A294D0B7D19B9
:10B108000009133D5E0B99490039630BA129630BB4
:10B11800541907090A3D040B5A3FFF0F040B5B3F04
:10B12800000F040B5D3F000F0D8C898D09D919E9BB
:10B1380029F959890008FF1A0008800B003A800B8A
:10B148000E5A446C032B280959890008FF1A08195C
:10B15800320BC33D2989080809CA0808FA8ABF0BB7
:10B16800FF1A89FF69CF030B2A6959890008FF1A5A
:10B178000819320BC33D2989060809CA0608FA8A44
:10B18800BF0BFF1A69FF79CF030B2C695989000897
:10B19800FF1A0819320BC33D2989060809CA06088F
:10B1A800FA8ABF0BFF1A69FF39CF030B2E39598969
:10B1B8000008FF1A0819320BC33D2989030809CA78
:10B1C8000308FA8ABF0BFF1A39FF49CF003E320B3A
:10B1D8009F0C898D998DA98DB98D002B70995E0969
:10B1E8005E0B2E3D002B09A95F095E0B2E3D002B3F
:10B1F800098999890008FF1A000800780D7CA98937
:10B208000008FF1A00080078077C89890008FF1ADF
:10B2180000080078590BA33C99890008FF1A000818
:10B228000078273C002B0039200C99990108FF1A57
:10B238000129B98900080008FF1A041C09ED020851
:10B248002A8AFE4D0108299A010800780C3C021947
:10B25800B989320BC33D29890008020BD04AFA8A02
:10B2680009FF4F9919BD0B08014AB9890008085A06
:10B27800DC2CA9890008FF1A000800782D3C002B57
:10B288000039260CA9990108FF1A0129B989000873
:10B298000008FF1A041C09ED02082A8AFE4D01085D
:10B2A800299A01080078123C010B80390219B989E2
:10B2B800320BC33D29890008FA8A030809CA39FFF5
:10B2C800800B196D300BBB3D5E8909BD0B08014A27
:10B2D800B9890008085AD62C89890008FF1A00087D
:10B2E80000782D3C002B0039260C89990108FF1A9B
:10B2F8000129B98900080008FF1A041C09ED020891
:10B308002A8AFE4D0108299A01080078123C010B8F
:10B3180088390219B989320BC33D29890008FA8A8C
:10B32800030809CA39FF800B196D300BBB3D5E89D4
:10B3380009BD0B08014AB9890008085AD62C003EF5
:10B34800320B990CE89919890008FF1A0008101A9D
:10B3580000080078023C00090D8C19890008FF1AC2
:10B368000008041A00080078023C01090D8C050940
:10B378000108FF1A0108031A000819DA0D8C09B927
:10B3880058A90208FF1A07D839890008FF1A0008C7
:10B398000078033C01780B3C1B0CE8890008FF1A75
:10B3A8000008102A0008002B09E83ADA290CE88975
:10B3B8000008FF1A0008EF1A0008002B09E8E889BE
:10B3C8000008FF1A0008042A0008002B09E8180CD6
:10B3D800E8890008FF1A0008E81A0008002B09E8A5
:10B3E800E8990108FF1A05090308FF1A000839DA65
:10B3F80000080008FF1A010809AA0108002B19E82B
:10B40800020829D80D8C898D9D3D002B09890808D3
:10B4180001198989B43D0808014A943D0008055A74
:10B42800F72C180B0071004BB721004B5B31A7F1CB
:10B43800003E320B9F0C0B09640BC33D5589000875
:10B44800010B002A09D5558900080ADAFAAAFB6C0B
:10B458000071004B0021004B00310D8C898D640B6D
:10B46800153D530BCC3D020B1C7F4F89000800781B
:10B47800023C650B273D590BA63D002B098908089E
:10B4880000198989590BC33D0808015A590BA63D73
:10B4980000080078F57C003E320B9F0C898D998D51
:10B4A800A98D002B09A9002B1999002B2989040BB8
:10B4B800573F0F890008FF1A00080C4C105A0A2C35
:10B4C800010B647F4F991109640BCA3DE50BA00974
:10B4D800630B023D080800781E3C040B563F0F8999
:10B4E8000008FF1A00080078037C040B563F100F71
:10B4F800040B563F0F890008015A040B563F098F69
:10B50800020B88390008FF1A0419320BC33D298938
:10B51800030809CA200C020B8839040B553F0F8910
:10B528000008FF1A0419320BC33D2989030809CA08
:10B53800040B553F0F890008014A040B553F098F3A
:10B54800040B553F0F890008FF1A00081078037C88
:10B55800040B553F000F39890008FA8ABF0BFF1A00
:10B5680009FFA9CF0308FA8ABF0BFF1A014A39FF5E
:10B5780099CF040B573F0F890008014A040B573F26
:10B58800098F1209640BC33D003E320B9B0C550B0F
:10B59800B43D5C0B823D650B2D3D5D0BBC3D640BE2
:10B5A800313D5A0B073D0309640BC33D620B3D3D1A
:10B5B800650B303D0609640BC33D630BB73D0409B9
:10B5C800400BA03D580B2E3D420BA33D0409640BD4
:10B5D800C33D5D0B603D1009640BC33D640B7C3DAE
:10B5E8000809640BC33D4A0BA63D620B9A1906096C
:10B5F8004C0B253D06094B0B433D001900095E0B1A
:10B60800653D01095E0B2E3D09990108FF1A0108E5
:10B61800FF0BF71A010801095E0B653D78095E0BFF
:10B628002E3D09990108FF1A0108FF0BBF1A0108EE
:10B6380078095E0B653D3A0BD03D87D80029640B2D
:10B64800D1190E09620B0D3D002901390E09470B6E
:10B65800F33D400B893D650B313D5C0B0E3D000809
:10B668000078F97C650B323DF60C040B7E3F0FA980
:10B678000208FF1A02080278317C000BE83F0FA984
:10B688000208FF1A020805785C3C0008FF1A000847
:10B698000278207C000B527F4F8900080978143CFF
:10B6A800000BA629040B7D3F0F890008FF1A02082A
:10B6B80009CA29BF198F040B7D3F0F890008014A69
:10B6C800040B7D3F098F0D8C0108FF1A000B527F78
:10B6D80019CF0D8C040B7E3F000F0D8C040B7E3FA1
:10B6E8000FA90208FF1A020800780E7C0008FF1A4A
:10B6F80000080078267C0108FF1A0108AA78217C36
:10B70800040B7E3F010F0D8C040B7E3F0FA902082E
:10B71800FF1A02080178127C0008FF1A0008017855
:10B72800097C0108FF1A01085578047C040B7E3F48
:10B73800020F0D8C040B7E3F000F0D8C040B7E3F17
:10B74800000F0D8C25892599000819F8FB7C0D8CB4
:10B75800898D998D002B58890808FF1A07D8010B85
:10B76800917F002B4F99EE3D2599010B927F4FA9B0
:10B77800010829DA086C010B917F4F990108014AE9
:10B78800010B917F19CF2599010B927F19CF010BDE
:10B79800917F4F99090819F8E27C080889D899A976
:10B7A8000039106D0208320BCE3D0019020809AAB3
:10B7B800030819AA29893999003E320B9D0C898DF5
:10B7C800998D002B1999002B58890808FF1A07D85A
:10B7D80099990108035A026C002B03190008FF1AF3
:10B7E80000080078127C05890008FF1A0008F31A7F
:10B7F80000080985A73D000899CA09B50589000808
:10B80800FF1A0008042A00080985080889D8003E9C
:10B81800320B9D0C898D998D040B573F0F890008B9
:10B82800FF1A00080078027C0009550C58B9030873
:10B83800FF1A07D8040B563F0F890008FF1A04198E
:10B84800320BC33D29890008020B884AFA8A09FF8E
:10B85800002B4F89020B8A49040B563F0F890008B9
:10B86800FF1A0419320BC33D2989040809CA0408C0
:10B87800FA8ABF0BFF1A49FF800B196D300BBB3DCD
:10B88800002B5E99040B573F0F890008015A040BDF
:10B89800573F098F040B563F0F890008014A040BD4
:10B8A800563F098F040B563F0F890008FF1A0008FE
:10B8B8001078037C040B563F000F030839D8010B9E
:10B8C800647F89CF1309640BC33D998989BD010B36
:10B8D800647F004F0109003E320B9D0C2DB9000812
:10B8E800FF1A0819320BC33D2989030809CA398987
:10B8F8000D8C050B0009640BC33D0D8C0039130C2E
:10B908005C0B7D49010BFA5939890008FF1A0219A5
:10B91800320BC33D29890008FA8A050809CA59FF6C
:10B9280049CF0308014A39890008FF1A0008E84C82
:10B93800105AE62C0D8C898D002B098919B9898933
:10B948000008FF1A0008800B003A800B105A246C7C
:10B9580003080078213C020B0A4989890008FF1A6C
:10B968000219320BC33D29890008FA8A040809CA5A
:10B9780049FF39CF8989B23D09B9010BFA4989894B
:10B988000008FF1A0219320BC33D29890008FA8AF8
:10B99800040809CA49FF39CF003E320B9F0C898D34
:10B9A800998D002B58990908FF1A07D8002B01090F
:10B9B80009A90208FF1A0208071A02080208FF1A52
:10B9C800041C29ED08082A8AFE4D08080008FF1AF9
:10B9D8000008EA8AFA8A00080008FF1A00080078B6
:10B9E800073C01780E3C0378153C04781F3C290C71
:10B9F80080990108FF1A0808FF1A0108899A0108A6
:10BA0800200C81990108FF1A0808FF1A0108899A71
:10BA18000108170C56095E0B2E3D09990108FF1AFB
:10BA28000808FF1A0108899A01080B0C57095E0BD0
:10BA38002E3D0008FF1A0808FF1A0008899A09997C
:10BA48000108090899D80108FF1A01080078023C82
:10BA58000109010C00090008FF1A003E320B9D0C79
:10BA6800031966095E0B653D0D8C050B0309640B14
:10BA7800C33D17C404890008FF0BF91A0984001490
:10BA88000024040B7F3F0F890008FF1A0008EA8A88
:10BA9800000809D48489020B1E7F09CF020B1D7F81
:10BAA8004F8900080078073C020B1E7F4F89020B64
:10BAB8001D7F4F9919BD0D8C530BFF490039530B4E
:10BAC800F629530BCF190809580B993D0029530B38
:10BAD80046190C09620B0D3D040B7F3F000F020B4A
:10BAE800227F004FBD3D5D0B391909095C0B9F3D55
:10BAF80000040D8C898D19D9002B58890808FF1A64
:10BB080007D809C90408FF1A0408071A040809B95C
:10BB18000308FF1A0308EA8AFA8A0308010B68690E
:10BB280039890008FF1A1019320BC33D298900080A
:10BB3800FA8A060809CA49890008FF1A0219320B4D
:10BB4800C33D29890008FA8A060809CA69FF59CF3E
:10BB58000308FF1A0308074C025A052C580BED1965
:10BB680000094C0B253D080889D8003E320B9F0C74
:10BB7800580BED1905095C0B9F3D0039270C650B27
:10BB88002E59010B686939890008FF1A1019320B00
:10BB9800C33D29890008FA8A060809CA49890008A4
:10BBA800FF1A0219320BC33D29890008FA8A0608D0
:10BBB80009CA69FF59CF0408014A49890008FF1AD0
:10BBC8000008DD4C085ADB2C0308014A39890008B3
:10BBD800FF1A0008800B003A800B055A026C0049D6
:10BBE800EC0C0D8C898D09990108FF1A01087678EB
:10BBF800113C77781F3C7878033C7978103C250C09
:10BC0800040B783F002B0F8989890008FF1A003E32
:10BC1800320B9F0C040B793F002B0F89F50C040B9A
:10BC28007A3F002B0F89040B7A3F000F01094C0B58
:10BC3800AB3DEA0C040B7B3F002B0F89040B7B3FC9
:10BC4800000F01094C0BAB3DDF0C5E0B2E3D0008CD
:10BC5800FF1ADD0C898D998DA98D002B588908084C
:10BC6800FF1A07D8002B09A90A08FF1A0A086A8AC6
:10BC78002A8A12890008302A099200190F094F0BE5
:10BC8800233DA9890008AA8ABA8AEA8AFA8A09B2E7
:10BC98000A08FF1AA9B2FF3222A7FE6C01190F0980
:10BCA8004F0B233D27A2030C002B3299090822874A
:10BCB800FB2C080889D899890008FF1A003E320B26
:10BCC8009B0C898D998DA98D002B19A9002B58895A
:10BCD8000808FF1A07D8002B09990908FF1A09084C
:10BCE8006A8A2A8A0908800B002A12890008302AE1
:10BCF800099200190F094F0B233D99890008AA8A58
:10BD0800BA8AEA8AFA8A09B20908FF1A99B20A08AD
:10BD1800FF1AA9B222A7FE6C01190F094F0B233D88
:10BD2800080889D8003E320B9B0C040B7C3F0F8916
:10BD38000008FF1A0008011A00080078273C040BC5
:10BD48007C3F0F890008FF1A0008FF0BFE1A000845
:10BD5800040B7C3F098F040B7C3F0F890008FF1AF6
:10BD68000008021A00080078117C040B7C3F0F8938
:10BD78000008FF1A0008022A0008040B7C3F098FFC
:10BD880000290019490B94095A0B523D0D8C040BDC
:10BD98005C3F0F890008FF1A0008011A00080078A4
:10BDA8000F3C040B5C3F0F890008FF1A0008FF0BCB
:10BDB800FC1A0008040B5C3F098F640BBC3D0D8C1A
:10BDC800040B5C3F0F890008FF1A0008021A0008DC
:10BDD80000780E3C040B5C3F0F890008FF1A00082E
:10BDE800FF0BFD1A0008040B5C3F098F650B2A3D09
:10BDF8000D8C4E8D488D188D0018098D198D298D43
:10BE0800398D498D598D698D798D6D8D7D8D5E8DBD
:10BE18003F8D7F8D7E8D3E8D088DBF8D4E8D020BA3
:10BE2800117F4F8909BD0DCE002B0DBF0D880DBEAA
:10BE38000DFE0DFF0DBF0DDE0DFD0DED0DF90DE92C
:10BE48000DD90DC90DB90DA90D990D890D980DC8FC
:10BE58000DCE8D8C4E8D488D188D0018098D198D3D
:10BE6800298D398D498D598D698D798D6D8D7D8D92
:10BE78005E8D3F8D7F8D7E8D3E8D088DBF8D4E8D65
:10BE8800020B0E7F4F8909BD0DCE002B0DBF0D880B
:10BE98000DBE0DFE0DFF0DBF0DDE0DFD0DED0DF9F7
:10BEA8000DE90DD90DC90DB90DA90D990D890D987B
:10BEB8000DC80DCE8D8C4E8D488D188D0018098DAE
:10BEC800198D298D398D498D598D698D798D6D8D96
:10BED8007D8D5E8D3F8D7F8D7E8D3E8D088DBF8DD6
:10BEE8004E8D020B0D7F4F8909BD0DCE002B0DBF66
:10BEF8000D880DBE0DFE0DFF0DBF0DDE0DFD0DED08
:10BF08000DF90DE90DD90DC90DB90DA90D990D89B9
:10BF18000D980DC80DCE8D8C4E8D488D188D00183E
:10BF2800098D198D298D398D498D598D698D798D99
:10BF38006D8D7D8D5E8D3F8D7F8D7E8D3E8D088DC7
:10BF4800BF8D4E8D020B127F4F8909BD0DCE002B80
:10BF58000DBF0D880DBE0DFE0DFF0DBF0DDE0DFDD5
:10BF68000DED0DF90DE90DD90DC90DB90DA90D99F5
:10BF78000D890D980DC80DCE8D8C4E8D488D188D60
:10BF88000018098D198D298D398D498D598D698D27
:10BF9800798D6D8D7D8D5E8D3F8D7F8D7E8D3E8DF6
:10BFA800088DBF8D4E8D020B0C7F4F8909BD0DCEBC
:10BFB800002B0DBF0D880DBE0DFE0DFF0DBF0DDE54
:10BFC8000DFD0DED0DF90DE90DD90DC90DB90DA931
:10BFD8000D990D890D980DC80DCE8D8C4E8D488DFF
:10BFE800188D0018098D198D298D398D498D598D18
:10BFF800698D798D6D8D7D8D5E8D3F8D7F8D7E8D6B
:10C008003E8D088DBF8D4E8D020B197F4F8909BD5E
:10C018000DCE002B0DBF0D880DBE0DFE0DFF0DBF03
:10C028000DDE0DFD0DED0DF90DE90DD90DC90DB99B
:10C038000DA90D990D890D980DC80DCE8D8C4E8DBD
:10C04800488D188D0018098D198D298D398D498DC8
:10C05800598D698D798D6D8D7D8D5E8D3F8D7F8D2F
:10C068007E8D3E8D088DBF8D4E8D020B137F4F89BF
:10C0780009BD0DCE002B0DBF0D880DBE0DFE0DFFA9
:10C088000DBF0DDE0DFD0DED0DF90DE90DD90DC935
:10C098000DB90DA90D990D890D980DC80DCE8D8C72
:10C0A8004E8D488D188D0018098D198D298D398D63
:10C0B800498D598D698D798D6D8D7D8D5E8D3F8D05
:10C0C8007F8D7E8D3E8D088DBF8D4E8D020B0B7F33
:10C0D8004F8909BD0DCE002B0DBF0D880DBE0DFE7D
:10C0E8000DFF0DBF0DDE0DFD0DED0DF90DE90DD99F
:10C0F8000DC90DB90DA90D990D890D980DC80DCE55
:10C108008D8C4E8D488D188D0018098D198D298DAF
:10C11800398D498D598D698D798D6D8D7D8D5E8DAA
:10C128003F8D7F8D7E8D3E8D088DBF8D4E8D020B90
:10C138000A7F4F8909BD0DCE002B0DBF0D880DBE9E
:10C148000DFE0DFF0DBF0DDE0DFD0DED0DF90DE919
:10C158000DD90DC90DB90DA90D990D890D980DC8E9
:10C168000DCE8D8C4E8D488D188D0018098D198D2A
:10C17800298D398D498D598D698D798D6D8D7D8D7F
:10C188005E8D3F8D7F8D7E8D3E8D088DBF8D4E8D52
:10C19800020B147F4F8909BD0DCE002B0DBF0D88F2
:10C1A8000DBE0DFE0DFF0DBF0DDE0DFD0DED0DF9E4
:10C1B8000DE90DD90DC90DB90DA90D990D890D9868
:10C1C8000DC80DCE8D8C4E8D488D188D0018098D9B
:10C1D800198D298D398D498D598D698D798D6D8D83
:10C1E8007D8D5E8D3F8D7F8D7E8D3E8D088DBF8DC3
:10C1F8004E8D020B157F4F8909BD0DCE002B0DBF4B
:10C208000D880DBE0DFE0DFF0DBF0DDE0DFD0DEDF4
:10C218000DF90DE90DD90DC90DB90DA90D990D89A6
:10C228000D980DC80DCE8D8C4E8D488D188D00182B
:10C23800098D198D298D398D498D598D698D798D86
:10C248006D8D7D8D5E8D3F8D7F8D7E8D3E8D088DB4
:10C25800BF8D4E8D020B167F4F8909BD0DCE002B69
:10C268000DBF0D880DBE0DFE0DFF0DBF0DDE0DFDC2
:10C278000DED0DF90DE90DD90DC90DB90DA90D99E2
:10C288000D890D980DC80DCE8D8C4E8D488D188D4D
:10C298000018098D198D298D398D498D598D698D14
:10C2A800798D6D8D7D8D5E8D3F8D7F8D7E8D3E8DE3
:10C2B800088DBF8D4E8D020B177F4F8909BD0DCE9E
:10C2C800002B0DBF0D880DBE0DFE0DFF0DBF0DDE41
:10C2D8000DFD0DED0DF90DE90DD90DC90DB90DA91E
:10C2E8000D990D890D980DC80DCE8D8C4E8D488DEC
:10C2F800188D0018098D198D298D398D498D598D05
:10C30800698D798D6D8D7D8D5E8D3F8D7F8D7E8D57
:10C318003E8D088DBF8D4E8D020B107F4F8909BD54
:10C328000DCE002B0DBF0D880DBE0DFE0DFF0DBFF0
:10C338000DDE0DFD0DED0DF90DE90DD90DC90DB988
:10C348000DA90D990D890D980DC80DCE8D8C4E8DAA
:10C35800488D188D0018098D198D298D398D498DB5
:10C36800598D698D798D6D8D7D8D5E8D3F8D7F8D1C
:10C378007E8D3E8D088DBF8D4E8D020B187F4F89A7
:10C3880009BD0DCE002B0DBF0D880DBE0DFE0DFF96
:10C398000DBF0DDE0DFD0DED0DF90DE90DD90DC922
:10C3A8000DB90DA90D990D890D980DC80DCE8D8C5F
:10C3B8004E8D488D188D0018098D198D298D398D50
:10C3C800498D598D698D798D6D8D7D8D5E8D3F8DF2
:10C3D8007F8D7E8D3E8D088DBF8D4E8D020B0F7F1C
:10C3E8004F8909BD0DCE002B0DBF0D880DBE0DFE6A
:10C3F8000DFF0DBF0DDE0DFD0DED0DF90DE90DD98C
:10C408000DC90DB90DA90D990D890D980DC80DCE41
:10C418008D8C09B919C929D939890008FF1A00086A
:10C42800800B003A800B0F5A236C04080078027CBA
:10C43800460B3849000BA26939890008FF1A02190E
:10C44800320BC33D29890008FA8A060809CA69FF20
:10C4580049CF000BB14939890008FF1A0219320B7C
:10C46800C33D29890008FA8A040809CA49FF59CF37
:10C478000D8C630BF53D000BC07F004F00391E0C7F
:10C48800000B754902193989320BC33D2989000807
:10C49800FA8A040809CA49FF004F460B3849000BBD
:10C4A800A25902193989320BC33D29890008FA8A31
:10C4B800050809CA59FF49CF0308014A3989000804
:10C4C8000F5ADE2C470B63190009640B903D0D8C45
:10C4D800000905B70008006A0008FF1A000800787C
:10C4E800243C05890008FF1A0008F71A0008098586
:10C4F800010B907F4F8900080078043C010B907F66
:10C508004F8909BD2589010B927F4F99000819DAD7
:10C51800086C010B917F4F890008014A010B917F3C
:10C5280009CF2589010B927F09CF0D8C02095E0B7B
:10C538002E3D0008FF1A0008081A000800780D3C74
:10C548008B095E0B2E3D09990108FF1A0108302A54
:10C5580001088B095E0B653D0D8C8B095E0B2E3D2A
:10C5680009990108FF1A0108FF0BCF1A01088B0966
:10C578005E0B653D0D8C898D002B828982890008B0
:10C58800FF0BF81A002B098282890008FF0BC71AD3
:10C59800002B0982050B0709640BC33D08080F1A15
:10C5A80008080078083C420B953D010B1009640B04
:10C5B800C33D5A0B323D003E320B9F0C040B7E3FAD
:10C5C8000F890008FF1A00080278177C000B527FB9
:10C5D8004F8900080978113C000BE83F0F890008D3
:10C5E800FF1A00080578093C000BE83F050F0029F1
:10C5F8000019430BAB095A0B523D0D8C898D002B4A
:10C608000989020B1C7F4F8900080078023C650BE2
:10C61800293D2009640BC33D020B417F89CF58890E
:10C6280007D8F8890008FF1A0008CF1A0008002B5D
:10C6380009F8FF0C898D998DA98DB98D002B098971
:10C64800002B19995B0BAC3D002B09A9002B19B9DC
:10C658000A0889CA0B0899EA5B0BAC3D0008A9DAFD
:10C668000108B9FAF92C003E320B990C0008FF1AA0
:10C6780000087678063C7878127C040B783F198F8E
:10C68800030C040B793F198F040B7C3F0F890008BA
:10C69800FF1A0008012A0008040B7C3F098F0D8C43
:10C6A80009990108FF1A0108104C765A0E2C0999AD
:10C6B8000108FF1A0108800B003A800B7A5A056CB2
:10C6C8005D0BF63D0008FF1A0D8C5E0B2E3D000831
:10C6D800FF1A0D8C898D03095C0BD33D002B09894A
:10C6E80000094B0BB53D081903094F0B233D8999E8
:10C6F800050B1009640BCA3D0519B00B0D09410B58
:10C70800A63D003E320B9F0C898D998D002B09891F
:10C71800002B19990009060C09998989320B0C3DDF
:10C728000808014A9999002B19990908015A010822
:10C738000078F27C003E320B9D0C09A90208FF1A12
:10C7480002080E4C765A0C2C09A90208FF1A020896
:10C75800800B003A800B7A5A036C630B3A3D0D8CC0
:10C768005E0B653D0D8C58890008FF1A07D800320A
:10C778000012002B0012002B002292990108422A75
:10C78800002B199212990108332A1992000809D826
:10C798000D8C0008FF1A00080378033C0478053C58
:10C7A800090C000BE83F0F89060C020B1C7F4F8910
:10C7B8000008010C00090008FF1A0D8C589901089F
:10C7C800FF1A07D80008FF1A00080078077C0589B7
:10C7D8000008FF1A0008F31A00080985010819D88B
:10C7E8000D8C620B6C1904095C0B9F3D0ADA5589A4
:10C7F80000088AFA09D5558900080ADAFAAAFB2C32
:10C8080001050D8C000BE83F0F890008FF1A00088E
:10C818000578063C040B7D3F000F000B527F094F43
:10C828000D8C05890008FF1A0008F31A000809850D
:10C8380005890008FF1A0008022A000809850D8CDE
:10C84800010B437F4F890008130B5778027C0109BD
:10C85800010C00090008FF1A0D8C620BBF190009B2
:10C868005C0B9F3D002B0002828900080F2A002BD9
:10C8780009820D8C640BF43D5EA9640B8B3D5EB997
:10C8880089899999000829DA010839FA0D8C09FF74
:10C89800320B004F640BF03D650B0C3D5E990108AF
:10C8A800FA8ABF0BFF1A0D8C011902094F0B233DA1
:10C8B80002190A094F0B233D021903094F0B233DA7
:10C8C8000D8CFA8A584E002B29BF8FB9650B0C3D89
:10C8D8005EA9FA8ABF0BFF1A0D8C0008FA8A0208B3
:10C8E80009CA29FF39CF0108014A198900080D8CA6
:10C8F800040B553F000F040B563F000F040B573F26
:10C90800000F0D8C800B1B6D300BBB3D5E89800BBF
:10C918001D6D300BBB3D0D8C0008FF1A0008007818
:10C92800037C010B907F19CF0D8C09C90408FA8A82
:10C93800020849CA29FF39CF09A90D8C09FF320B12
:10C94800004F640BEF3DFA8ABF0BFF1A0D8C5E99FE
:10C95800650B0C3D5EA90208FA8ABF0BFF1A0D8C05
:10C9680019FF09CF640BDF3DFA8ABF0BFF1A0D8C44
:10C9780058890008FF1A07D8000809D80D8C58896B
:10C988000008FF1A07D8000809D80D8C5889000834
:10C99800FF1A07D8000809D80D8C002900195A0B6E
:10C9A8001F095A0B523D0D8CE989F999C9A900391B
:10C9B800320B723D0D8C0A7F640BEA3D5E890008DC
:10C9C8000D8C047F640B863D5E990D8C800B196D70
:10C9D800300BBB3D0D8C0A7F640BEA3D5E890D8CE4
:10C9E800800B1B6D300BBB3D0D8C067F640B863DA9
:10C9F8005E990D8CFA8ABF0BFF1A09FF0D8C09FF8F
:10CA0800640BF03D00190D8C040B593F098F0D8CF8
:10CA18000A7F640BEA3D0D8C00090008FF1A0D8C93
:10CA2800640BEF3D0D8C650B0D3D0D8C640BDF3DEC
:10CA38000D8C640B863D0D8C00090D8C04090D8C42
:10CA48000D8C0D8C0D8C0D8C0D8C0D8C0D8C0D8C16
:10CA58000D8C0D8C0D8C0D8C0D8C0D8C0D8C0D8C06
:020000040001F9
:101FEA00000096A5010009000020FF8F01000000F3
:021FFA000000E5
:10FFEA00286596A5010009000090FFFF02000000A5
:02FFFA00000005
:00000001FF
