:020000040000FA
:083E0000002B3058300BA00C20
:103E1E003000FFFFFFFFFFFFFFFFFFFFFFFFFFFF72
:103E2E00FFFFFFFFFFFFFFFFFFFFFFFFFFFFFFFF94
:023E3E00FFFF84
:10400000000B220C000B2A0C000B2C0C000B2E0CAE
:10401000000B320C000B340C000B360C000B3A0C6E
:10402000000B3C0C000B3E0C000B420C000B440C34
:10403000000B460C000B4A0C000B4C0C000B4E0CFA
:10404000000B520C000B540C000B560C000B5A0CBE
:10405000000B5C0C000B5E0C000B620C000B640C84
:10406000000B660C000B6A0C000B6C0C000B6E0C4A
:10407000000B720C000B740C000B760C000B7A0C0E
:10408000000B7C0C000B7E0C0D8C0D8C0D8C0D8CA4
:10409000200B083D0D8C200B0A3D0D8C0D8C200B48
:1040A0000E3D0D8C200B103D0D8C200B123D0D8C08
:1040B000200B143D0D8C0D8C200B183D0D8C020B2C
:1040C000897F4F890008015A09CF147F200B833D57
:1040D000020B8A7F5FCA01086FEA020B897F4FA932
:1040E0000208065C020B8C7F00085FCA01086FEAB9
:1040F0000108FAEA046C147F004F005F0D8C147FF6
:1041000009CF19DF0D8C200B863D0D8C200B893DCE
:104110000D8C800B1B6D300BBB3D5E89800B1D6DC4
:10412000300BBB3D5E990D8C200B1C3D0D8C200B84
:104130001E3D0D8C898D998D210B903D002B5E8944
:10414000210B8B3D002B5E99167F200B833D0808C9
:1041500009DA090819FA210B903D5E89210B8B3D84
:10416000167F09CF5EDFFAEA332C210BA23D800BCC
:10417000215A056C002B0009002B0019560C210B4D
:10418000B33D0D4A09FF210BBD3D210B963D5E89D4
:1041900039DA136C210B9D3D39D9050829DA044C15
:1041A00039A9020809DA020C020839DA030849DAE7
:1041B000210B753D0908FAEA262C8989999900088E
:1041C000700B815A0108007A302C702B8009D40CB6
:1041D000210BA23D7F0BE05ACD6C210B963D0408CC
:1041E0000A1C5EB9210B9D3D210B843D210B753DC1
:1041F000210B843DDF0C002B0009002B0019127FDE
:10420000004F005F120C8989999900081A8A014AA7
:1042100001081A8A006A0008700B815A0108007AA6
:10422000042C8F2B8009FF2BFF19210BCA3D0E4A4E
:1042300009FF200B833D210B7E3D104A29FF210BF6
:10424000913D5EA9210B8B3D5EB909DA030819FA8D
:10425000FAEA0C2C29C939D90408700B815A0508CF
:10426000007A162C700B80290039120C29C939D913
:1042700004081A8A014A05081A8A006A0408700BA1
:10428000815A0508007A042C8F0B8029FF0BFF3917
:10429000200B363D210B7E3D0E4A29FF09CF19DF49
:1042A00029FF210BE53D210BC13D0D4A19FF09CF27
:1042B00089A999B9127F200B833D200B363D127FCF
:1042C00009CF19DF0A7F210BD53D5EA9210BE43D03
:1042D0000999640B0009200B403D210BC13D034AA5
:1042E00019FF09CF003E320BC20C89899999200B26
:1042F000423D002B0989002B19990D8C210BAD3DF6
:10430000FA8ABF0BFF1A0D8C08081A8A014A09089D
:104310001A8A006A0D8C800B1D6D300BBB3D0D8C15
:10432000147F800B1B6D300BBB3D0D8C210BB63DFC
:10433000204A210BDB3D5EC90D8C127F210BE83D2D
:1043400009A90D8C0E7F200B863D106D0108320BE4
:10435000F93D0008800B003A0D8C0A7F210BDF3DF0
:104360005EA902080D8C210BB63D0D8C0A7F210B36
:10437000EF3DFA8ABF0BFF1A0D8C210BDC3D5EB9B5
:104380000D8C0A7F210BDC3D5E990108FA8ABF0B78
:10439000FF1A0D8C0A7F210BCE3D0D8C210BEF3DBA
:1043A0000008FA8ABF0BFF1A0D8C210BCE3D0D4A77
:1043B000210BDB3D0D8C09FF210BDF3D0D8C800BAC
:1043C000196D300BBB3D0D8C127F210BE83D0D8C20
:1043D000200B893D106D0108320BFF3D0D8C210B28
:1043E000DF3D5E890D8C200B223D0D8C200B243D82
:1043F0000D8C200B263D0D8C898D210BCA3D1F4A4B
:10440000220BA03D002B5E890808AA8AEA8A0829A7
:104410000A19200B403D09A90E7F200B833D106D2A
:104420000108320BF93D210BC13D144A19FF220B43
:10443000993D5E990A7F210BBD3D0308FA8ABF0BA7
:10444000FF1A564A39FF210BBD3D010839DA336C9A
:10445000220B983D5E99FA8ABF0BFF1A074A19FF93
:10446000210BBD3D5EC989990408800B003A010803
:10447000800B003A49DA1F6C2999800B003A030837
:10448000800B003A19DA176C09B98999800B003A48
:104490000108800B003A39DA216C0208800B003ADF
:1044A0000008800B003A29DA196C220B9C3D220B84
:1044B000A33D802A120C210BCA3D220B9F3D800B8D
:1044C000003A0208800B003A09DA086C220B983D8A
:1044D0005EA9220BA33DFF0B7F1A09CF220B9C3D47
:1044E000704A210BD53D5EB9210BE43D030809DA82
:1044F000046C29890008220BAE3D220BA43D801AD2
:104500008078137C210BB33D220B9F3D0808800B64
:10451000003A0008800B003A89DA076C2989220BDF
:10452000AE3D220BA43D102A09CF003E320BC40C35
:104530000A7F210BDC3D0D8C210BAD3D0D8C074A14
:10454000220BAA3D0D8C704A2989210BD03D220BEC
:10455000AA3D0D8C09FF210BEF3D0D8CFA8ABF0B94
:10456000FF1A220BAA3DFF0B7F1A09CF127F200BE7
:10457000863D0A7F210BDC3D5EB90308FA8ABF0B3A
:10458000FF1A104A39FF09CF19DF0D8C200B2A3D85
:104590000D8C200B2C3D0D8C200B2E3D0D8C200BFB
:1045A000303D0D8C200B323D0D8C200B343D0D8C9D
:1045B000200B363D0D8C200B383D0D8C200B3A3DE9
:1045C0000D8C200B3C3D0D8C200B3E3D0D8C200BAB
:0A45D000403D0D8C200B423D0D8C88
:086040006B0B920C200B440CC9
:106050006C0B250C200B450C200B460C200B470C21
:106060006D0BDE0C200B480C200B4B0C200B4E0C48
:106070006C0BE90C200B4F0C200B520C200B550C19
:106080006C0BB80C200B580C200B5B0C200B5C0C21
:106090006C0B870C200B5F0C200B940C200B970CC7
:1060A0006C0B560C200B9A0C210BF30C210BF60CED
:1060B0006B0BC30C210BF90C210BFC0C220BC60C37
:1060C0006E0B710C220BC90C220BCC0C220BCF0CCB
:1060D0006D0BAD0C220BD20C220BD50C220BD80C65
:1060E0006B0BF40C220BDB0C220BDE0C220BE10CF5
:1060F0006E0B400C220BE40C220BE70C220BEA0C7B
:046100006D0B4B0CCC
:046110006E0B0F0CF7
:046120006D0B7C0C7B
:046130006D0B1A0CCD
:10614000184E000BE93F040B1C6D010C001FFE4DA7
:10615000000BA13F632BF83F000B486D020C9FEE34
:106160006E9FFD4D0F0BE01D002BB788670B183D90
:10617000330B053DFF0C588D07D8002B37886DBDBC
:10618000002BB7880DD80D8C00008A30000000006D
:10619000A6C00000210096C0000031008930000038
:1061A000420094C0000062008B3000007300873012
:1061B00000008300FE210000930088300000A4004E
:1061C00098C00000A40093C00000B40095C0000077
:1061D000C500FE230000F600FB020000F600FB04F1
:1061E0000000F600FE020000010000004200010075
:1061F0000000010000004343345F50524F4A4543C2
:1062000054000000000053657020323820323031D5
:1062100031000000000031353A30353A35360000A3
:106220000000EA9FEAFF00000000385954597259F3
:106230008859A559C059DD59F859035A0E5ADC57E7
:10624000F556FE5607570E57DC57DC57DC57DC5720
:10625000DC57DC57DC57DC57DC57DC57DC5715576D
:1062600027573157315731573157315731573157F8
:10627000EC56E6564C57515758575F5767576F576C
:106280006F576F576F57895790579857A057A85710
:10629000B057C357D657134D624E584DA04DE24DDF
:1062A0009F4EE54E264F3E4F093A133A1F3A2B3A7E
:1062B000373A433A4F3A5B3A673A733A7F3AA03AF1
:1062C000AB3AB63AC13ACC3AD73AF83A033B0E3B2E
:1062D000143B4E3B883B8F3B943B993BA03BA53BFB
:1062E000AA3BAF3BB43BCC3BCC3BB93BBE3BC33BF7
:1062F000C83B907D90A570AC10B670B9A0BA50BBE9
:1063000000BCC0BCE0BD10C060C220C520CBA0CE88
:10631000B0D120001001A002B0074013501B9026FE
:10632000B01C801F70124011500DE008A00710062D
:106330001006000200020002000200020002000239
:10634000000200020002000200020002000200023D
:1063500000022F2D002D861C0012898B898B406036
:1063600060BC3000281229292922002E2E1400009A
:106370000000000000000000261483109494909008
:10638000909090929290909090909090FE0000004B
:106390009494909090909092929090FE00000000C3
:1063A000000000009494FE000000000000000000C7
:1063B00000000000000000000001000100020002D7
:1063C0000004000400080008001000100020002055
:1063D0000040004000800080010101010102010233
:1063E000010401040108010801100110012001202D
:1063F000014001400180018001000900000000000F
:10640000000000000000000000000000000000008C
:10641000000000000000000000000000000000007C
:10642000000000000000000000000000000000006C
:10643000000000000000000000000000FFFF0188D5
:106440008D002B3788800B2F3D002B0D8800090D08
:10645000AC01090D8C4E8D5C4E002B09BF8F890D50
:10646000CE0D8C888D002B3788801819DE320B2AD0
:106470003D0A8DFF1A800B293D0D8A8A8AFF1A80FA
:106480000B293D002B0D885E890D8C888D002B37E4
:1064900088800B313D002B0D8800090DAC01090DE2
:0164A0008C6F
:1064A2002FF6098D7E890008184C011A081C3F89B5
:1064B2007EBF1FEE3FFE09BF6E9F015D0C0C7E8901
:1064C200AA8A09FF5FDE015D050C6E9F9E9F7FFF1A
:1064D200F95D010C6E9F0D890D8C7F0BFF1A002B4D
:1064E20009BF0D899F9FFE5D0D8C5A8A5A8A5A8A6E
:1064F2005A8A020869DA79FA2ADA014D0F0CF52C68
:106502005A8A5A8A5A8A5A8A0208046C69CA79EAE9
:10651200F64D040C69CA79EA0ADAF24D5A8A5A8AA5
:106522000987022C69CA79EA80180D8C0059010882
:10653200FAEA036C0008123D03590308FAEA046CF4
:1065420002080C3D0508013A320BDB3D0008598771
:10655200026C0008033D59970DEC020801181A8AD3
:106562001A8A014A006A00180D8C002B0DF9002BC3
:106572000DE9002B0DD9002B0DC9002B0DB9002BF5
:106582000DA9002B0D99002B0D891DFEBE9D0D8CB2
:1065920000490059206D0308DA8A0208DA8A046C7D
:1065A200040809CA050819EA00082A8A01085A8A51
:1065B200F24D0D8C060829E939AA0D9C29E939F911
:1065C20000290039206D82180ADA320B760C002974
:1065D200106D0108DA8A026C020809CA00082A8AC8
:1065E200F84D0D8C01182A8A5A8AFD4D00180D8C1F
:1065F2000118FA8ADA8AFD4D00180D8C0118AA8A50
:10660200DA8AFD4D00180D8C3ADA300BBA0C0029EB
:1066120003190008350B743D0D8C050B013F0F99D2
:106622000108FF1A010800780D3C09A90419050B9D
:10663200013F0F890008FF1A0008015A0008350BB4
:10664200743D0D8C4F09710BF63D340B1C3D0D8CC6
:1066520009BF800B136D300BBB3D6E890008FF1A1A
:1066620000083C1A0008EA8A00080008FF1A00081D
:106672000478047C01090008FF1A0D8C0209000845
:10668200FF1A0D8C898D002B00093D0C040B4A3931
:1066920089890008FF1A1E19320BE83D298903086F
:1066A20009CA39BF800B136D300BBB3D6EB90308AD
:1066B200FF1A0308FF0BF81A0308040B4A498989D9
:1066C2000008FF1A1E19320BE83D2989040809CA7D
:1066D20049BF398F040B503989890008FF1A1E19E6
:1066E200320BE83D2989030809CA0308FA8ABF0B5D
:1066F200FF1A39FF800B196D300BBB3D5E89700BA1
:10670200EE3D0808014A89890008FF1A0008800B3B
:10671200003A800B045A3D6C040B47398989000802
:10672200FF1A1E19320BE83D2989030809CA39BF2D
:10673200800B136D300BBB3D6EB90308FF1A040BBF
:106742004A4989890008FF1A1E19320BE83D298936
:10675200040809CA49BF800B136D300BBB3D6E891B
:106762000008FF1A0308099A0308071A03080078A9
:10677200C83C89890008FF1A00080378873C899978
:106782000108FF1A4509710BDA3D0209550BE13D7B
:10679200030C0209560B033D003E320BC40C898DDB
:1067A200998D002B099999890008FF1A0008014A5E
:1067B2000008050B013F098F99890008FF1A1E196D
:1067C200320BE83D29890008040B464A09BF002B19
:1067D2000F890808FF1A08083C1A0808EA8A0808FC
:1067E200050B023F0F890008015A050B023F098F72
:1067F20099990108FF1A050B023F0F890008FF1A39
:10680200010809AA4309710BDA3D330B0E2901195C
:1068120089895D0BFF3D040B623999890008FF1AD3
:106822001E19320BE83D2989030809CA39BF040F32
:10683200003E320BC20C050B023F0F890008FF1A03
:10684200000800782E3C050B013F0F890008FF1A53
:1068520000080078267C0039020C0308014A3989B5
:106862000008FF1A0008800B003A800B045A196CCA
:10687200040B624939890008FF1A1E19320BE83DE0
:106882002989040809CA49BF800B136D300BBB3D2F
:106892006E890008FF1A00080378DF7C3989330B00
:1068A200D03D0D8C898D998DA98D002B0989002BE6
:1068B2001999042B462989890008FF1A1E19320BDF
:1068C200E83D29890A0809CAA98900081C4A09BFA2
:1068D200998F89990108FF1A01086A8A6A8A998937
:1068E2000008FF1A010809AA5109710BDA3D0908CB
:1068F200FF1A09080178093C02783B3C03784E3CB8
:106902000578350B453C350B710CA989330B293DB4
:10691200A99901081D4A19BF098FA98900081D4AB2
:1069220009BF800B136D300BBB3D6E890008FF1A47
:1069320000080278193CA98900081D4A09BF800B8A
:10694200136D300BBB3D6E890008FF1A0219320B22
:10695200E83D29890008040BBE4AFA8A09FF4F99CB
:1069620001080078350B713CA98900081C4A09BF4F
:10697200020FA9890008084A0008FA8ABF0BFF1A09
:1069820009FF800B196D300BBB3D5E890008007852
:10699200487CA98900081C4A09BF030FA98900087D
:1069A200024A09BF800B136D300BBB3D6E89000894
:1069B200FF1A0008031A00080178087CA989330B22
:1069C200293DA99901081D4A19BF098FA989000803
:1069D2001D4A09BF800B136D300BBB3D6E89000849
:1069E200FF1A00080278333CA98900081D4A09BF32
:1069F200800B136D300BBB3D6E890008FF1A021924
:106A0200320BE83D29890008040BBE4AFA8A09FFC5
:106A12004F99010800781B3C0A081C4AA9BF060FBF
:106A22005F0C0A08084A0A08FA8ABF0BFF1AA9FF74
:106A3200800B196D300BBB3D5EA9003989890008B6
:106A4200FF1A0008034A0008510B4B3D490C050B85
:106A5200023F0F890008014A050B023F098F050B0F
:106A6200013F0F890008FF1A00080078047C898919
:106A7200330BD03D350C050B013F0F990108FF1A6E
:106A82005309710BDA3D2C0CA9890008064A00084B
:106A9200FA8ABF0BFF1A09FF800B196D300BBB3D41
:106AA2005E8900080078077CA98900081C4A09BF92
:106AB200030F340BCF0C0A08064A0A08FA8ABF0BE6
:106AC200FF1AA9FF800B196D300BBB3D5EA900397F
:106AD20089890008FF1A0008034A0008510B4B3D40
:106AE200003E320BC00C898D998DA98DB98D002B7A
:106AF2000989002B19B9002B29A9042B4619898968
:106B02000008FF1A1E19320BE83D2989090809CA33
:106B120089990108FF1A01086A8A6A8AB9890008F4
:106B2200FF1A010809AA5209710BDA3D9989000876
:106B32001C4A09BF800B136D300BBB3D6E890008E8
:106B4200FF1A00080078143C0178360B663C027884
:106B5200360B873C0378360BA73C0478360BD43CC3
:106B62000578390BA53C0678390BC23C390BDB0C96
:106B72000B08FF1A0B080078390BDB7C9989000897
:106B8200044A09BF800B136D300BBB3D6E890008B0
:106B9200FF1A0008802A000899990108044A19BFBF
:106BA200098F99890008FA8ABF0BFF1A0C4A09FF5C
:106BB200004F99890008FA8ABF0BFF1A0D4A09FF94
:106BC200FF0BFF4F99890008FA8ABF0BFF1A094A87
:106BD20009FF004F005F99890008024A09BF800B34
:106BE200136D300BBB3D6E890008FF1A00081C1A9A
:106BF20000080078303C04782E3C08782C3C0C7855
:106C0200053C1078033C14780A3C3E0C9989000834
:106C1200FA8ABF0BFF1A0B4A09FF014F350C011903
:106C220099890008054A09BF800B136D300BBB3DE3
:106C32006E890008FF1A041C09ED01082A8AFE4D1C
:106C42000108014A99890008FA8ABF0BFF1A0B4A08
:106C520009FF19CF190C011999890008054A09BFC2
:106C6200800B136D300BBB3D6E890008FF1A041CAC
:106C720009ED01082A8AFE4D99890008FA8ABF0B9C
:106C8200FF1A0B4A09FF19CF670BF93D0999400911
:106C9200710BDA3D0908024A99BF800B136D300B64
:106CA200BB3D6E890008FF1A0008031A000803782A
:106CB200067C01198989340B533D390BDB0C02190F
:106CC2008989340B533D390BDB0CB9890008FF1A53
:106CD200000801780B7C998900081D4A09BF020F40
:106CE20009081C4A99BF000F390BDB0C0B08FF1A6D
:106CF2000B080278390BDB7C09081D4A99BF020F89
:106D020002198989340B533D390BDB0CB989000810
:106D1200FF1A000801780E7C89890008FF1A000812
:106D2200034A0008520B333D09081C4A99BF000F61
:106D3200390BDB0C0B08FF1A0B080378390BDB7CD1
:106D420003198989340B533D390BDB0CB9890008CF
:106D5200FF1A00080178137C998900081D4A09BFAF
:106D6200020F050B023F0F890008015A050B023F73
:106D7200098F09081C4A99BF000F390BDB0C0B085D
:106D8200FF1A0B080278390BDB7C050B023F0F89D7
:106D92000008015A050B023F098F09081C4A99BFD6
:106DA200060F390BDB0CB9890008FF1A00080178BD
:106DB200127C5E0BF83D998900081D4A09BF020F3B
:106DC20009081C4A99BF000F050B013F000F340B45
:106DD2001C3D390BDB0CB9890008FF1A0008027848
:106DE2000D7C5E0BF83D09081C4A99BF060F050B86
:106DF200013F000F340B1C3D390BDB0C0B08FF1A53
:106E02000B080478390BDB7C002B0039A999440963
:106E1200710BDA3D99890008104A0008FA8ABF0B03
:106E2200FF1A09FFA9CF99890008FA8ABF0BFF1A36
:106E32000C4A09FF800B196D300BBB3D5E890008BF
:106E4200A9DA086C99890008FA8ABF0BFF1A0C4A62
:106E520009FFA9CF99890008FA8ABF0BFF1A0D4AC8
:106E620009FF800B196D300BBB3D5E99A9890008A3
:106E720019DA086C99890008FA8ABF0BFF1A0D4AC1
:106E820009FFA9CF99890008024A09BF800B136D37
:106E9200300BBB3D6E890008FF1A00081C1A00085F
:106EA20000780D3C04780B3C0878093C0C78073CD0
:106EB2001078380B6C3C14783A3C380BC20C998928
:106EC2000008FA8ABF0BFF1A094A09FF800B1B6DE3
:106ED200300BBB3D5EA9800B1D6D300BBB3D5EB917
:106EE200A9890019020809CA030819EA9989000840
:106EF200FA8ABF0BFF1A094A09FF29CF39DF99899C
:106F02000008FA8ABF0BFF1A0B4A09FF800B196DA2
:106F1200300BBB3D5E990108015A99890008FA8A33
:106F2200BF0BFF1A0B4A09FF19CF380BC20C998904
:106F32000008FA8ABF0BFF1A0B4A09FF800B196D72
:106F4200300BBB3D5E890008025A382C9989000833
:106F5200FA8ABF0BFF1A094A09FF800B1B6D300B1F
:106F6200BB3D5EA9800B1D6D300BBB3D5EB9A9898F
:106F72000019020809CA030819EA99890008FA8A5D
:106F8200BF0BFF1A094A09FF29CF39DF9989000887
:106F9200FA8ABF0BFF1A0B4A09FF800B196D300BDF
:106FA200BB3D5E990108015A99890008FA8ABF0B14
:106FB200FF1A0B4A09FF19CF380BC20C9989000836
:106FC200FA8ABF0BFF1A094A09FF800B1B6D300BAF
:106FD200BB3D5E89800B1D6D300BBB3D5E9999A94F
:106FE2000208054A29BF800B136D300BBB3D6EA909
:106FF2000208FF1A041C29ED0108320BFF3DA99972
:10700200010809DA232C99990108FA8ABF0BFF1AA1
:10701200094A19FF800B1B6D300BBB3D5EA9800B2B
:107022001D6D300BBB3D5EB90A0809DAA98900194A
:10703200020809CA030819EA99890008FA8ABF0BEB
:10704200FF1A094A09FF29CF39DF210C9999010852
:10705200FA8ABF0BFF1A094A19FF800B1B6D300B0E
:10706200BB3D5EA9800B1D6D300BBB3D5EB90008B8
:10707200A9DA0019020809DA030819FA998900083D
:10708200FA8ABF0BFF1A094A09FF29CF39DF99890A
:107092000008FA8ABF0BFF1A094A09FF800B1B6D11
:1070A200300BBB3D5E89800B1D6D300BBB3D5E9985
:1070B20099A90208054A29BF800B136D300BBB3D0D
:1070C2006EA90208FF1A041C29ED0108320BFF3DCC
:1070D200002B09A9200C99890008FA8ABF0BFF1A14
:1070E200094A09FF800B1B6D300BBB3D5EA9800B6B
:1070F2001D6D300BBB3D5EB9A9890019020809CA92
:10710200030819EA99890008FA8ABF0BFF1A094A8B
:1071120009FF29CF39DF998900080C4A0008FA8A49
:10712200BF0BFF1A09FF800B196D300BBB3D5E9937
:10713200A989000819DA0B2C0B08042A998900087E
:10714200FA8ABF0BFF1A0B4A09FF004F1A0C9989E2
:1071520000080E4A0008FA8ABF0BFF1A09FF800BCB
:10716200196D300BBB3D5E890008A9DA0A2C0B08A9
:10717200022A99890008FA8ABF0BFF1A0B4A09FFF3
:10718200004F99890008FA8ABF0BFF1A0B4A09FFC0
:10719200800B196D300BBB3D5E89000800780D3CF9
:1071A20009081D4A99BF020F050B013F000F05197F
:1071B2008989340B533D390BA20C99890008024A84
:1071C20009BF800B136D300BBB3D6E890008FF1A9F
:1071D20000081C1A000800780B3C0478343C08783C
:1071E200483C0C785C3C10785A3C1478583C600C53
:1071F20099890008FA8ABF0BFF1A094A09FF800B16
:107202001B6D300BBB3D5E89800B1D6D300BBB3D92
:107212005E9999A90208054A29BF800B136D300BAC
:10722200BB3D6EA90208FF1A041C29ED0108320BAE
:10723200FF3D999901080A4A0108FA8ABF0BFF1A11
:1072420019FF09CF350C99890008FA8ABF0BFF1A7A
:107252000D4A09FF800B196D300BBB3D5E99998970
:1072620000080A4A0008FA8ABF0BFF1A09FF19CF61
:107272001F0C99890008FA8ABF0BFF1A0C4A09FFF2
:10728200800B196D300BBB3D5E99998900080A4A43
:107292000008FA8ABF0BFF1A09FF19CF090C998956
:1072A20000080A4A0008FA8ABF0BFF1A09FFA9CF91
:1072B200998900080A4A0008FA8ABF0BFF1A09FFD7
:1072C200800B196D300BBB3D5E995009710BDA3D95
:1072D2000B08012A0B0899890008044A09BFB98FD3
:1072E20099890008014A09BF800B136D300BBB3D21
:1072F2006E990108FF1A99890008044A09BF800B98
:10730200136D300BBB3D6E890008FF1A0108099A04
:107312000108071A01080078083C89990108FF1A38
:107322004509710BDA3D330B433D998900081D4A2B
:1073320009BF020F050B013F000F09081C4A99BF44
:10734200000F340B1C3D360CB9890008FF1A0008E7
:1073520001780D7C89890008FF1A0008034A000899
:10736200520B333D09081C4A99BF000F230C0B082E
:10737200FF1A0B0803781E7C03198989340B533DCD
:10738200190CB9890008FF1A000801780A7C99894A
:1073920000081D4A09BF020F09081C4A99BF000FC5
:1073A200090C0B08FF1A0B080278047C031989895F
:1073B200340B533D003E320BBE0C898D09B939891D
:1073C2000008FF1A0008BA8AFA8A0008050B033F70
:1073D200098F042B4609050B033F0F890008FF1A8A
:1073E2001E19320BE83D2989080809CA0308FF1A49
:1073F20003081F1A03080308FF1A0308155A3B0B58
:107402001A6C310B694A584E002B39BF8FDE5E8CE5
:1074120089BF800B136D300BBB3D6E890008FF1ACC
:107422003B0B1D0C0808014A89BF800B136D300B02
:10743200BB3D6E890008FF1A3B0B1D0C0808024A6F
:1074420089BF800B136D300BBB3D6E890008FF1A9C
:107452003B0B1D0C0808034A89BF800B136D300BD0
:10746200BB3D6E890008FF1A3B0B1D0C0808044A3D
:1074720089BF800B136D300BBB3D6E890008FF1A6C
:107482003B0B1D0C0808054A89BF800B136D300B9E
:10749200BB3D6E890008FF1A3B0B1D0C0808074A0A
:1074A20089BF800B136D300BBB3D6E890008FF1A3C
:1074B2003B0B1D0C0808064A89BF800B136D300B6D
:1074C200BB3D6E890008FF1A3B0B1D0C0808094AD8
:1074D20089BF800B136D300BBB3D6E890008FF1A0C
:1074E2003B0B1D0C0808084A89BF800B136D300B3B
:1074F200BB3D6E890008FF1A3B0B1D0C89890008F1
:10750200044A09BF800B136D300BBB3D6E89000826
:10751200FF1A0008FF0BF81A000889990108044AAB
:1075220019BF098F330B433D08080B4A89BF800BF3
:10753200136D300BBB3D6E890008FF1A7D0C0808E5
:107542000A4A89BF800B136D300BBB3D6E89000860
:10755200FF1A720C08080D4A89BF800B136D300B9D
:10756200BB3D6E890008FF1A670C08080C4A89BFE8
:10757200800B136D300BBB3D6E890008FF1A5C0C4B
:1075820008080F4A89BF800B136D300BBB3D6E8913
:107592000008FF1A510C08080E4A89BF800B136DB0
:1075A200300BBB3D6E890008FF1A460C8989000822
:1075B200044A09BF800B136D300BBB3D6E89000876
:1075C200FF1A0008FF0BF81A000889990108044AFB
:1075D20019BF098F330B433D0808114A89BF800B3D
:1075E200136D300BBB3D6E890008FF1A250C08088D
:1075F200104A89BF800B136D300BBB3D6E890008AA
:10760200FF1A1A0C08081C4A89BF800B136D300B35
:10761200BB3D6E890008FF1A0F0C050B013F0F8955
:107622000008FF1A090C050B023F0F890008FF1A18
:10763200030C00090008FF1A003E320BC40C898DAE
:10764200998D09B9002B198939890008FF1A000898
:10765200BA8AFA8A0008050B033F098F042B4619E0
:10766200050B033F0F890008FF1A1E19320BE83D74
:107672002989090809CA0308FF1A03081F1A0308FF
:107682000308FF1A0308105A3B0BCC6C310B794AE2
:10769200584E002B39BF8FDE5E8C99BF800B136D65
:1076A200300BBB3D6E990108FF1A0108011A01084F
:1076B20089890008FF1A0008011A00080008013A27
:1076C2000108099A0108FF1A010800781D3C9989EE
:1076D2000008044A09BF800B136D300BBB3D6E8955
:1076E2000008FF1A0008FF0B781A00089999010890
:1076F200044A19BF098F330B433D00290119050BB9
:10770200033F0F89350B743D99BF898F440C0908DB
:10771200014A99BF898F330B433D3D0C0908024A48
:1077220099BF898F380C0908034A99BF898F330C96
:107732000908044A99BF898F330B433D2C0C090871
:10774200054A99BF898F270C0908074A99BF898F73
:10775200220C0908064A99BF898F1D0C0908094A9B
:1077620099BF898F180C0908084A99BF898F130C91
:1077720009080D4A99BF898F0E0C09080C4A99BF56
:10778200898F090C09080F4A99BF898F040C0908CF
:107792000E4A99BF898F003E320BC20C040B463948
:1077A200050B033F0F890008FF1A1E19320BE83D33
:1077B2002989030809CA39BF800B136D300BBB3D01
:1077C2006E890008FF1A0008031A00080378157C66
:1077D20039BF800B136D300BBB3D6E890008FF1A59
:1077E2000008FF0BFD1A000839BF098F0029001994
:1077F200050B033F0F89350B743D0D8C898D042BCE
:10780200A00989BF800B136D300BBB3D6E89000848
:10781200FF1A0008011A00080078293C898900082B
:10782200044A09BF800B136D300BBB3D6E89000803
:10783200FF1A0008FF0B781A000889990108044A08
:1078420019BF098F00290119050B033F0F89350B59
:10785200743D89BF800B136D300BBB3D6E890008F0
:10786200FF1A0008FF0BFE1A000889BF098F003EAD
:10787200320BC40C09B919C929D9030BA469398976
:107882000008FF1A1019320BE83D2989060809CAB7
:10789200040BEE1939890008FF1A010809CA19BF39
:1078A200FF0F040BF1090308FF1A000839CA09BFC8
:1078B200FF0F69890008FA8ABF0BFF1A024A09FF03
:1078C20059CF0608FA8ABF0BFF1A014A69FF004F17
:1078D200050800781A3C0178053C02780A3C0478D5
:1078E200143C0D8C0242092B1352002B003287C22A
:1078F2000D8C00410408AA8A002B49C1010BCD7FDF
:10790200004F082B243187C10D8C00400408AA8A3D
:10791200002B49C0010BCC7F004F082B2F30408930
:107922000008020B012A09C00D8C09B93989000827
:10793200FF1A0219320BE83D29890008030B984A05
:10794200FA8A09FF4F9901080078093C0378443C00
:107952000478733C05783D0B523C3D0B7E0C5189FB
:107962000008201A00080078273C51890008FF0B04
:10797200DE1A09D141A7106C010BCC4939890008E4
:10798200FF1A0219320BE83D29890008FA8A040815
:1079920009CA49FF014F0D8C010BCC4939890008F6
:1079A200FF1A0219320BE83D29890008FA8A0408F5
:1079B20009CA49FF034F0D8C010BCC4939890008D4
:1079C200FF1A0219320BE83D29890008FA8A0408D5
:1079D20009CA49FF014F0D8C51890008041A000899
:1079E20000781B3C61890008040BF12939990108D0
:1079F200FF1A020819CA29BF098F010BCC4939891C
:107A02000008FF1A0219320BE83D29890008FA8A98
:107A1200040809CA49FF044F0D8C010BCC4939896E
:107A22000008FF1A0219320BE83D29890008FA8A78
:107A3200040809CA49FF014F0D8C518909990108AF
:107A4200041A01080078023C61890D8C0008080BB9
:107A5200001A00080078153C0ADA50890008BAFAC0
:107A620009D0010BCC4939890008FF1A0219320BDF
:107A7200E83D29890008FA8A040809CA49FF004F2B
:107A82000D8C010BCC4939890008FF1A0219320BFF
:107A9200E83D29890008FA8A040809CA49FF014F0A
:107AA2000D8C51890008080B001A00080078153C5B
:107AB2000ADA51890008BAFA09D1010BCC4939898D
:107AC2000008FF1A0219320BE83D29890008FA8AD8
:107AD200040809CA49FF004F0D8C010BCC493989B2
:107AE2000008FF1A0219320BE83D29890008FA8AB8
:107AF200040809CA49FF014F0D8C0051010BCC4902
:107B020039890008FF1A0219320BE83D2989000859
:107B1200FA8A040809CA49FF004F0D8C898D2D0C81
:107B22000ADA50890008BAFA09D0040BF53F0FB9F6
:107B320039890008014A040BF53F098F042929C934
:107B4200E30B7C59040BF43F0F890008FF1A141948
:107B5200320BE83D2989050809CA0308FF1A0508FE
:107B620039CA59BF800B136D300BBB3D6E990108AA
:107B7200FF1A49A900093C0B3B3D5089002B09899A
:107B820000080078663C89890008011A000800781C
:107B9200013C07D089890008201A00080078293C96
:107BA20057D040A7266CC08900084878053C497820
:107BB200053C4A78183C1C0C01601B0C0219070991
:107BC200560B5A3D0008FF1A0008201A00080078D8
:107BD200053C040BF43F000F84600B0C040BF43FD4
:107BE200010F8060060C040BF43F000F0060010CD3
:107BF200006089890008021A00080078013C17D049
:107C020089890008021A00080078013C77D0898926
:107C12000008041A00080078023C6089000889897B
:107C22000008081A00080078013C37D00808080B41
:107C3200001A080800783D0B917CC08900087F7803
:107C42009C7C040BF43F000F040BF53F000F440B28
:107C5200733D003E320BC40C898D002B0989898942
:107C62000008FF1A0219320BE83D29890008030BAC
:107C7200984AFA8A09FF4F99010800780D3C027868
:107C8200593C03783E0BD73C04783F0B223C0578E5
:107C9200400B553C400B930C508909990108011A7D
:107CA20001080078033C07D0400BA30C0999010896
:107CB200201A01080078253C57D040A7116C010B0F
:107CC200CC3989890008FF1A0219320BE83D29894B
:107CD2000008FA8A030809CA39FF014F400BA30CB6
:107CE200010BCC3989890008FF1A0219320BE83DD1
:107CF20029890008FA8A030809CA39FF024F400B92
:107D0200A30C0008081A00080078033C37D0400B87
:107D1200A30C010BCC3989890008FF1A0219320B16
:107D2200E83D29890008FA8A030809CA39FF014F88
:107D3200400BA30C508909990108041A0108007824
:107D42001C3C60890008040BEE2989990108FF1A7E
:107D5200020819CA29BF098F010BCC398989000889
:107D6200FF1A0219320BE83D29890008FA8A030832
:107D720009CA39FF034F400BA30C0008081A000878
:107D82000078033C37D0400BA30C010BCC39898916
:107D92000008FF1A0219320BE83D29890008FA8A05
:107DA200030809CA39FF014F400BA30C50890999F6
:107DB2000108041A010800782B3C60890008040BB2
:107DC200F12989990108FF1A020819CA29BF098FE6
:107DD200010BCC3989890008FF1A0219320BE83DE0
:107DE20029890008FA8A030809CA39FF044F010BDE
:107DF200CF3989890008FF1A0219320BE83D298917
:107E02000008FA8A030809CA39FF004F400BA30C85
:107E12000008081A00080078033C37D0400BA30C76
:107E2200010BCC3989890008FF1A0219320BE83D8F
:107E320029890008FA8A030809CA39FF014F400B51
:107E4200A30C508909990108011A01080078033C22
:107E520007D0400BA30C09990108201A01080078E9
:107E6200593C57D040A7456C89890008FF1A02196E
:107E7200320BE83D29890008030B9E4AFA8A09FF62
:107E82004F9901080078357C89890008FF1A00089B
:107E9200040BF14A09BF0F9989A90208FF1A0208C7
:107EA200040BEE4A29BF0F89560B5A3D0008FF1AF0
:107EB20009E089890008FF1A0219320BE83D298975
:107EC2000008030B9E4AFA8A09FF4FB90308014AC8
:107ED200010BCF4989890008FF1A0219320BE83DCC
:107EE20029890008FA8A040809CA49FF39CF400BD8
:107EF200A30C010BCC3989890008FF1A0219320B35
:107F0200E83D29890008FA8A030809CA39FF014FA6
:107F1200400BA30C09990108041A01080078343CAB
:107F220060A9020889890008FF1A0008040BF14AB7
:107F320009BF0F9989B90308FF1A0308040BEE4A17
:107F420039BF0F89560B913D89890008FF1A021922
:107F5200320BE83D29890008030B9E4AFA8A09FF81
:107F62004FB90308014A010BCF4989890008FF1A5A
:107F72000219320BE83D29890008FA8A040809CA65
:107F820049FF39CF400BA30C09990108021A0108D5
:107F920000784D3C17D00008801A00080078123C87
:107FA20077D0010BCC3989890008FF1A0219320BEC
:107FB200E83D29890008FA8A030809CA39FF054FF2
:107FC200400BA30C89890008FF1A0008040BF14A30
:107FD20009BF0F9989A90208FF1A0208040BEE4A89
:107FE20029BF0F89560B5A3D0008FF1A09E08989FB
:107FF2000008FF1A0219320BE83D29890008030B19
:108002009E4AFA8A09FF4FB90308014A010BCF4978
:1080120089890008FF1A0219320BE83D29890008F4
:10802200FA8A040809CA49FF39CF400BA30C0999FF
:108032000108080B001A010800781F3C0ADA50896F
:108042000008BAFA09D089990108FF1A0108040B3D
:10805200EE4A19BF0F89560B1E3D010BCC39898997
:108062000008FF1A0219320BE83D29890008FA8A32
:10807200030809CA39FF004F650C0008081A0008F6
:108082000078023C37D05E0C010BCC39898900089C
:10809200FF1A0219320BE83D29890008FA8A0308FF
:1080A20009CA39FF014F4E0C508909990108080B82
:1080B200001A010800781F3C0ADA50890008BAFA4F
:1080C20009D089990108FF1A0108040BEE4A19BF69
:1080D2000F89560B1E3D010BCC3989890008FF1A06
:1080E2000219320BE83D29890008FA8A030809CAF5
:1080F20039FF004F270C0008081A00080078023CDC
:1081020037D0200C010BCC3989890008FF1A0219DB
:10811200320BE83D29890008FA8A030809CA39FFA7
:10812200014F100C0050010BCC3989890008FF1A4D
:108132000219320BE83D29890008FA8A030809CAA4
:1081420039FF004F003E320BC40C898D998D032BF1
:10815200A4090008FF1A1019320BE83D2989080802
:1081620009CA002B529999890008401A0008007820
:108172000D3C89890008FA8ABF0BFF1A014A09FFE0
:10818200034F67D2020B0909710BF63D998900086A
:10819200801A000800780D3C89890008FA8ABF0B12
:1081A200FF1A014A09FF034F77D2020B0809710B2C
:1081B200F63D99890008041A00080078410BC43C76
:1081C20027D2898900080C4A09BF800B136D300B36
:1081D200BB3D6EB90308FF1A89890008FA8ABF0BF2
:1081E200FF1A054A09FF800B196D300BBB3D5EC9B2
:1081F20089890008FA8ABF0BFF1A09FF800B196DE3
:10820200300BBB3D5E890619320BE83D2989040813
:1082120009CA0408044A0408FA8ABF0BFF1A49FF74
:10822200800B196D300BBB3D5E890008015A0308B3
:1082320009F8087C89890008FA8ABF0BFF1A014AEB
:1082420009FF044F62B9030889890008FA8ABF0B43
:10825200FF1A054A09FF800B196D300BBB3D5EC941
:1082620089890008FA8ABF0BFF1A09FF800B196D72
:10827200300BBB3D5E890619320BE83D29890408A3
:1082820009CA0408024A0408FA8ABF0BFF1A49FF06
:10829200800B196D300BBB3D5E99898900080C4A31
:1082A20009BF800B136D300BBB3D6E890008FF1AAE
:1082B200010809CA19BF398F898900080C4A09BF08
:1082C200800B136D300BBB3D6E990108014A898901
:1082D20000080C4A09BF198F89890008FA8ABF0B66
:1082E200FF1A044A09FF800B196D300BBB3D5E99E2
:1082F2000108014A89890008FA8ABF0BFF1A044A59
:1083020009FF19CF898900080C4A09BF800B136D38
:10831200300BBB3D6EB90308FF1A89890008FA8A3F
:10832200BF0BFF1A054A09FF800B196D300BBB3DCD
:108332005EC989890008FA8ABF0BFF1A09FF800B00
:10834200196D300BBB3D5E890619320BE83D298958
:10835200040809CA0408044A0408FA8ABF0BFF1A6F
:1083620049FF800B196D300BBB3D5E890008015A35
:10837200030809F8087CF7C242F7FE2C528900086C
:108382000ADAEAAAFB2C99890008021A0008007886
:10839200430B783C17D289890008FA8ABF0BFF1A6F
:1083A200054A09FF800B196D300BBB3D5EB9898907
:1083B2000008FA8ABF0BFF1A09FF800B196D300BF8
:1083C200BB3D5E890619320BE83D2989030809CABB
:1083D2000308024A0308FA8ABF0BFF1A39FF800B0F
:1083E200196D300BBB3D5E99898900080C4A09BFA3
:1083F200800B136D300BBB3D6E890008FF1A01081C
:1084020009CA19BF800B136D300BBB3D6E89000882
:10841200FF1A09E2898900080C4A09BF800B136D13
:10842200300BBB3D6E990108014A898900080C4A4C
:1084320009BF198F898900080C4A09BF800B136D87
:10844200300BBB3D6EB90308FF1A89890008FA8A0E
:10845200BF0BFF1A054A09FF800B196D300BBB3D9C
:108462005EC989890008FA8ABF0BFF1A09FF800BCF
:10847200196D300BBB3D5E890619320BE83D298927
:10848200040809CA0408044A0408FA8ABF0BFF1A3E
:1084920049FF800B196D300BBB3D5E89030809F85B
:1084A200430B787C89890008FA8ABF0BFF1A09FFFF
:1084B200800B196D300BBB3D5E990108014A898919
:1084C2000008FA8ABF0BFF1A09FF19CF8989000831
:1084D200FA8ABF0BFF1A09FF800B196D300BBB3DE7
:1084E2005E99898900080D4A09BF800B136D300B14
:1084F200BB3D6E890008FF1A010809F80A7C8989C8
:108502000008FA8ABF0BFF1A014A09FF024F430B08
:10851200780C89890008FA8ABF0BFF1A054A09FFFD
:10852200800B196D300BBB3D5EB989890008FA8A50
:10853200BF0BFF1A09FF800B196D300BBB3D5E8923
:108542000619320BE83D2989030809CA39BF800B95
:10855200136D300BBB3D6E890008FF1A00080378CB
:108562000A3C89890008FA8ABF0BFF1A014A09FFEF
:10857200034F430B780C89890008FA8ABF0BFF1A54
:1085820009FF800B196D300BBB3D5E990108014A52
:1085920089890008FA8ABF0BFF1A09FF19CF898956
:1085A20000080C4A09BF000F89890008FA8ABF0B2C
:1085B200FF1A054A09FF800B196D300BBB3D5EB9EE
:1085C20089890008FA8ABF0BFF1A09FF800B196D0F
:1085D200300BBB3D5E890619320BE83D2989030841
:1085E20009CA39BF800B136D300BBB3D6E89000881
:1085F200FF1A00080178027CA7C2010C27C2002BD7
:108602000032E7C242E7FE2C528900080ADAEAAADF
:10861200FB2C346289890008FA8ABF0BFF1A054ACB
:1086220009FF800B196D300BBB3D5EB989890008CB
:10863200FA8ABF0BFF1A09FF800B196D300BBB3D85
:108642005E890619320BE83D2989030809CA030825
:10865200044A0308FA8ABF0BFF1A39FF800B196D0F
:10866200300BBB3D5E890008025A416C89890008C3
:10867200FA8ABF0BFF1A054A09FF800B196D300BEE
:10868200BB3D5EB989890008FA8ABF0BFF1A09FF50
:10869200800B196D300BBB3D5E890619320BE83D2C
:1086A2002989030809CA39BF800B136D300BBB3D02
:1086B2006E890008FF1A00080178197C52970F2C66
:1086C20052F7FC6C89890008FA8ABF0BFF1A014A2B
:1086D20009FF034F77D2020B0809710BF63DF7C26F
:1086E20042F7FE2C528900080ADAEAAAFB2C090892
:1086F200C61A09080078087C89890008FA8ABF0B23
:10870200FF1A014A09FF034F89890008FA8ABF0B41
:10871200FF1A014A09FF800B196D300BBB3D5E89C0
:10872200000802780F3C89890008FA8ABF0BFF1AF9
:10873200014A09FF800B196D300BBB3D5E890008B1
:108742000378287CF7C242F7FE2C528900080ADA25
:10875200EAAAFB2C89890008FA8ABF0BFF1A014A90
:1087620009FF800B196D300BBB3D5E890008027852
:10877200097C89890008FA8ABF0BFF1A014A09FF9E
:10878200044F080C89890008FA8ABF0BFF1A014AB4
:1087920009FF054F89890008FA8ABF0BFF1A014AAF
:1087A20009FF800B196D300BBB3D5E890008045A2E
:1087B2004B2C002B003289890008FA8ABF0BFF1A62
:1087C200044A09FF800B196D300BBB3D5E8900081E
:1087D2000078177C89890008FA8ABF0BFF1A074ABA
:1087E20009FF800B196D300BBB3D5E8900080078D4
:1087F200083C89890008FA8ABF0BFF1A014A09FF5F
:10880200004F89890008FA8ABF0BFF1A074A09FF3D
:10881200800B196D300BBB3D5E8900080078143C5B
:1088220089890008FA8ABF0BFF1A074A09FF800BE1
:10883200196D300BBB3D5E8909BD0808FA8ABF0B72
:10884200FF1A014A89FF004F003E320BC20C440B53
:10885200CE190709680BEC3D440BD5190809680BC2
:10886200EC3D440BDC190609680BEC3D01290019AB
:1088720002093C0B3B3D0D8C898D002B5889080861
:10888200FF1A07D80C09710BF63D040BF53F0FB91F
:1088920039890008014A040BF53F098F042929C9C7
:1088A200E30B7C59040BF43F0F890008FF1A1419DB
:1088B200320BE83D2989050809CA0308FF1A050891
:1088C20039CA59BF800B136D300BBB3D6E9901083D
:1088D200FF1A49A900093C0B3B3D080889D8003E14
:1088E200320BC40C898D002B58890808FF1A07D84F
:1088F2000509710BF63D0029681900093C0B3B3D47
:108902000229681901093C0B3B3D080889D8003E41
:10891200320BC40C40890008800B002A09C041892F
:108922000008800B002A09C142890008800B002A36
:1089320009C207C007C107C20D8C09B9030BA849B8
:1089420039890008FF1A1019320BE83D29890408F9
:1089520009CA0408FA8ABF0BFF1A49FF800B196D76
:10896200300BBB3D5E89000800780B3C0178053C6A
:1089720002780B3C04780D3C0D8C3989400BA63DE6
:108982000D8C39893E0B2D3D0D8C39893C0B963D62
:108992000D8C39893D0B8F3D0D8C050B0409710B34
:1089A200F63D0009CA3D0D8C050B0509710BF63D1C
:1089B2000109C33D0D8C050B0509710BF63D02093A
:1089C200BC3D0D8C000B517F4F8900080078460B8F
:1089D200B63C040BD83F0F990108FF1A184E632BBF
:1089E2007B3F8F890008FF1A0008800B003A0108BC
:1089F200800B003A09DA460B2B6CE10B883903082D
:108A0200024A040BD83F0F890008FF1A0619320BDD
:108A1200E83D2989030809CA39BF800B136D300B61
:108A2200BB3D6E890008FF1A0008FE781C7C001905
:108A320019B9E10B88490408034A040BD83F0F898E
:108A42000008FF1A0619320BE83D2989040809CAF1
:108A520049BF800B136D300BBB3D6E893999580BA2
:108A62007B3D460B230CE10B88390308024A040BB9
:108A7200D83F0F890008FF1A0619320BE83D2989F1
:108A8200030809CA39BF800B136D300BBB3D6E89D9
:108A92000008FF1A0008FC78367C011919B9E10BAD
:108AA20088490408034A040BD83F0F890008FF1ABB
:108AB2000619320BE83D2989040809CA49BF800B0F
:108AC200136D300BBB3D6E893999580B7B3D0919EB
:108AD20019B9E10B88490408034A040BD83F0F89EE
:108AE2000008FF1A0619320BE83D2989040809CA51
:108AF20049BF800B136D300BBB3D6E893999580B02
:108B02007B3D460B230CE10B88390308024A040B18
:108B1200D83F0F890008FF1A0619320BE83D298950
:108B2200030809CA39BF800B136D300BBB3D6E8938
:108B32000008FF1A0008FD78460B233CE10B883938
:108B42000308024A040BD83F0F890008FF1A0619CE
:108B5200320BE83D2989030809CA39BF800B136D1E
:108B6200300BBB3D6E890008FF1A0008FB781C7CA5
:108B720055B9E10B88490408034A040BD83F0F8911
:108B82000008FF1A0619320BE83D2989040809CAB0
:108B920049BF800B136D300BBB3D6E890008FF1A75
:108BA200030809AA39D54E0CE10B88390308024A99
:108BB200040BD83F0F890008FF1A0619320BE83D53
:108BC2002989030809CA39BF800B136D300BBB3DDD
:108BD2006E896A0BC33D09B90308FF1AE10B884984
:108BE2000408034A040BD83F0F890008FF1A06192C
:108BF200320BE83D2989040809CA49BF800B136D6D
:108C0200300BBB3D6E890008FF1A030809AA399987
:108C1200010819B9E10B88490408024A040BD83F3C
:108C22000F890008FF1A0619320BE83D298904084A
:108C320009CA49BF800B136D300BBB3D6E89399950
:108C42006A0BFA3D040BD83F0F890008014A040B56
:108C5200D83F098F040BD83F0F990108FF1A184E0D
:108C6200632B7B3F8F890008FF1A0008800B003AB4
:108C72000108800B003A09DA626C040BD83F0F89B5
:108C82000008FF1A0619320BE83D29890008610B1A
:108C9200884AFA8A584E002B09BF8FB9E10B8849DE
:108CA2000408065A040BD83F0F890008FF1A061958
:108CB200320BE83D2989040809CA0408FA8ABF0B65
:108CC200FF1A49FF800B196D300BBB3D5E8903080B
:108CD20009F8440BEA3C040BD83F0F890008FF1A3D
:108CE2000619320BE83D29890008610B884AFA8A85
:108CF200584E002B09BF8FB9E10B88490408065A68
:108D0200040BD83F0F890008FF1A0619320BE83D01
:108D12002989040809CA0408FA8ABF0BFF1A49FF05
:108D2200800B196D300BBB3D5E89030809DA03081D
:108D32000C5A39A900390909510B4B3D0D8C184EBB
:108D4200632B7B3F8F890008FF1A0008015A000835
:108D5200040BD83F098F0409720B353D0029001915
:108D62005F0BAA09660B9F3D0D8C040BD83F0F9930
:108D72000108FF1A184E632B7B3F8F890008FF1AE8
:108D82000008800B003A0108800B003A09DA480B10
:108D9200586CE10B88390308024A040BD83F0F894B
:108DA2000008FF1A0619320BE83D2989030809CA8F
:108DB20039BF800B136D300BBB3D6E890008FF1A63
:108DC2000008FE781C7C011919B9E10B88490408D6
:108DD200034A040BD83F0F890008FF1A0619320B09
:108DE200E83D2989040809CA49BF800B136D300B7D
:108DF200BB3D6E893999580B7B3D480B500CE10BFA
:108E020088390308024A040BD83F0F890008FF1A69
:108E12000619320BE83D2989030809CA39BF800BBC
:108E2200136D300BBB3D6E890008FF1A0008FC78F9
:108E32001C7C011919B9E10B88490408034A040B87
:108E4200D83F0F890008FF1A0619320BE83D29891D
:108E5200040809CA49BF800B136D300BBB3D6E89F4
:108E62003999580B7B3D480B500CE10B88390308AC
:108E7200024A040BD83F0F890008FF1A0619320B69
:108E8200E83D2989030809CA39BF800B136D300BED
:108E9200BB3D6E890008FF1A0008FD78480B503C64
:108EA200E10B88390308024A040BD83F0F890008F6
:108EB200FF1A0619320BE83D2989030809CA39BF8E
:108EC200800B136D300BBB3D6E890008FF1A000842
:108ED200FB781F7C55B9E10B88490408034A040B4F
:108EE200D83F0F890008FF1A0619320BE83D29897D
:108EF200040809CA49BF800B136D300BBB3D6E8954
:108F02000008FF1A00081A8A0308099A39D5480B83
:108F1200500CE10B88390308044A040BD83F0F892F
:108F22000008FF1A0619320BE83D2989030809CA0D
:108F320039BF800B136D300BBB3D6E890008FF1AE1
:108F42000008011A000800785A3C010B677F4F891C
:108F52000008021A00080078480B503CE10B8839DF
:108F62000308024A040BD83F0F890008FF1A0619AA
:108F7200320BE83D2989030809CA39BF800B136DFA
:108F8200300BBB3D6E896A0BC33D09B90308FF1A5A
:108F9200E10B88490408034A040BD83F0F890008F3
:108FA200FF1A0619320BE83D2989040809CA49BF8C
:108FB200800B136D300BBB3D6E890008FF1A000851
:108FC2001A8A0308099A3999010819B9E10B8849E3
:108FD2000408024A040BD83F0F890008FF1A061939
:108FE200320BE83D2989040809CA49BF800B136D79
:108FF200300BBB3D6E8939996A0BFA3D500CE10B7F
:1090020088390308024A040BD83F0F890008FF1A67
:109012000619320BE83D2989030809CA39BF800BBA
:10902200136D300BBB3D6E896A0BC33D09B9030852
:10903200FF1AE10B88490408034A040BD83F0F8941
:109042000008FF1A0619320BE83D2989040809CAEB
:1090520049BF800B136D300BBB3D6E890008FF1AB0
:1090620000081A8A0308099A3999010819B9E10B0B
:1090720088490408024A040BD83F0F890008FF1AE6
:109082000619320BE83D2989040809CA49BF800B39
:10909200136D300BBB3D6E8939996A0BFA3D040B97
:1090A200D83F0F890008015A040BD83F098F040BDF
:1090B200D83F0F990108FF1A184E632B7B3F8F8907
:1090C2000008FF1A0008800B003A0108800B003AE2
:1090D20009DA626C040BD83F0F890008FF1A0619DF
:1090E200320BE83D29890008610B884AFA8A584EFA
:1090F200002B09BF8FB9E10B88490408064A040B0B
:10910200D83F0F890008FF1A0619320BE83D29895A
:10911200040809CA0408FA8ABF0BFF1A49FF800B28
:10912200196D300BBB3D5E89030809F8460BB63C4E
:10913200E10B88390308064A040BD83F0F8900085F
:10914200FF1A0619320BE83D2989030809CA0308E8
:10915200FA8ABF0BFF1A39FF800B196D300BBB3D2A
:109162005EB9040BD83F0F890008FF1A0619320BAB
:10917200E83D29890008610B884AFA8A584E002B7B
:1091820009BF8F99030819DA03080C5A39A9003963
:109192000909510B4B3D0D8C040BD83F000F0509FB
:1091A200720B353D002900195F0BAA09660B9F3D22
:1091B2000D8C000D898D998D0008021A0008007827
:1091C2005B3C002B87090F0C89896A0BC33D099907
:1091D2000108FF1A0108FF0B3F1A010889896A0B6F
:1091E200FA3D0808014A89890008FF1A0008800B25
:1091F200003A800BA85A490BD76C89890008FF1ADC
:109202000008094C8C5A072C89890008FF1A0008AB
:10921200E84C905AE62C89890008FF1A0008A078C9
:10922200E03C89890008FF1A0008800B003A800B95
:109232008C5A0E6C89896A0BC33D09990108FF1A81
:109242000108FF0BCF1A010889896A0BFA3DC90C84
:1092520089890008FF1A0008A778B67C89896A0BF9
:10926200C33D09990108FF1A0108FF0BDF1A010823
:1092720089896A0BFA3DB50C1D8900082A8A044ABD
:10928200E30B5A19184E09A909BF19FE027D320BC8
:10929200513D002B0219002B87090F0C89896A0B9B
:1092A200C33D09990108FF1A0108FF0B3F1A010883
:1092B20089896A0BFA3D0808014A89890008FF1A60
:1092C2000008800B003A800BA85A706C898900084C
:1092D200FF1A0008094C8C5A072C89890008FF1ACA
:1092E2000008E94C905AE72C0019020C0108014AC7
:1092F20019A90208FF1A99890008FF1A0008800BB1
:10930200003A0208800B003A09DA176C89A90208B0
:10931200FF1A1DB903082A8A044A19890008FF1A8C
:10932200030809CA39BF800B136D300BBB3D6E8930
:109332000008FF1A020809F8D97C0108FF1A998966
:109342000008FF1A010809F8B67C89890008FF1A8B
:109352000008A078B03C89890008FF1A0008800B39
:10936200003A800B8C5A0E6C89896A0BC33D0999AD
:109372000108FF1A0108FF0BCF1A010889896A0B3D
:10938200FA3D990C89890008FF1A0008A778867CA3
:1093920089896A0BC33D09990108FF1A0108FF0B6D
:1093A200DF1A010889896A0BFA3D850C013E320BEE
:1093B200C20C000B517F19CF0009440BE33D0D8C09
:1093C200000D0029440BE31909096E0BA23D010BA4
:1093D200677F004F071931096A0BFA3D05193209F7
:1093E2006A0BFA3D600B873D013E320BC60C898D3C
:1093F200998DA98D002B0989002B001989890008F4
:10940200041A00080078023C0109010C0009000856
:10941200FF1A00080078203C002BCA29060C00190C
:10942200A9896A0BFA3D0A08014AA9890008FF1AAC
:109432000008F54CD05AF32C002BE029060C001939
:10944200A9896A0BFA3D0A08014AA9890008FF1A8C
:109452000008F54CF15AF32C0C190D096A0BFA3D70
:1094620037190B096A0BFA3D0F1910096A0BFA3DFD
:10947200191911096A0BFA3D13096A0BC33D0999BF
:109482000108FF1A0108602A010813096A0BFA3D54
:109492000D096A0BC33D09990108FF1A0108FF0B68
:1094A200F31A01080D096A0BFA3D002B0019002B73
:1094B2008029110C99890008FF1A0008630B5E4A83
:1094C200184E002B09BF8F99A9896A0BFA3D09082A
:1094D200014A0A08014AA9890008FF1A0008EA4C51
:1094E200855AE82C002B0019002B9029110C998920
:1094F2000008FF1A0008630B634A184E002B09BFCD
:109502008F99A9896A0BFA3D0908014A0A08014A9A
:10951200A9890008FF1A0008EA4CA85AE82C080892
:10952200201A08080078347CFF1976096A0BFA3D84
:10953200FF1978096A0BFA3DFF1901096A0BFA3D16
:10954200FF1929096A0BFA3DFF192C096A0BFA3D2A
:10955200001958096A0BFA3D001959096A0BFA3DBC
:10956200001971096A0BFA3DFF198E096A0BFA3D5F
:10957200FF19C7096A0BFA3DFE19C8096A0BFA3DC1
:10958200FF19C9096A0BFA3DFF19D2096A0BFA3DA4
:10959200003E320BC00C898D002B09898989000895
:1095A200101A00080078033C720B503D1B0C001986
:1095B2000509580B7B3D710B623D0808041A080827
:1095C2000078043C01192009580B7B3D0219180947
:1095D200580B7B3D02191F09580B7B3D02191D09CF
:1095E200580B7B3D003E320BC40C010B667F4F894A
:1095F2000D8C010B677F4F890D8C000D898D998D24
:10960200002B0999002B1989010B657F4F890008EE
:1096120000784B0BEA7C89890008201A0008007840
:10962200117C010B657F014F600B7E3D020B1C7F9D
:109632004F8900080078023C720B273D440B8B3D9A
:109642008989A93D89890008011A00080078057CEA
:10965200720B4D3D9989610B9E3D010B667F99CF3F
:10966200010B677F89CF89890008201A00080078DA
:109672004B0BE63C1D8900082A8A044AE30B5C195D
:10968200184E09A909BF19FE027D320B513D002B6C
:109692000219020B1C7F4F8900080078043C6F0BF3
:1096A200593D690BCB3D8989490BF83D002B870950
:1096B2000F0C89896A0BC33D09990108FF1A010839
:1096C200FF0B3F1A010889896A0BFA3D0808014A13
:1096D20089890008FF1A0008800B003A800BA85AFB
:1096E200706C89890008FF1A0008094C8C5A072CF3
:1096F20089890008FF1A0008E94C905AE72C0019E2
:10970200020C0108014A19A90208FF1A99890008E6
:10971200FF1A0008800B003A0208800B003A09DAAF
:10972200176C89A90208FF1A1DB903082A8A044A7C
:1097320019890008FF1A030809CA39BF800B136D83
:10974200300BBB3D6E890008FF1A020809F8D97C6C
:109752000108FF1A99890008FF1A010809F8B67C66
:1097620089890008FF1A0008A078B03C898900089E
:10977200FF1A0008800B003A800B8C5A0E6C898904
:109782006A0BC33D09990108FF1A0108FF0BCF1AA2
:10979200010889896A0BFA3D990C89890008FF1A28
:1097A2000008A778867C89896A0BC33D099901085C
:1097B200FF1A0108FF0BDF1A010889896A0BFA3DBB
:1097C200850C010B657F004F040C0019FF09490B42
:1097D200DA3D013E320BC20C02190F09580B7B3DD8
:1097E20010094A0BCC3D0D8C88F7026C01090D8CD7
:1097F20000090D8C6F0BC849710B1039670B862954
:10980200700BB3190609610B4A3D9009710BF63DC5
:10981200584E312B113F8F890008FA8ABF0BFF1A6D
:10982200084A09FF800B196D300BBB3D5EA9584EEB
:10983200312B113F8F890008FA8ABF0BFF1A074AA2
:1098420009FF800B196D300BBB3D5E99584E312BD1
:10985200123F8F894F3D020B1C7F09CF020B1C7FE9
:109862004F8900080078453C584E312B113F8F89B3
:109872000008FA8ABF0BFF1A024A09FF800B196D12
:10988200300BBB3D5E89584E312B123F8F99010838
:10989200FA8ABF0BFF1A024A19FF800B196D300BAF
:1098A200BB3D5E99000819F8217C584E312B113FBF
:1098B2008F890008FA8ABF0BFF1A034A09FF800B3F
:1098C200196D300BBB3D5E89584E312B123F8F997B
:1098D2000108FA8ABF0BFF1A034A19FF800B196DA0
:1098E200300BBB3D5E99000819F8033C020B1C7F4C
:1098F200004F0D8C898D002B198909990108FA8A6C
:10990200BF0BFF1A014A19FF800B196D300BBB3DCB
:109912005E990108A50B9678023C00095A0C099938
:109922000108FA8ABF0BFF1A084A19FF800B196D4A
:10993200300BBB3D5E99010889F8023C0009490CD5
:1099420009990108FA8ABF0BFF1A074A19FF800B0F
:10995200196D300BBB3D5E99010829F8023C0009E4
:10996200380C09990108FA8ABF0BFF1A054A19FF38
:10997200800B196D300BBB3D5E9909A90208FA8A6A
:10998200BF0BFF1A044A29FF800B196D300BBB3D38
:109992005EA9010829DA0108014A19A90208700B17
:1099A200015A022C0009150C0108045A0008FA8A0F
:1099B200BF0BFF1A044A09FF800B196D300BBB3D28
:1099C2005E89700B6E3D000889F8023C0009010CAB
:1099D2000109003E320BC40C898D998D002B098937
:1099E200002B19999809710BF63D8999FF0BFC0917
:1099F200320B1F3D9999FF0BFE09320B1F3D003EB2
:109A0200320BC20C898D998D000B527F4F89000851
:109A1200095A4F0B476C310B544A584E002B09BF61
:109A22008FDE5E8C9109710BF63D020B1B7F002BC2
:109A32004F890808AA8A0808900B004A002B0019CF
:109A42001C0C000BA6390308FA8ABF0BFF1A021975
:109A52009989320BE83D29890008FA8A030809CA64
:109A620039FF800B196D300BBB3D5E998989000867
:109A720099CA320B1F3D0908014A040BFD3F0F9999
:109A82000108FF1A0108FA8A9989000819DAD92C03
:109A9200020B1B7F4F99040BFD3F0F890008FF1A31
:109AA200010809CA020B1B7F19CF4F0B4A0C9209FE
:109AB200710BF63D020B1B7F004F020B1C7F4F897F
:109AC20000080078073C720B273D5A0BE63D020B5B
:109AD2001C7F004F000BA63F0F990108FF1A0108D7
:109AE2006A8A6A8A000BA73F0F890008FF1A0108D9
:109AF20009CA0108FA8A020B1A7F19CF020B1A7FD0
:109B02004F890008700B015A052C000BE83F030F28
:109B12004F0B4A0C902B000989890008700B005AE0
:109B22004F0B4A6C89999A09710BDA3D89890008B1
:109B3200AA8A320B453D0808020B004AED0C000BC5
:109B4200A63F002B0F990908FF1A09086A8A6A8A38
:109B5200000BA73F0F890008FF1A090809CA000B6A
:109B6200A83F002B0F890808FF1A08086A8A6A8A28
:109B7200000BA93F0F890008FF1A080809CA9309B8
:109B8200710BF63D89A99999B00B0009584E312BFA
:109B9200113F8FB9000839DA4C0B7B3D0008007881
:109BA200057C000BE83F040F4F0B4A0C9999010901
:109BB2004C0BED3D0519390BA0094A0BFE3D4F0B2D
:109BC2004A0C000BA63F002B0F990908FF1A09083F
:109BD2006A8A6A8A000BA73F0F890008FF1A0908E0
:109BE20009CA000BA83F002B0F890808FF1A0808B2
:109BF2006A8A6A8A000BA93F0F890008FF1A0808BF
:109C020009CA9409710BF63D584E312B113F8F89C9
:109C12000008FA8ABF0BFF1A084A09FF800B196D68
:109C2200300BBB3D5E89090809F8127C584E312B76
:109C3200113F8F890008FA8ABF0BFF1A074A09FFF2
:109C4200800B196D300BBB3D5E89080809F8053C95
:109C5200000BE83F060F4F0B4A0C020B1C7F4F898B
:109C620000080078243C584E312B123F8F8900089F
:109C7200FA8ABF0BFF1A074A09FF800B196D300BD6
:109C8200BB3D5E89090809F8127C584E312B123F00
:109C92008F890008FA8ABF0BFF1A084A09FF800B56
:109CA200196D300BBB3D5E89080809F8053C000BB5
:109CB200E83F070F4F0B4A0C000BE83F000F4F0B1A
:109CC2004A0C9509710BF63D020B1B7F002B4F8945
:109CD2000808900B004A002B0019180C000BA6096B
:109CE2009999000819CA0008FA8ABF0BFF1A09FFDE
:109CF200800B196D300BBB3D5E998989000899CAAA
:109D02000008AA8A320B1F3D0908024A040BFD3FD4
:109D12000F990108FF1A9989000819DADF2C020B42
:109D22001B7F4F99040BFD3F0F890008FF1A0108A2
:109D320009CA020B1B7F19CF4F0B4A0C9609710BF4
:109D4200F63D020B1C7F4F8900080078053C720B20
:109D5200273D020B1C7F004F000BA63F0F99010805
:109D6200FF1A01086A8A6A8A000BA73F0F89000856
:109D7200FF1A010809CA0108FA8A020B1A7F19CFD1
:109D8200900B0009584E312B123F8F99000819DAB7
:109D9200020B1A7F4F99000819DA046C000BE83F96
:109DA200030F770C902B000989890008700B005A69
:109DB200706C89999A09710BDA3D8989320B453D9C
:109DC2000808020B004AF00C9709710BF63D584E39
:109DD200312B113F8F890008FA8ABF0BFF1A084AFC
:109DE20009FF800B196D300BBB3D5EA9584E312B1C
:109DF200113F8F890008FA8ABF0BFF1A074A09FF31
:109E0200800B196D300BBB3D5E99584E312B123FC2
:109E12008F894C0B7B3D00080078047C000BE83FE7
:109E2200040F370C020B1C7F014F584E312B123F8F
:109E32008F890008FA8ABF0BFF1A09FF800B196D80
:109E4200300BBB3D5E8909BD240C000BA63F0F8978
:109E52000008FF1A0008DE780C7C000BA73F0F8970
:109E62000008FF1A0008AD78047C000BE83F080FD9
:109E7200100C000BE83F010F0C0C4B0BF53D0008DA
:109E82000078077C000BE83F010F030C000BE83F52
:109E9200080F000BE83F0F890008FF1A0008057839
:109EA200037C000BE83F000F003E320BC20C04089B
:109EB20009DA050819FA020809DA030819FA040886
:109EC20029DA050839FA022C0109010C00090008F7
:109ED200FF1A0D8C020809DA030819FA040809DAD4
:109EE200050819FA020849DA030859FA026C01094D
:109EF200010C00090008FF1A0D8C09A919B9020802
:109F0200005A0308017A062CFF0BF0190009680BAE
:109F1200303D0D8C09990009680B303D0D8C0D8C7C
:109F2200898D998DA98DB98D002B0999002B29A9AD
:109F3200002B39B9000B753999990108040BC64AEF
:109F420019BF0F890008FF1A0219320BE83D29894F
:109F52000008FA8A030809CA39FF004F000BC07FC4
:109F62004F890008015A090809F80A7C000BC07FD2
:109F72004F890008015A000BC07F09CF500BB80C63
:109F8200000BC07F4F890008015A000BC07F09CF28
:109F92000008040BC64A09BF0F99040BC60999A908
:109FA200000829CA09BF198F000BC07F4F8900081A
:109FB200025A500BB82C0A08005A0B08800B007A80
:109FC200002B99890808014A08082A8A000BC07FD9
:109FD2004F89000889DA500BB82C000BC07F4F89DB
:109FE200080809F8323C89990108040BC64A19BFCE
:109FF2000F890008FF1A0419320BE83D298900086D
:10A00200010B084AFA8A09FF5FC96FD9040BC50917
:10A012008999000819CA09BF800B136D300BBB3D2B
:10A022006E890008FF1A0419320BE83D29890008DD
:10A03200010B084AFA8A09FF5FA96FB9A989B99980
:10A042004F0B6B3D000800783D3C0808015A3A0C62
:10A05200000BC07F4F89080809F8323C8999010832
:10A06200040BC64A19BF0F890008FF1A0419320BE4
:10A07200E83D29890008010B084AFA8A09FF5FC9ED
:10A082006FD9040BC5098999000819CA09BF800B49
:10A09200136D300BBB3D6E890008FF1A0419320B99
:10A0A200E83D29890008010B084AFA8A09FF5FA9DD
:10A0B2006FB9A989B9994F0B6B3D00080078023C32
:10A0C2000808015A99990108040BC64A19BF0F8959
:10A0D2000008FF1A0419320BE83D29890008010B18
:10A0E200084AFA8A09FF5FC96FD989990108040BE6
:10A0F200C64A19BF0F890008FF1A0419320BE83D3E
:10A1020029890008010B084AFA8A09FF5FA96FB979
:10A11200A989B9994F0B6B3D00080078283C9999A1
:10A122000108040BC64A19BF0F8989990108040B5B
:10A13200C64A19BF0FA9040BC619010899CA19BF4B
:10A14200298F040BC61989A9010829CA19BF098FC9
:10A15200002B8999002B99890808014A08082A8A44
:10A16200000BC07F4F89000889DA500B296C003E32
:10A17200320BBE0C898D998DA98D670BF93D002B91
:10A182000989002B1999350C040BC63F0F99010858
:10A19200FF1A030B0009710BDA3D040BC63F002BBB
:10A1A2000FA989A999B900094F0B913DA989000806
:10A1B200FF1A0219320BE83D29990108010B624A84
:10A1C200FA8A19FF4F8909B9A9890008FF1A0219E9
:10A1D200320BE83D29890008010B444AFA8A09FF3B
:10A1E2004F99398919BD670BF93D002B0989002B5D
:10A1F2001999000BC07F4F8900080078223C89C959
:10A2020099D90408034A0508006A040BC63F0F895E
:10A212000008FF1A0419320BE83D29890008010BD6
:10A22200084AFA8A09FF5FA96FB9898999990008D2
:10A23200005A0108800B007A4F0B583D0008007845
:10A24200A37C000BC07F4F8900080078173C040BE9
:10A25200C63F0F890008FF1A0419320BE83D29B9DD
:10A262000308010B084AFA8A39FF5F896F990008CF
:10A2720089DA010899FA4F0B7E3D090C000BC07F69
:10A282004F8900080078037C0009700BDB3D003E1B
:10A29200320BC00C898D998DA98DB98DC98DD98D3F
:10A2A200E98D002B0999002B29A9002B39B999892D
:10A2B2000008FF1A0008800B003A800B0F5A520B5D
:10A2C200306C002B58E90E08FF1A07D8999901083B
:10A2D200FF1A030B0609710BDA3D99890008FF1A70
:10A2E2000219320BE83D29890008000BEA4AFA8A72
:10A2F20009FF4F9901080078033C9989520B333DBD
:10A30200670BF93D002B09C9002B19D9A989B99905
:10A312000008055A0108007A046C002B0529002B5D
:10A322000039000BC07F002B4F89000BC07F4F8983
:10A332000008014A000BC07F09CF040BC6098999A6
:10A34200000819CA09BF998FC989D9990008A9CAF1
:10A352000108B9EA09C919D9000B84399989000899
:10A36200FF1A0419320BE83D29890008FA8A03080A
:10A3720009CA39FF49CF59DF000B7539998900089D
:10A38200FF1A0219320BE83D29890008FA8A0308EC
:10A3920009CA39FF014F080800785D3C002B8999F2
:10A3A2000908015A0908AA8A080C002B9989002B6E
:10A3B20089990908015A0908AA8A99990108040B7E
:10A3C200C64A19BF0F890008FF1A0419320BE83D6B
:10A3D20029890008010B084AFA8A09FF5FC96FD967
:10A3E20089990108040BC64A19BF0F890008FF1A90
:10A3F2000419320BE83D29890008010B084AFA8A40
:10A4020009FF5FA96FB9C989D9990008005A0108E3
:10A41200800B007A4F0B6B3D000800781C3C899939
:10A422000108040BC64A19BF0F8999990108040B48
:10A43200C64A19BF0FA9040BC619010889CA19BF58
:10A44200298F040BC61999A9010829CA19BF098FB6
:10A4520009080078AA7C500BBB3D0E08E9D8003EE3
:10A46200320BB80C898D998DA98DB98D09B93989AD
:10A472000008FF1A0008800B003A800B0F5A6A6C22
:10A48200002B58990908FF1A07D839890008FF1AC2
:10A492000219320BE83D29890008000BEA4AFA8AC0
:10A4A20009FF4F9901080078533C002B0009020C68
:10A4B2000808014A39990108FF1A89A90208040B00
:10A4C200C64A29BF0F890008FF1A010809F8073C8C
:10A4D200000BC07F4F998989000819DAE92C899904
:10A4E20001086A8A6A8A0308FF1A010839AA030B5B
:10A4F2000409710BDA3D670BF93D002B09A9002B0A
:10A5020019B9A9A9B9B989894F0B913D500BBB3D26
:10A51200000BC07F4F8900080078173C040BC63F30
:10A522000F890008FF1A0419320BE83D29B9030804
:10A53200010B084AFA8A39FF5F896F990008A9DA84
:10A542000108B9FA4F0B7E3D030C0009700BDB3D8D
:10A55200090899D8003E320BBE0C0019060C0008FF
:10A56200FF1A0008AA8A0108014A09A90208FF1A6B
:10A5720002080078F47C19890008FF1A0008015AC1
:10A5820000080008FF1A0D8C09A90208FF1A020828
:10A59200040BF64A29BF0F990108FF1A09A90208FC
:10A5A200FF1A0208040BF84A29BF0FB90308FF1A61
:10A5B2000108399A01080008FF1A00080078033CD4
:10A5C2000178053C0D8C78096A0BFA3D0D8C7609F1
:10A5D2006A0BFA3D0D8C040BFC3F0F890008FF1A31
:10A5E2000008FF0BFD1A0008040BFC3F098F00094D
:10A5F200CB3D0109C93D0D8C898D998DA98DB98DF0
:10A60200C98D002B1989002B2999002B00296A0B6F
:10A61200C33D002B09B9B9890008FF1A0008007868
:10A62200530BDF3CB9990108FF1A6009710BDA3D3F
:10A63200B9890008FF1A0008401A00080078033C94
:10A6420000096A0BC33D002B0049530BD00CB9899A
:10A652000008FF1A01190C08FF1A041CC9ED0108B1
:10A662002A8AFE4D0008199A00080078530BCE3C46
:10A6720099890008FF1A0008040BF64A09BF0F99CE
:10A682000108FF1A01081A8A01090C08FF1A041CA2
:10A69200C9ED00082A8AFE4D0108099A01080078CE
:10A6A200433C010BEA3989890008FF1A1019320B61
:10A6B200E83D29890008FA8A030809CAC9890008FD
:10A6C200FF1A0219320BE83D29890008FA8A0308A9
:10A6D20009CA39FF800B196D300BBB3D5E8900083A
:10A6E2000078223C6109710BF63D010BEA39898938
:10A6F2000008FF1A1019320BE83D29890008FA8A6E
:10A70200030809CAC9890008FF1A0219320BE83D79
:10A7120029890008FA8A030809CA39FF800B196DD2
:10A72200300BBB3D5E8909BD89990108FF1A0108FA
:10A73200040BFA4A19BF0F890008FF1A01190C0805
:10A74200FF1A041CC9ED01082A8AFE4D000819AA45
:10A752000008040BFA2989990108FF1A020819CA8C
:10A7620029BF098F99890008FF1A0008040BF84ACB
:10A7720009BF0F990108FF1A01081A8A01090C087A
:10A78200FF1A041CC9ED00082A8AFE4D0108099A25
:10A7920001080078023C002B01290C08014AC989F2
:10A7A2000008FF1A0008530B284C085A530B282C98
:10A7B2000A080078033C0109550BE13D003E320BCB
:10A7C200BC0C02890008FF1A0008041A000800786D
:10A7D200053C012901197709520BFD3D0D8C0289B7
:10A7E2000008FF1A0008081A00080078053C002932
:10A7F20000197909520BFD3D0D8C040BF83FFF0F38
:10A80200040BF93FFD0F040BF63FFF0F040BF73F5C
:10A81200FD0FFF1978096A0BFA3DFD1976096A0BDB
:10A82200FA3D0019C6096A0BFA3D040BFA3F000F04
:10A83200040BFB3F000F00096A0BC33D28096A0B9A
:10A84200C33D2B096A0BC33D5E096A0BC33D5F0919
:10A852006A0BC33D60096A0BC33D61096A0BC33DC4
:10A8620074096A0BC33D75096A0BC33D8D096A0BF6
:10A87200C33DBE096A0BC33DBF096A0BC33DC00994
:10A882006A0BC33DC1096A0BC33DC2096A0BC33DD2
:10A89200C3096A0BC33DD1096A0BC33DD9096A0BCF
:10A8A200C33D0039200C010BEA4939890008FF1A1F
:10A8B2000219320BE83D29890008FA8A040809CAFC
:10A8C20049FF004F010BF24939890008FF1A0219AA
:10A8D200320BE83D29890008FA8A040809CA49FFAF
:10A8E200004F0308014A39890008FF1A0008DB4CAF
:10A8F200085AD92C530BE2190309680BEC3D530B90
:10A90200F0190D09680BEC3D03020D8C898D002BAB
:10A9120058890808FF1A07D8040BF83FFF0F040BE9
:10A92200F93FFD0F0009520BEC3D080889D8003EA3
:10A93200320BC40C898D09B9002B58890808FF1AFB
:10A9420007D8E30BB8490408024A39890008FF1AFC
:10A952000419320BE83D2989040809CA49BF800B52
:10A96200136D300BBB3D6E890008FF1A0008040B03
:10A97200F64A09BF0FC90408FF1AE30BB8590508C4
:10A98200034A39890008FF1A0419320BE83D298964
:10A99200050809CA59BF800B136D300BBB3D6E8988
:10A9A2000008FF1A00081A8A0408099A0408040B0E
:10A9B200F659E30BB8690608024A39890008FF1AFA
:10A9C2000419320BE83D2989060809CA69BF800BC0
:10A9D200136D300BBB3D6E890008FF1A050809CACA
:10A9E20059BF498FE30BB8490408024A3989000864
:10A9F200FF1A0419320BE83D2989040809CA49BF24
:10AA0200800B136D300BBB3D6E89520BC53D0808A0
:10AA120089D8003E320BC40C898D09B9002B5889A4
:10AA22000808FF1A07D8E30BB8490408024A398913
:10AA32000008FF1A0419320BE83D2989040809CAE3
:10AA420049BF800B136D300BBB3D6E890008FF1AA6
:10AA52000008040BF64A09BF0FC90408FF1AE30BEA
:10AA6200B8590508034A39890008FF1A0419320B3C
:10AA7200E83D2989050809CA59BF800B136D300BBF
:10AA8200BB3D6E890008FF1A040809AA0408040BDA
:10AA9200F659E30BB8690608024A39890008FF1A19
:10AAA2000419320BE83D2989060809CA69BF800BDF
:10AAB200136D300BBB3D6E890008FF1A050809CAE9
:10AAC20059BF498FE30BB8490408024A3989000883
:10AAD200FF1A0419320BE83D2989040809CA49BF43
:10AAE200800B136D300BBB3D6E89520BC53D0808C0
:10AAF20089D8003E320BC40C898D998D002B0989AF
:10AB0200002B1999090800783D3CE30BB83903087A
:10AB1200014A89890008FF1A0419320BE83D298984
:10AB2200030809CA39BF800B136D300BBB3D6E8918
:10AB3200520BAE3D09B9010BEA4989890008FF1A97
:10AB42000419320BE83D29990108630BB84A184EE3
:10AB5200002B19BF8F890008FF1A1019320BE83D2C
:10AB620029890008FA8A040809CA39890008FF1AE3
:10AB72000219320BE83D29890008FA8A040809CA39
:10AB820049FF99CF003E320BC20C040BDB3F0F99F9
:10AB92000108FF1A040BDA3F0F890008FF1A0008A8
:10ABA2001A8A0108099A01080078053C0119050969
:10ABB200580B7B3D0D8C00190509580B7B3D0D8C04
:10ABC200898D998D002B0999002B58890808FF1A45
:10ABD20007D899990108FF1A8009710BDA3D040B15
:10ABE200DB3F0F890008FF1A0908FF1A000899AA1B
:10ABF2000008040BDB3F098FC83D080889D8003ED6
:10AC0200320BC20C898D002B58890808FF1A07D80D
:10AC1200040BDB3F0F990108FF1A0008FF1A000816
:10AC22001A8A0108099A0108040BDB3F198FAD3D0E
:10AC3200080889D8003E320BC40C09B939890008CA
:10AC4200FF1A0008800B003A800B0E5A316C030B7E
:10AC52002E4939890008FF1A0819320BE83D298963
:10AC6200040809CA0408FA8ABF0BFF1A49FF800BBD
:10AC7200196D300BBB3D5E8900080078163C030B52
:10AC82002E4939890008FF1A0819320BE83D298933
:10AC9200040809CA0408FA8ABF0BFF1A49FF800B8D
:10ACA200196D300BBB3D5E8909BD010B937F004FCF
:10ACB2000D8C09D919C9003959890008FF1A0008F1
:10ACC200064C0E5A042C39890008FF1A0D8C59893A
:10ACD2000008FF1A0819320BE83D29890008030B06
:10ACE200284AFA8A09FF4F9901080078123C4989DB
:10ACF20009B959890008FF1A0819320BE83D298958
:10AD02000008030B284AFA8A09FF4F99398919BDAD
:10AD120009B9010B937F004F39890008FF1A0D8C86
:10AD220009D919C929B959890008FF1A0008800BE5
:10AD3200003A800B0E5A376C030B2A6959890008B6
:10AD4200FF1A0819320BE83D2989060809CA0608C4
:10AD5200FA8ABF0BFF1A69FF800B196D300BBB3DDE
:10AD62005E89000800781C3C3999498919B909C9DA
:10AD7200030B2A6959890008FF1A0819320BE83DAA
:10AD82002989060809CA0608FA8ABF0BFF1A69FF51
:10AD9200800B196D300BBB3D5EA94989399929BDDC
:10ADA200010B937F004F0D8C898D002B09898989B6
:10ADB2000008FF1A00082C5A570BDC6C310B4B4A67
:10ADC200584E002B09BF8FDE5E8C720B393D000896
:10ADD200FF1A570BDF0C710B3B3D00083A8A000843
:10ADE2000008FF1A570BDF0C584E302BF73F8F89A4
:10ADF20000080008FF1A570BDF0C584E302BF83FA3
:10AE02008F8900080008FF1A570BDF0C040BDA3F8A
:10AE12000F890008FF1A570BDF0C040BDB3F0F8969
:10AE22000008FF1A570BDF0C020B1C7F4F8900082A
:10AE32000078073C5A0BF53D00080008FF1A570B33
:10AE4200DF0C01090008FF1A570BDF0C020B1C7FF5
:10AE52004F8900080078043C040BDE095C0B163DA8
:10AE6200020B1C7F4F8900080078103C040BCD09AF
:10AE72000808FF1A000889CA09BF800B136D300B3E
:10AE8200BB3D6E890008FF1A570BDF0C0009000852
:10AE9200FF1A570BDF0C00090008FF1A570BDF0CD3
:10AEA200000BE63F0F890008FF1A570BDF0C000B5F
:10AEB200E73F0F890008FF1A570BDF0C584E302B63
:10AEC200F73F8F8900080008FF1A780C584E302B84
:10AED200F83F8F8900080008FF1A700C584E312B7A
:10AEE200133F8FB989890008FF1A0008205A0819F0
:10AEF200320BE83D298900080008FF1A041C09EDFD
:10AF02000308AA8AFE4D398900080008FF1A560C68
:10AF1200184E622B283F8F890008FF1A4F0C584E9B
:10AF2200302BF93F8F8900080008FF1A470C584E52
:10AF3200302BFA3F8F8900080008FF1A3F0C584E49
:10AF4200302BF73F8F8900080008FF1A370C584E44
:10AF5200302BF83F8F8900080008FF1A2F0C584E3B
:10AF6200312B113F8F890008FA8ABF0BFF1A024A60
:10AF720009FF800B196D300BBB3D5E89000800088C
:10AF8200FF1A1C0C584E312B113F8F890008FA8A88
:10AF9200BF0BFF1A034A09FF800B196D300BBB3D33
:10AFA2005E8900080008FF1A090C040BDD3F0F89B7
:10AFB2000008FF1A030C00090008FF1A003E320BBA
:10AFC200C40C09A90208FF1A02080378433C10784E
:10AFD2001B3C1178283C1278263C1378243C1478C8
:10AFE200223C1578203C16781E3C17781C3C1878B9
:10AFF200233C1978053C1B78333C2B78773C0D8C2D
:10B00200040BDC3F198F0D8C020B1C7F4F8901084A
:10B01200FF1A0008199A0008011A00080078693C12
:10B022005A0BE63D0D8C040BD5290008FF1A0208C5
:10B0320009CA29BF198F0D8C040BED3F198F020B22
:10B042001C7F4F8900080078543C040BE6095C0B16
:10B052001A3D0D8C040BDA3F198F550BC63D0D8C32
:10B0620019890008FF1A0008011A00080078063C36
:10B07200720B4C3D588907D83ADAFE0C1989000840
:10B08200FF1A0008021A00080078053CB00B0D09EF
:10B092006F0BE83D0D8C19890008FF1A0008081A89
:10B0A20000080078063C0E19DE0BE9094A0BFE3D4A
:10B0B2000D8C0108FF1A0108201A01080078193CBA
:10B0C200040BDD3F0F890008FF1A0008101A000860
:10B0D2000078063C2019910B91094A0BFE3D0D8C1C
:10B0E2002419910B91094A0BFE3D0D8C040BDD3F97
:10B0F200198F0D8C000D000D000D000D898D998D9D
:10B10200A98DB98DC98DD98DE98DF98D1DFE0A3EA6
:10B11200198E58990108FF1A1DFE0B3E198E07D889
:10B12200002B016909990108FF1A0108071A010891
:10B132000108FF1A041C19ED0E082A8AFE4D0E089A
:10B142000008FF1A0008EA8AFA8A00081DFE093E72
:10B15200098E1DFE093E0E890008FF1A00080078BC
:10B16200073C0178163C03781F3C0478473C6F0C7F
:10B17200002B00D980891DFE083E098E003B008904
:10B18200003B1099002BF0A9003B20B9002B70C99D
:10B192005E0C002B01D981891DFE083E098E003B01
:10B1A2000189003B1199530C54096A0BC33D002BD2
:10B1B20009D956096A0BC33D1DFE083E098E500986
:10B1C2006A0BC33D002B098952096A0BC33D002B50
:10B1D200099958096A0BC33D002B09A95C096A0B3E
:10B1E200C33D002B09B95E096A0BC33D002B09C997
:10B1F20062096A0BC33D002B09F9290C55096A0B38
:10B20200C33D002B09D957096A0BC33D1DFE083EF9
:10B21200098E51096A0BC33D002B098953096A0B38
:10B22200C33D002B099959096A0BC33D002B09A99B
:10B232005D096A0BC33D002B09B95F096A0BC33D67
:10B24200002B09C963096A0BC33D002B09F91DFED6
:10B252000A3E0E890008FF1A00080A5A5A0B166C99
:10B26200310B1F4A584E002B09BF8FDE5E8C0D0832
:10B27200FF1AE9890008FF1A0D0809AA0D08080833
:10B28200FF1AE9890008FF1A080809AA080809082C
:10B29200FF1AE9890008FF1A00081A8A0908099AA0
:10B2A20009085A0B160C0D08FF1AE9890008FF1A43
:10B2B20000081A8A0D08099A0D080808FF1AE98978
:10B2C2000008FF1A080809AA08080908FF1AE989EC
:10B2D2000008FF1A00081A8A0908099A09085A0B75
:10B2E200160C0808FF1AE9890008FF1A00081A8AD2
:10B2F2000808099A08080908FF1AE9890008FF1ACC
:10B3020000081A8A0908099A09085A0B160C0D082E
:10B31200FF1AE9890008FF1A00081A8A0D08099A1B
:10B322000D080808FF1AE9890008FF1A00081A8A9E
:10B332000808099A08080908FF1AE9890008FF1A8B
:10B34200090809AA0908710C0D08FF1AE989000801
:10B35200FF1A0D0809AA0D080808FF1AE989000852
:10B36200FF1A00081A8A0808099A08080908FF1A29
:10B37200E9890008FF1A090809AA0908560C0C08ED
:10B38200FF1AE9890008FF1A00081A8A0C08099AAC
:10B392000C080B08FF1AE9890008FF1A00081A8A2C
:10B3A2000B08099A0B080A08FF1AE9890008FF1A14
:10B3B2000A0809AA0A08390C0C08FF1AE9890008C8
:10B3C200FF1A00081A8A0C08099A0C080B08FF1ABF
:10B3D200E9890008FF1A0B0809AA0B080A08FF1AD4
:10B3E200E9890008FF1A0A0809AA0A081E0C0A08B5
:10B3F200FF1AE9890008FF1A00081A8A0A08099A3E
:10B402000A08130C0C08FF1AE9890008FF1A000841
:10B412001A8A0C08099A0C08080C0F08FF1AE98905
:10B422000008FF1A0F0809AA0F081DFE0A3E0E891E
:10B432000008FF1A00080978093C0F08FF1A0E08D5
:10B44200FF1A0E081A8A0F08E99A0F081DFE093E14
:10B452000E890008FF1A00080078073C0178153CA5
:10B4620003781E3C04783F3C600CD9801DFE083EE8
:10B472000E89002B0980004B8980004B9990002B8C
:10B48200A9F0004BB9A0C9F0500CD9811DFE083EAD
:10B492000E89002B0981004B8981004B9991450C43
:10B4A200D99954096A0BFA3D1DFE083E0E995609B8
:10B4B2006A0BFA3D899950096A0BFA3D999952092A
:10B4C2006A0BFA3DA99958096A0BFA3DB9995C09C8
:10B4D2006A0BFA3DC9995E096A0BFA3DF99962094C
:10B4E2006A0BFA3D220CD99955096A0BFA3D1DFEE9
:10B4F200083E0E9957096A0BFA3D899951096A0B60
:10B50200FA3D999953096A0BFA3DA99959096A0BAF
:10B51200FA3DB9995D096A0BFA3DC9995F096A0B4F
:10B52200FA3DF99963096A0BFA3D1DFE0B3E0E893D
:10B53200000809D8043E320BB60C95890019106D2B
:10B542000008320BF33DA5A90039000829CA0108F9
:10B5520039EA09A90208FF0BFF1AA5B9020839F84E
:10B56200EC7C020B877F5FC96FD909A919B9020860
:10B5720049DA030859FA0C6C020B857F5FA96FB98F
:10B582000208014A0308006A020B857F29CF39DFCE
:10B59200020B877F09CF19DF0D8C020B847F4F8945
:10B5A20000080078013CC93DFF0BFF2900390A0958
:10B5B200510B4B3D0D8C020B847F4F8900080078A4
:10B5C200033C802B0005B93D0D8C020B847F4F8913
:10B5D20000080078083C020B847F004F802B000596
:10B5E2000A09520B333D0D8C020B847F4F890008F0
:10B5F2000078027C0109010C00090008FF1A0D8C79
:10B60200000D000D000D000D000D898D998DA98D85
:10B61200B98D002B0989020B847F4F8900080078BD
:10B622005B0BFB3C002B0029002B00390108007842
:10B632000B3C020B877F5F896F991DA90208044AA0
:10B6420029FF09CF19DF080C5A0B9E3D1DA90208DC
:10B65200044A29FF09CF19DF020B857F5F896F99A1
:10B662001DA902082A8A084A0208044A0208FA8A1C
:10B67200BF0BFF1A29FF09CF19DF1DFE083E0EDEA0
:10B68200006E5E8E1DFE083E0EDE002B001E5E8EDC
:10B69200002B0019320CA9E9B9F91D8900082A8A80
:10B6A200084A9999000819CA09BF800B136D300B1B
:10B6B200BB3D6E890008FF1A0019030BE829003907
:10B6C200320BC93D49895999002B69A9002B79B9D7
:10B6D2000A0809CA0B0819EAA98900081D99010874
:10B6E2002A8A084A99A9010829CA19BF098F086D2F
:10B6F2000B08320BFF3D0908014A99890008CB4C1F
:10B702000A5AC92C002B0019360C1D8900082A8AF6
:10B71200084A9999000819CA0008014A09BF800B12
:10B72200136D300BBB3D6E890008FF1A0008BA8A00
:10B73200EA8AFA8A1D9901082A8A084A99A90108FF
:10B7420029CA0108024A19BF800B136D300BBB3D99
:10B752006E990108FF1A01082A8A000819AA00082E
:10B762001D9901082A8A084A99A9010829CA19BFFC
:10B77200098F0908014A99890008C74C085AC52C43
:10B78200002B0029002B0039002B00199989000891
:10B79200800B003A800B085A326C1D8900082A8AF5
:10B7A200084A9999000819CA09BF800B136D300B1A
:10B7B200BB3D6E890008FF1A99A90208050B1C4AB5
:10B7C20029BF0F990108FF1A000819CA00190A08AF
:10B7D20009CA0B0819EAA989000899A989990108D7
:10B7E20029CA19BF098F086D0B08320BFF3D0908E2
:10B7F200014ACC0C0829FF198989710B7B3D053E52
:10B80200320BBE0C000D000D000D000D01191D893B
:10B8120000082A8A004A5B0B013D1D8900082A8A1A
:10B82200004A073D043E320BC60C00195B0B013D7A
:10B832000D8C898D002B09895A0BE63D08298999BF
:10B84200050B1C09700BC83D020B857F004F005F82
:10B85200020B877F004F005F020B847F014F002B9A
:10B862000015002B0025802B0005802B0105FF0B06
:10B87200FF2900390A09510B4B3D003E320BC40C23
:10B8820000295A0BCE190A096E0BA23D720B033D19
:10B892000008FF1A00080178063C0378043C05788A
:10B8A200023C0878027C0009010C010900080078BA
:10B8B2000E3C020B847F4F8900080078083CA23DB1
:10B8C200FF0BFF2900390A09510B4B3D0D8C08294A
:10B8D2000019050B1C09710B7B3D020B847F004F85
:10B8E2000D8C710B333D394A19FF004F0019076D5A
:10B8F2000008320BF33D067F09CF19DF047F09CF21
:10B9020019DF027F09CF19DF710BD43D184A09FFF5
:10B91200004F167F004F050BDC5F147F004F050BB5
:10B92200DC5F0B7F710BB93D0A4A710BB83D1D4AB2
:10B93200710B2E3D0B4A19FF09CF127F004F050BE9
:10B94200DC5F710BD43D034A710BB83D3F4A09FFDE
:10B95200020BEE4F005F710BBB3D414A09FF320BF8
:10B96200004F005F710BBB3D0D4A09FF0B0BB84F37
:10B97200710B313D244A710BD23D104A09FF004F31
:10B982000B0BB85F09FF720B463D710BAF3D0E4AC0
:10B9920029FF09CF19DF720B403D504A720B183D47
:10B9A200260B8A4F720B433D544A720B183D100B03
:10B9B2003B4F710BBB3D304A09FF080B004F710B27
:10B9C200BB3D164A09FF010B484F710BBB3D254A8F
:10B9D20009FF140B004F720B433D6C4A720B183D6A
:10B9E2007D0B944F710BBB3D1F4A09FF020B804F29
:10B9F200710BBB3D334A09FF050BE04F720B433D10
:10BA0200524A720B183D490B064F720B433D564A80
:10BA1200720B183D4F0BE84F720B433D6A4A720B93
:10BA2200183D260B384F720B433D4C4A720B183DA2
:10BA3200230B054F001919892A8A09A90208620BEA
:10BA4200F24A710B6F3D574A710BC13D630B124AAB
:10BA5200710B6F3D674A710BC13D630B324A710B2B
:10BA62006F3D774A710B873DE64C105AE42C001962
:10BA7200584E19892A8A09A90208630B524AFA8A7E
:10BA8200002B29BF8FB92229710B873DF24C045A32
:10BA9200F02C710BBB3D554A09FF644F710BBB3D46
:10BAA200544A09FF974F710BBB3D344A09FF364F89
:10BAB2008C3F040F8D3F0C0F710BBB3D444A710B41
:10BAC2002E3D564A19FF09CF187F004F030BE85F3E
:10BAD200710BD43D1C4A09FF050BDC4F710B313D44
:10BAE200204A710BD23D1B4A09FF004F710B313DB9
:10BAF200094A710BD23D1E4A09FF004F710B313DBD
:10BB0200124A710BD23D324A09FF010B004F710BF1
:10BB1200BB3D044A09FF640B004F710BBB3D3E4A1B
:10BB220009FF800B004F710BBB3D274A09FF160B23
:10BB3200004F710BBB3D374A09FF7F0BFF4F710B63
:10BB4200BB3D434A09FF004F710BBB3D154A09FF3C
:10BB5200020B904F710BBB3D194A09FF0B0BB84FFB
:10BB6200710BBB3D2D4A09FF040B004F710BBB3D0E
:10BB72002E4A09FF060B404F720B433D704A720B6F
:10BB8200183D014F710BBB3D014A09FF004F710B7C
:10BB9200BB3D09FF004F710BBB3D2C4A09FF030B54
:10BBA200BE4F710BBB3D144A09FF550B004F710B81
:10BBB200BB3D514A09FF720B3D3D710BAF3D4C4AF3
:10BBC20029FF19CF720B133D106D0008320BF33DA4
:10BBD2000C7F09CF19DF200B163D720B403D704AD6
:10BBE20009990108FA8ABF0BFF1A19FF720B3D3D32
:10BBF2005E99012A19CF200B043D0D8C898D998DF8
:10BC0200A98D002B0989002B2999002B58A90A0814
:10BC1200FF1A07D889890008FF1A000802781C7CDD
:10BC220039096A0BC33D002B09890808FF1A380934
:10BC32006A0BC33D0008FF1A00086A8A6A8A08086C
:10BC420009AA020B1E7F89CF09080078453C020B26
:10BC52001E7F4F8999BD400C078489890008FF1A0D
:10BC62000008134C105A112C011989890008FF1A77
:10BC72000008105A00080008FF1A041C09ED010808
:10BC82002A8AFE4D010819A4090C01090808FF1AA5
:10BC9200041C89ED00082A8AFE4D09940209001944
:10BCA200700B043D44890008FF0BF91A09C4090806
:10BCB2000078043C0604020B1D7F99CF878487C459
:10BCC20009080078097C4487FE2C89D48489020BF8
:10BCD2001E7F09CF001400240A08A9D8003E320BA7
:10BCE200C00C020B1F7F4F8900080078423C020BF8
:10BCF2001F7F004F020B207F5FA96FB9020B1E7FCF
:10BD02004F890019020809CA030819EA020B207FA9
:10BD120029CF39DF050B003F0F890008014A050BC7
:10BD2200003F098F050B003F0F890008FF1A00082A
:10BD32001A4C215A182C020B207F5F896F99056DCE
:10BD42000108320BFF3D020B227F09CF040BFF3F9C
:10BD52000F890008FF1A0008FF0BFE1A0008040BE7
:10BD6200FF3F098F0D8C102900390C09510B4B3DF7
:10BD72000D8C020B1F7F014F5E0B72290019040B01
:10BD8200FF3F0F890008FF1A0008EA8A00085D0BCE
:10BD9200FF3D0D8C050B003F000F020B207F004F73
:10BDA200005F020B227F004F020B1F7F014F5E0BD1
:10BDB20072290019040BFF3F0F890008FF1A0008BF
:10BDC200EA8A00085D0BFF3D0D8C040BFF3F0D0F4F
:10BDD200E13D040BFF3F0F890008FF1A0008011A1A
:10BDE20000080078F67C020B227F4F890D8C07C475
:10BDF20007840D8C0008FF1A00080078053C0278C1
:10BE0200093C0378133C190C040BFF3F0F8900080F
:10BE1200FF1A0D8C020B227F4F890008AA8ABA8A68
:10BE2200EA8AFA8A00080008FF1A0D8C020B227FA8
:10BE32004F8900080008FF1A0D8C00090008FF1A3C
:10BE42000D8C0008FF1A00080078037C040BFF3FEA
:10BE5200198F0D8C040BFF3F0F890008FF1A000891
:10BE6200021A00080078193C040BFF3F0F890008F2
:10BE7200FF1A0008FF0BFD1A0008040BFF3F098F91
:10BE8200040BFF3F0F890008FF1A0008012A00086F
:10BE9200040BFF3F098F5E0BCB3D0D8C898D4A0B46
:10BEA200FA3D480BDA3D4A0BFA3D4A0BCC3D002BDA
:10BEB20000090A0C620B99198989550B7D3D898904
:10BEC200540B9B3D0808014A89890008FF1A0008A3
:10BED200800B003A800B105A276C89890008FF1AE0
:10BEE20000080078EF3C0178ED3C0478143C0678B9
:10BEF200E93C0878E73C0978E53C0C78033C0E788D
:10BF0200E13CD80C630B5F198989550B7D3D89890A
:10BF1200540B9B3DD70C630B74198989550B7D3DDE
:10BF22008989540B9B3DCE0C710BCA3D040BD93F42
:10BF3200010F003E320BC40C0609550B0D3D040BDC
:10BF4200D93F080F002900195F0BAA09660B9F3D14
:10BF52000D8C898D040BD93F0F890008FF1A000848
:10BF62000078113C0178103C0278113C04783F3C87
:10BF72000578133C0678493C0778600B463C087804
:10BF8200493C600B740C8A3D040BD93F020F011926
:10BF92000009490BDA3D600B740C4A0BFA3D480B61
:10BFA200DA3D4A0BFA3D0008011A00080078043C09
:10BFB200040BD93F060F0E0C4A0BFA3D0008081A73
:10BFC20000080078043C040BD93F070F030C040B54
:10BFD200D93F000F4A0BFA3D490BF83D540B873D00
:10BFE200050B202900390809510B4B3D7C0C070930
:10BFF200710BF63D08190309580B7B3D061903091D
:10C00200580B7B3D440B3D3D6E0C4A0BF63D6F0BCE
:10C01200E83D690C020B1C7F4F8900080078053C43
:10C022000209710BF63D5C0B413D002B0009070C28
:10C03200420B40090F19700B043D0808014A898917
:10C042000008030BE85A106C73096A0BC33D000821
:10C05200FF1A0008081A00080078EA7C5E0BE63D29
:10C0620000080A0BF15AE42C0808030BE85A0A6C80
:10C07200040BD93F000F002900195F0BAA09660BB8
:10C082009F3D310C040BD93F070F02096A0BC33DD8
:10C092000008FF1A0008401A000800780A3C040B46
:10C0A200D93F080F002900195F0BAA09660B9F3DB3
:10C0B2001A0C5F0B9D190609550B7D3D01096A0B90
:10C0C200C33D09990108FF1A0108FF0B9F1A0108D5
:10C0D200402A010801096A0BFA3D0609540B9B3DEF
:10C0E2000209480BDA3D003E320BC40C002900194C
:10C0F2005F0BAA09660B9F3D0D8C07190309580BAC
:10C102007B3D08190309580B7B3D0D8C0029600B00
:10C11200771908096E0BA23D700B541903096A0BBB
:10C12200133D040BD93F080F00095F0BAA3D0D8C8C
:10C132000039460C030B284939890008FF1A0819EF
:10C14200320BE83D2989040809CA0408FA8ABF0BA0
:10C15200FF1A49FF004F030B2A4939890008FF1AC9
:10C162000819320BE83D2989040809CA0408FA8A29
:10C17200BF0BFF1A49FF004F030B2C4939890008F6
:10C18200FF1A0819320BE83D2989040809CA040874
:10C19200FA8ABF0BFF1A49FF004F030B2E49398958
:10C1A2000008FF1A0819320BE83D2989040809CA58
:10C1B2000408FA8ABF0BFF1A49FF004F0308014A1D
:10C1C20039890008FF1A0008B54C0E5AB32C6B0BC4
:10C1D20060490039570BE229560BD5190009593D20
:10C1E2006B0B2E490039700B9D29700B2019070922
:10C1F200503D040BDA3FFF0F040BDB3F000F040B33
:10C20200DD3F000F0D8C09B9030B2849398900085D
:10C21200FF1A0819320BE83D2989040809CA0408E3
:10C22200FA8ABF0BFF1A49FF004F030B2A493989CB
:10C232000008FF1A0819320BE83D2989040809CAC7
:10C242000408FA8ABF0BFF1A49FF004F030B2C495F
:10C2520039890008FF1A0819320BE83D29890408B8
:10C2620009CA0408FA8ABF0BFF1A49FF004F030BE1
:10C272002E4939890008FF1A0819320BE83D29892D
:10C28200040809CA0408FA8ABF0BFF1A49FF004FC3
:10C292000D8C898D09D919E929F959890008FF1AE4
:10C2A2000008800B003A800B0E5A446C032B2809BD
:10C2B20059890008FF1A0819320BE83D2989080834
:10C2C20009CA0808FA8ABF0BFF1A89FF69CF030B54
:10C2D2002A6959890008FF1A0819320BE83D298991
:10C2E200060809CA0608FA8ABF0BFF1A69FF79CF46
:10C2F200030B2C6959890008FF1A0819320BE83D13
:10C302002989060809CA0608FA8ABF0BFF1A69FFBB
:10C3120039CF030B2E3959890008FF1A0819320B3D
:10C32200E83D2989030809CA0308FA8ABF0BFF1AE4
:10C3320039FF49CF003E320BC40C0008150B26789A
:10C342002B3C170B1778303C390BA078293C910B0A
:10C352009178323CB00B0D78173CC00BDE78103C64
:10C36200DE0BE978253CE50BA078123CFA0B5578F8
:10C37200233CFA0B5D78247C000BE63F040F0D8C06
:10C38200000BE63F060F0D8C000BE63F020F0D8CF3
:10C39200000BE63F050F0D8C000BE63F070F0D8CDF
:10C3A200000BE63F080F0D8C000BE63F030F0D8CD0
:10C3B200000BE63F090F0D8C000BE63F0A0F0D8CB8
:10C3C200000BE63F030F0D8C898D002B588908085E
:10C3D200FF1A07D8F889000BE73F098F002B007876
:10C3E200000BE73F0F890008FF1A0008801A0008B7
:10C3F2000078483CF8890008FF1A0008FF0B7F1AF2
:10C402000008002B09F88289001909A90208011AFB
:10C4120002080078023C0108012A09A90208021A4E
:10C4220002080078023C0108022A09A90208041A3B
:10C4320002080078023C0108042A09A90208081A25
:10C4420002080078023C0108082A09A90208101A09
:10C4520002080078023C0108102A01080078423CD8
:10C4620001081A8A0008199A002B0982020B837F9D
:10C472004F890008AB0BAD78357C020B837F170B1D
:10C48200174F300C000BE73F0F890008FF1A000816
:10C49200041A00080078143CF8890008FF1A000802
:10C4A200FF0BFB1A0008002B09F8020B837F4F8950
:10C4B2000008B00B0D78163C2209710BF63D120CE8
:10C4C20045A70D6C27C5020B837F4F890008AB0B74
:10C4D200AD78087C020B837FB00B0D4F030C2A0949
:10C4E200710BF63D020B837F4F89610B9E3D000B62
:10C4F200E63F0F990108FF1A2509710BDA3D000B7F
:10C50200E73F0F990108FF1A2609710BDA3D020B6A
:10C51200837F4F992709710BDA3D020B837FAB0BA7
:10C52200AD4F002B7178080889D8003E320BC40C3D
:10C53200000D898D7A096A0BC33D1DFE013E0EDE98
:10C5420009EE5E8E7A096A0BC33D1DFE013E0EDEC8
:10C55200002B099E5E8E77096A0BC33D79096A0B2F
:10C56200C33D00096A0BC33D28096A0BC33D2B0971
:10C572006A0BC33D5E096A0BC33D5F096A0BC33D8B
:10C5820060096A0BC33D61096A0BC33D74096A0BFA
:10C59200C33D75096A0BC33D8D096A0BC33DBE09D4
:10C5A2006A0BC33DBF096A0BC33DC0096A0BC33D99
:10C5B200C1096A0BC33DC2096A0BC33DC3096A0BB9
:10C5C200C33DD1096A0BC33DD9096A0BC33D002B98
:10C5D20087090F0C89896A0BC33D09990108FF1A63
:10C5E2000108FF0B3F1A010889896A0BFA3D080806
:10C5F200014A89890008FF1A0008800B003A800B63
:10C60200A85A3F6C89890008FF1A0008094C8C5A05
:10C61200072C89890008FF1A0008E94C905AE72C78
:10C6220089890008FF1A0008A078E13C898900087E
:10C63200FF1A0008800B003A800B8C5A0E6C898915
:10C642006A0BC33D09990108FF1A0108FF0BCF1AB3
:10C65200010889896A0BFA3DCA0C89890008FF1A08
:10C662000008A778B77C89896A0BC33D099901083C
:10C67200FF1A0108FF0BDF1A010889896A0BFA3DCC
:10C68200B60C1DFE013E0E990108FF1A2909710B15
:10C69200DA3D1DFE013E0E9901088A8A0108FF1A41
:10C6A2002909710BDA3D170B17096F0BE83D013EA3
:10C6B200320BC40C6209710BF63D0D8CBE096A0B7C
:10C6C200C33DBF096A0BC33DC0096A0BC33D0008E5
:10C6D200FF1A0008801A00080078023CEB3D0D8C1E
:10C6E200620B993D0D8CC1096A0BC33DC2096A0BED
:10C6F200C33DC3096A0BC33D0008FF1A0008801A34
:10C7020000080078023CD63D0D8C620B993D0D8CE1
:10C7120000080078163C050B043F0F990108FF1A28
:10C722000108011A010800780C7C050B043F0F89EF
:10C732000008FF1A0008012A0008050B043F098FB0
:10C742000D8C00080078187C050B043F0F89000847
:10C75200FF1A0008011A000800780E3C050B043F7E
:10C762000F890008FF1A0008FF0BFE1A0008050BCC
:10C77200043F098F3B0BFF3D0D8C898D0008FF1A8A
:10C7820000080078093C0178283C0278323C0378A2
:10C79200373C0478413C470C050B043F002B0F89C2
:10C7A200050B043F0F890008FF1A0008021A00084F
:10C7B20000780F3C0809560B033D050B043F0F8917
:10C7C2000008FF1A0008FF0BFD1A0008050B043FC2
:10C7D200098F89890008FF1A290C020B617F4F8992
:10C7E2000008AA8ABA8AEA8AFA8A00080008FF1AA6
:10C7F2001D0C020B617F4F8900080008FF1A160CFE
:10C80200020B627F4F890008AA8ABA8AEA8AFA8AE8
:10C8120000080008FF1A0A0C020B627F4F89000809
:10C822000008FF1A030C00090008FF1A003E320B31
:10C83200C40C0008FF1A00080078053C03780B3C82
:10C842000478193C0D8C19890008FF1A0008011A96
:10C85200630B893D0D8C0108FF1A01086A8A6A8AF6
:10C86200020B627F4F890008FF1A010809AA020B16
:10C87200627F19CF0D8C0108FF1A020B627F4F896C
:10C882000008FF0B001A010809AA020B627F19CFE8
:10C892000D8C00490039640B1A29630BBE190D096E
:10C8A200610B4A3D050B043F000F6F0B2F3D020B3E
:10C8B200627F070B094F0D8C0D09610B043D0009C6
:10C8C200630B893D0D8C000D000D898D998DA98D0D
:10C8D200B98DC98DD98DE98DF98D002B0989002B70
:10C8E2000019076D0808320BF33D1DFE083E000ECD
:10C8F200027F710B553D036C010E0908802A89895C
:10C90200999901087F1A027F09CF19DF200B023D96
:10C91200710BD43D554A720B133D710BB03D544A15
:10C9220029FF720B3D3D5EA90039320BC93D498991
:10C9320059998C3F800B136D300BBB3D6EA90039AA
:10C94200320BC93D002B49A9002B59B91DFE093EE6
:10C95200000E067F710B553D160B80290039320BF4
:10C96200DB3D020B897F09CF00084B1C002B09C954
:10C972001C7F720B223D002B5EE9710BA13D002B47
:10C982005EF9207F720B463D5E990E0809DA0F08A8
:10C9920019FA710BEF3D020B8A7F09CF19DF710B78
:10C9A200EF3D020B8C7F29CF39DF1C7F720B463D96
:10C9B200207F09CF5EDF250C720B2C3D0008A9CA2F
:10C9C2000108B9EA047F09CF19DF200B063D720B7B
:10C9D2001D3D047F720B223D5EA9710BA13D5EB924
:10C9E200710B5D3D800B003A0008015A0108800B73
:10C9F200007AE26C020B897F4F890008021C200B2F
:10CA02000C3D720B1D3D89A999B9020809DA030888
:10CA120019FA800B003A0208015A0308800B007AC7
:10CA22000E2C1DFE093E010E720B1D3D0008160B59
:10CA3200804A0108006A067F09CF19DFC80C1DFE73
:10CA4200083E0E8900080D1C720B2C3D01087F1A4E
:10CA5200047F09CF19DF720B1D3D7F1A067F09CFB4
:10CA620019DF200B043D1DFE093E0E89023E320BEA
:10CA7200B60C898D998DA98DB98D002B70995E099F
:10CA82006A0BC33D002B09A95F096A0BC33D002B4A
:10CA9200098999890008FF1A000800780D7CA98984
:10CAA2000008FF1A00080078077C89890008FF1A2D
:10CAB20000080078650BF03C99890008FF1A00080D
:10CAC2000078273C002B0039200C99990108FF1AA5
:10CAD2000129B98900080008FF1A041C09ED02089F
:10CAE2002A8AFE4D0108299A010800780C3C021995
:10CAF200B989320BE83D29890008020BD04AFA8A2B
:10CB020009FF4F9919BD0B08014AB9890008085A53
:10CB1200DC2CA9890008FF1A000800782D3C002BA4
:10CB22000039260CA9990108FF1A0129B9890008C0
:10CB32000008FF1A041C09ED02082A8AFE4D0108AA
:10CB4200299A01080078123C010B80390219B9892F
:10CB5200320BE83D29890008FA8A030809CA39FF1D
:10CB6200800B196D300BBB3D5E8909BD0B08014A74
:10CB7200B9890008085AD62C89890008FF1A0008CA
:10CB820000782D3C002B0039260C89990108FF1AE8
:10CB92000129B98900080008FF1A041C09ED0208DE
:10CBA2002A8AFE4D0108299A01080078123C010BDD
:10CBB20088390219B989320BE83D29890008FA8AB5
:10CBC200030809CA39FF800B196D300BBB3D5E8922
:10CBD20009BD0B08014AB9890008085AD62C003E43
:10CBE200320BBE0CE89919890008FF1A0008101AC6
:10CBF20000080078023C00090D8C19890008FF1A10
:10CC02000008041A00080078023C01090D8C05098D
:10CC12000108FF1A0108031A000819DA0D8C09B974
:10CC220058A90208FF1A07D839890008FF1A000814
:10CC32000078033C01780B3C1B0CE8890008FF1AC2
:10CC42000008102A0008002B09E83ADA290CE889C2
:10CC52000008FF1A0008EF1A0008002B09E8E8890B
:10CC62000008FF1A0008042A0008002B09E8180C23
:10CC7200E8890008FF1A0008E81A0008002B09E8F2
:10CC8200E8990108FF1A05090308FF1A000839DAB2
:10CC920000080008FF1A010809AA0108002B19E878
:10CCA200020829D80D8C898D9D3D002B0989080821
:10CCB20001198989B43D0808014A943D0008055AC2
:10CCC200F72C180B0071004BB721004B5B31A7F119
:10CCD200003E320BC40C0B09710BF63D558900085E
:10CCE200010B002A09D5558900080ADAFAAAFB6C59
:10CCF2000071004B0021004B00310D8C898D710BAE
:10CD02001F3D5E0BF83D020B1C7F4F890008007827
:10CD1200023C720B273D650BF33D002B0989080885
:10CD220000198989660B103D0808015A650BF33D0D
:10CD320000080078F57C003E320BC40C898D998D79
:10CD4200A98D002B09A9002B1999002B2989040B05
:10CD5200D73F0F890008FF1A00080C4C105A0A2C02
:10CD6200010B647F4F991109710BDA3DE50BA009A4
:10CD72006F0BE83D080800781E3C040BD63F0F8974
:10CD82000008FF1A00080078037C040BD63F100F3E
:10CD9200040BD63F0F890008015A040BD63F098FB6
:10CDA200020B88390008FF1A0419320BE83D298961
:10CDB200030809CA200C020B8839040BD53F0F89DE
:10CDC2000008FF1A0419320BE83D2989030809CA31
:10CDD200040BD53F0F890008014A040BD53F098F88
:10CDE200040BD53F0F890008FF1A00081078037C56
:10CDF200040BD53F000F39890008FA8ABF0BFF1ACE
:10CE020009FFA9CF0308FA8ABF0BFF1A014A39FFAB
:10CE120099CF040BD73F0F890008014A040BD73F73
:10CE2200098F1209710BF63D003E320BC00C610BEB
:10CE3200E53D680BCF3D720B4D3D6A0B513D710BC9
:10CE4200483D660B543D0309710BF63D6E0BD23D16
:10CE5200720B4E3D0609710BF63D700B873D0409BE
:10CE6200490BF83D600B993D4B0BFB3D0409710BDF
:10CE7200F63D690BAD3D1009710BF63D710B923D0C
:10CE82000809710BF63D530BFE3D6F0B8019060925
:10CE9200550B7D3D0609540B9B3D001900096A0B99
:10CEA200FA3D01096A0BC33D09990108FF1A0108FD
:10CEB200FF0BF71A010801096A0BFA3D78096A0BA0
:10CEC200C33D09990108FF1A0108FF0BBF1A0108A7
:10CED20078096A0BFA3D440B283D87D80029710B6B
:10CEE200E8190E096E0BA23D002901390E09510BFA
:10CEF2004B3D490BE13D720B4C3D680B5B3D00081D
:10CF02000078F97C720B4F3DF60C040BFE3F0FA923
:10CF12000208FF1A02080278317C000BE83F0FA9D1
:10CF22000208FF1A020805785C3C0008FF1A000894
:10CF32000278207C000B527F4F8900080978143C4C
:10CF4200000BA629040BFD3F0F890008FF1A0208F7
:10CF520009CA29BF198F040BFD3F0F890008014A36
:10CF6200040BFD3F098F0D8C0108FF1A000B527F45
:10CF720019CF0D8C040BFE3F000F0D8C040BFE3FEE
:10CF82000FA90208FF1A020800780E7C0008FF1A97
:10CF920000080078267C0108FF1A0108AA78217C83
:10CFA200040BFE3F010F0D8C040BFE3F0FA902087C
:10CFB200FF1A02080178127C0008FF1A00080178A3
:10CFC200097C0108FF1A01085578047C040BFE3F16
:10CFD200020F0D8C040BFE3F000F0D8C040BFE3F65
:10CFE200000F0D8C25892599000819F8FB7C0D8C02
:10CFF200898D998D002B58890808FF1A07D8010BD3
:10D00200917F002B4F99EE3D2599010B927F4FA9FD
:10D01200010829DA086C010B917F4F990108014A36
:10D02200010B917F19CF2599010B927F19CF010B2B
:10D03200917F4F99090819F8E27C080889D899A9C3
:10D042000039106D0208320BF33D0019020809AADB
:10D05200030819AA29893999003E320BC20C898D1D
:10D06200998D002B1999002B58890808FF1A07D8A7
:10D0720099990108035A026C002B03190008FF1A40
:10D0820000080078127C05890008FF1A0008F31ACC
:10D0920000080985A73D000899CA09B50589000855
:10D0A200FF1A0008042A00080985080889D8003EEA
:10D0B200320BC20C898D998D040BD73F0F89000862
:10D0C200FF1A00080078027C0009550C58B90308C1
:10D0D200FF1A07D8040BD63F0F890008FF1A04195C
:10D0E200320BE83D29890008020B884AFA8A09FFB7
:10D0F200002B4F89020B8A49040BD63F0F89000887
:10D10200FF1A0419320BE83D2989040809CA0408E8
:10D11200FA8ABF0BFF1A49FF800B196D300BBB3D1A
:10D12200002B5E99040BD73F0F890008015A040BAC
:10D13200D73F098F040BD63F0F890008014A040B21
:10D14200D63F098F040BD63F0F890008FF1A00084B
:10D152001078037C040BD63F000F030839D8010B6B
:10D16200647F89CF1309710BF63D998989BD010B43
:10D17200647F004F0109003E320BC20C2DB900083A
:10D18200FF1A0819320BE83D2989030809CA3989AF
:10D192000D8C050B0009710BF63D0D8C0039130C3B
:10D1A200680BCA49010BFA5939890008FF1A02199A
:10D1B200320BE83D29890008FA8A050809CA59FF95
:10D1C20049CF0308014A39890008FF1A0008E84CD0
:10D1D200105AE62C0D8C898D002B098919B9898981
:10D1E2000008FF1A0008800B003A800B105A246CCA
:10D1F20003080078213C020B0A4989890008FF1ABA
:10D202000219320BE83D29890008FA8A040809CA82
:10D2120049FF39CF8989B23D09B9010BFA49898998
:10D222000008FF1A0219320BE83D29890008FA8A20
:10D23200040809CA49FF39CF003E320BC40C898D5C
:10D24200998D002B58990908FF1A07D8002B01095C
:10D2520009A90208FF1A0208071A02080208FF1A9F
:10D26200041C29ED08082A8AFE4D08080008FF1A46
:10D272000008EA8AFA8A00080008FF1A0008007803
:10D28200073C01780E3C0378153C04781F3C290CBE
:10D2920080990108FF1A0808FF1A0108899A0108F3
:10D2A200200C81990108FF1A0808FF1A0108899ABF
:10D2B2000108170C56096A0BC33D09990108FF1AA8
:10D2C2000808FF1A0108899A01080B0C57096A0B12
:10D2D200C33D0008FF1A0808FF1A0008899A099935
:10D2E2000108090899D80108FF1A01080078023CD0
:10D2F2000109010C00090008FF1A003E320BC20CA2
:10D30200031966096A0BFA3D0D8C050B0309710BB3
:10D31200F63D17C404890008FF0BF91A09840014AA
:10D322000024040BFF3F0F890008FF1A0008EA8A55
:10D33200000809D48489020B1E7F09CF020B1D7FCE
:10D342004F8900080078073C020B1E7F4F89020BB1
:10D352001D7F4F9919BD0D8C5F0B2B4900395F0B57
:10D3620022295E0BFB190809610B4A3D00295E0B5D
:10D3720072190C096E0BA23D040BFF3F000F020B4A
:10D38200227F004FBD3D690B86190909680BEC3DF0
:10D3920000040D8C898D002B00090B0C89A9330B1D
:10D3A200081989890008034A00086E0BA23D080883
:10D3B200014A89890008F24C045AF02C3B0BCF49F0
:10D3C20000393B0B2029390BDE190409610B4A3D58
:10D3D20078290019040B4609710B7B3D002B0009CB
:10D3E2000D0C040B63391E198989320BE83D29891A
:10D3F200030809CA39BF020F0808014A89890008CF
:10D40200F04C045AEE2C04290019040BBE09710BCE
:10D412007B3D050B013F000F050B023F000F003E55
:10D42200320BC40C898D19D9002B58890808FF1AB0
:10D4320007D809C90408FF1A0408071A040809B919
:10D442000308FF1A0308EA8AFA8A0308010B6869CB
:10D4520039890008FF1A1019320BE83D29890008A2
:10D46200FA8A060809CA49890008FF1A0219320B0A
:10D47200E83D29890008FA8A060809CA69FF59CFD6
:10D482000308FF1A0308074C025A052C650B3A19C8
:10D492000009550B7D3D080889D8003E320BC40CAB
:10D4A200650B3A190509680BEC3D0039270C720B24
:10D4B2004B59010B686939890008FF1A1019320BA0
:10D4C200E83D29890008FA8A060809CA498900083C
:10D4D200FF1A0219320BE83D29890008FA8A060868
:10D4E20009CA69FF59CF0408014A49890008FF1A8D
:10D4F2000008DD4C085ADB2C0308014A3989000870
:10D50200FF1A0008800B003A800B055A026C004992
:10D51200EC0C0D8C898D09990108FF1A01087678A7
:10D52200113C77781F3C7878033C7978103C250CC5
:10D53200040BF83F002B0F8989890008FF1A003E6F
:10D54200320BC40C040BF93F002B0F89F50C040BB2
:10D55200FA3F002B0F89040BFA3F000F0109560B0B
:10D56200033DEA0C040BFB3F002B0F89040BFB3F2E
:10D57200000F0109560B033DDF0C6A0BC33D000887
:10D58200FF1ADD0C898D998DA98D002B5889080809
:10D59200FF1A07D8002B09A90A08FF1A0A086A8A83
:10D5A2002A8A12890008302A099200190F09580B99
:10D5B2007B3DA9890008AA8ABA8AEA8AFA8A09B24C
:10D5C2000A08FF1AA9B2FF3222A7FE6C01190F093D
:10D5D200580B7B3D27A2030C002B329909082287A6
:10D5E200FB2C080889D899890008FF1A003E320BE3
:10D5F200C00C898D998DA98D002B19A9002B5889F2
:10D602000808FF1A07D8002B09990908FF1A090808
:10D612006A8A2A8A0908800B002A12890008302A9D
:10D62200099200190F09580B7B3D99890008AA8AB3
:10D63200BA8AEA8AFA8A09B20908FF1A99B20A086A
:10D64200FF1AA9B222A7FE6C01190F09580B7B3DE4
:10D65200080889D8003E320BC00C040BFC3F0F892E
:10D662000008FF1A0008011A00080078273C040B82
:10D67200FC3F0F890008FF1A0008FF0BFE1A000882
:10D68200040BFC3F098F040BFC3F0F890008FF1AB3
:10D692000008021A00080078117C040BFC3F0F8975
:10D6A2000008FF1A0008022A0008040BFC3F098F39
:10D6B20000290019520BEC09660B9F3D0D8C040BDF
:10D6C200DC3F0F890008FF1A0008011A00080078E1
:10D6D2000F3C040BDC3F0F890008FF1A0008FF0B08
:10D6E200FC1A0008040BDC3F098F710BE13D0D8C25
:10D6F200040BDC3F0F890008FF1A0008021A000819
:10D7020000780E3C040BDC3F0F890008FF1A00086A
:10D71200FF0BFD1A0008040BDC3F098F720B513D11
:10D722000D8C4E8D488D188D0018098D198D298DFF
:10D73200398D498D598D698D798D6D8D7D8D5E8D7A
:10D742003F8D7F8D7E8D3E8D088DBF8D4E8D020B60
:10D752000A7F4F8909BD0DCE002B0DBF0D880DBE6E
:10D762000DFE0DFF0DBF0DDE0DFD0DED0DF90DE9E9
:10D772000DD90DC90DB90DA90D990D890D980DC8B9
:10D782000DCE8D8C4E8D488D188D0018098D198DFA
:10D79200298D398D498D598D698D798D6D8D7D8D4F
:10D7A2005E8D3F8D7F8D7E8D3E8D088DBF8D4E8D22
:10D7B200020B117F4F8909BD0DCE002B0DBF0D88C5
:10D7C2000DBE0DFE0DFF0DBF0DDE0DFD0DED0DF9B4
:10D7D2000DE90DD90DC90DB90DA90D990D890D9838
:10D7E2000DC80DCE8D8C4E8D488D188D0018098D6B
:10D7F200198D298D398D498D598D698D798D6D8D53
:10D802007D8D5E8D3F8D7F8D7E8D3E8D088DBF8D92
:10D812004E8D020B147F4F8909BD0DCE002B0DBF1B
:10D822000D880DBE0DFE0DFF0DBF0DDE0DFD0DEDC4
:10D832000DF90DE90DD90DC90DB90DA90D990D8976
:10D842000D980DC80DCE8D8C4E8D488D188D0018FB
:10D85200098D198D298D398D498D598D698D798D56
:10D862006D8D7D8D5E8D3F8D7F8D7E8D3E8D088D84
:10D87200BF8D4E8D020B0B7F4F8909BD0DCE002B44
:10D882000DBF0D880DBE0DFE0DFF0DBF0DDE0DFD92
:10D892000DED0DF90DE90DD90DC90DB90DA90D99B2
:10D8A2000D890D980DC80DCE8D8C4E8D488D188D1D
:10D8B2000018098D198D298D398D498D598D698DE4
:10D8C200798D6D8D7D8D5E8D3F8D7F8D7E8D3E8DB3
:10D8D200088DBF8D4E8D020B107F4F8909BD0DCE75
:10D8E200002B0DBF0D880DBE0DFE0DFF0DBF0DDE11
:10D8F2000DFD0DED0DF90DE90DD90DC90DB90DA9EE
:10D902000D990D890D980DC80DCE8D8C4E8D488DBB
:10D91200188D0018098D198D298D398D498D598DD4
:10D92200698D798D6D8D7D8D5E8D3F8D7F8D7E8D27
:10D932003E8D088DBF8D4E8D020B0F7F4F8909BD25
:10D942000DCE002B0DBF0D880DBE0DFE0DFF0DBFC0
:10D952000DDE0DFD0DED0DF90DE90DD90DC90DB958
:10D962000DA90D990D890D980DC80DCE8D8C4E8D7A
:10D97200488D188D0018098D198D298D398D498D85
:10D98200598D698D798D6D8D7D8D5E8D3F8D7F8DEC
:10D992007E8D3E8D088DBF8D4E8D020B0E7F4F8981
:10D9A20009BD0DCE002B0DBF0D880DBE0DFE0DFF66
:10D9B2000DBF0DDE0DFD0DED0DF90DE90DD90DC9F2
:10D9C2000DB90DA90D990D890D980DC80DCE8D8C2F
:10D9D2004E8D488D188D0018098D198D298D398D20
:10D9E200498D598D698D798D6D8D7D8D5E8D3F8DC2
:10D9F2007F8D7E8D3E8D088DBF8D4E8D020B0D7FEE
:10DA02004F8909BD0DCE002B0DBF0D880DBE0DFE39
:10DA12000DFF0DBF0DDE0DFD0DED0DF90DE90DD95B
:10DA22000DC90DB90DA90D990D890D980DC80DCE11
:10DA32008D8C4E8D488D188D0018098D198D298D6C
:10DA4200398D498D598D698D798D6D8D7D8D5E8D67
:10DA52003F8D7F8D7E8D3E8D088DBF8D4E8D020B4D
:10DA6200197F4F8909BD0DCE002B0DBF0D880DBE4C
:10DA72000DFE0DFF0DBF0DDE0DFD0DED0DF90DE9D6
:10DA82000DD90DC90DB90DA90D990D890D980DC8A6
:10DA92000DCE8D8C4E8D488D188D0018098D198DE7
:10DAA200298D398D498D598D698D798D6D8D7D8D3C
:10DAB2005E8D3F8D7F8D7E8D3E8D088DBF8D4E8D0F
:10DAC200020B167F4F8909BD0DCE002B0DBF0D88AD
:10DAD2000DBE0DFE0DFF0DBF0DDE0DFD0DED0DF9A1
:10DAE2000DE90DD90DC90DB90DA90D990D890D9825
:10DAF2000DC80DCE8D8C4E8D488D188D0018098D58
:10DB0200198D298D398D498D598D698D798D6D8D3F
:10DB12007D8D5E8D3F8D7F8D7E8D3E8D088DBF8D7F
:10DB22004E8D020B187F4F8909BD0DCE002B0DBF04
:10DB32000D880DBE0DFE0DFF0DBF0DDE0DFD0DEDB1
:10DB42000DF90DE90DD90DC90DB90DA90D990D8963
:10DB52000D980DC80DCE8D8C4E8D488D188D0018E8
:10DB6200098D198D298D398D498D598D698D798D43
:10DB72006D8D7D8D5E8D3F8D7F8D7E8D3E8D088D71
:10DB8200BF8D4E8D020B137F4F8909BD0DCE002B29
:10DB92000DBF0D880DBE0DFE0DFF0DBF0DDE0DFD7F
:10DBA2000DED0DF90DE90DD90DC90DB90DA90D999F
:10DBB2000D890D980DC80DCE8D8C4E8D488D188D0A
:10DBC2000018098D198D298D398D498D598D698DD1
:10DBD200798D6D8D7D8D5E8D3F8D7F8D7E8D3E8DA0
:10DBE200088DBF8D4E8D020B0C7F4F8909BD0DCE66
:10DBF200002B0DBF0D880DBE0DFE0DFF0DBF0DDEFE
:10DC02000DFD0DED0DF90DE90DD90DC90DB90DA9DA
:10DC12000D990D890D980DC80DCE8D8C4E8D488DA8
:10DC2200188D0018098D198D298D398D498D598DC1
:10DC3200698D798D6D8D7D8D5E8D3F8D7F8D7E8D14
:10DC42003E8D088DBF8D4E8D020B177F4F8909BD0A
:10DC52000DCE002B0DBF0D880DBE0DFE0DFF0DBFAD
:10DC62000DDE0DFD0DED0DF90DE90DD90DC90DB945
:10DC72000DA90D990D890D980DC80DCE8D8C4E8D67
:10DC8200488D188D0018098D198D298D398D498D72
:10DC9200598D698D798D6D8D7D8D5E8D3F8D7F8DD9
:10DCA2007E8D3E8D088DBF8D4E8D020B157F4F8967
:10DCB20009BD0DCE002B0DBF0D880DBE0DFE0DFF53
:10DCC2000DBF0DDE0DFD0DED0DF90DE90DD90DC9DF
:10DCD2000DB90DA90D990D890D980DC80DCE8D8C1C
:10DCE2004E8D488D188D0018098D198D298D398D0D
:10DCF200498D598D698D798D6D8D7D8D5E8D3F8DAF
:10DD02007F8D7E8D3E8D088DBF8D4E8D020B127FD5
:10DD12004F8909BD0DCE002B0DBF0D880DBE0DFE26
:10DD22000DFF0DBF0DDE0DFD0DED0DF90DE90DD948
:10DD32000DC90DB90DA90D990D890D980DC80DCEFE
:10DD42008D8C09B919C929D939890008FF1A000827
:10DD5200800B003A800B0F5A236C04080078027C77
:10DD62004F0B9049000BA26939890008FF1A02196A
:10DD7200320BE83D29890008FA8A060809CA69FFB8
:10DD820049CF000BB14939890008FF1A0219320B39
:10DD9200E83D29890008FA8A040809CA49FF59CFCF
:10DDA2000D8C700BFF3D000BC07F004F00391E0C25
:10DDB200000B754902193989320BE83D298900089F
:10DDC200FA8A040809CA49FF004F4F0B9049000B19
:10DDD200A25902193989320BE83D29890008FA8AC9
:10DDE200050809CA59FF49CF0308014A39890008C1
:10DDF2000F5ADE2C500BBB190009710BA63D0D8C7E
:10DE0200000905B70008006A0008FF1A0008007838
:10DE1200243C05890008FF1A0008F71A0008098542
:10DE2200010B907F4F8900080078043C010B907F22
:10DE32004F8909BD2589010B927F4F99000819DA94
:10DE4200086C010B917F4F890008014A010B917FF9
:10DE520009CF2589010B927F09CF0D8C040BA019E4
:10DE620019BF000F19890008034A09BF040F198955
:10DE72000008064A0008FA8ABF0BFF1A09FF004F82
:10DE820019890008084A0008FA8ABF0BFF1A09FF1D
:10DE9200004F19890008024A09BF000F19890008BA
:10DEA200054A09BF020F0108014A19BF010F0D8C73
:10DEB200898D5E0BF83D050B013F000F002B000919
:10DEC200130C040B62391E198989320BE83D29892A
:10DED200030809CA39BF000F89890008034A0008EC
:10DEE200520B333D0808014A89890008EA4C045A5A
:10DEF200E82C0409610B043D003E320BC40C0209FC
:10DF02006A0BC33D0008FF1A0008081A00080078CF
:10DF12000D3C8B096A0BC33D09990108FF1A0108E0
:10DF2200302A01088B096A0BFA3D0D8C8B096A0BAA
:10DF3200C33D09990108FF1A0108FF0BCF1A010816
:10DF42008B096A0BFA3D0D8C898D002B828982899F
:10DF52000008FF0BF81A002B098282890008FF0BC8
:10DF6200C71A002B0982050B0709710BF63D080839
:10DF72000F1A08080078083C4B0BED3D010B100905
:10DF8200710BF63D660B7F3D003E320BC40C040B59
:10DF9200FE3F0F890008FF1A00080278177C000B69
:10DFA200527F4F8900080978113C000BE83F0F8926
:10DFB2000008FF1A00080578093C000BE83F050F2E
:10DFC200002900194D0B0309660B9F3D0D8C898DAD
:10DFD200002B0989020B1C7F4F8900080078023C44
:10DFE2005A0BDC3D2009710BF63D020B837F89CF72
:10DFF200588907D8F8890008FF1A0008CF1A0008C4
:10E00200002B09F8FF0C898D998DA98DB98D002BF4
:10E012000989002B1999670BF93D002B09A9002BDF
:10E0220019B90A0889CA0B0899EA670BF93D000871
:10E03200A9DA0108B9FAF92C003E320BBE0C099993
:10E042000108FF1A0108104C765A0E2C0999010892
:10E05200FF1A0108800B003A800B7A5A056C6A0B92
:10E062008B3D0008FF1A0D8C6A0BC33D0008FF1A96
:10E072000D8C0008FF1A00087678063C7878127C2E
:10E08200040BF83F198F030C040BF93F198F040B93
:10E09200FC3F0F890008FF1A0008012A0008040B40
:10E0A200FC3F098F0D8C898D0309690B203D002BE4
:10E0B20009890009550B0D3D08190309580B7B3DD1
:10E0C2008999050B1009710BDA3D0519B00B0D0981
:10E0D2004A0BFE3D003E320BC40C898D998D002BFC
:10E0E2000989002B19990009060C09998989320BB3
:10E0F200313D0808014A9999002B19990908015ADA
:10E1020001080078F27C003E320BC20C58890008EC
:10E11200FF1A07D800320012002B0012002B002237
:10E1220092990108422A002B199212990108332A66
:10E132001992000809D80D8C09A90208FF1A0208D1
:10E142000E4C765A0C2C09A90208FF1A0208800B01
:10E15200003A800B7A5A036C700B3A3D0D8C6A0BB5
:10E16200FA3D0D8C0008FF1A00080378033C04787E
:10E17200053C090C000BE83F0F89060C020B1C7FC3
:10E182004F890008010C00090008FF1A0D8C09B91B
:10E192000B0C19BF800B136D300BBB3D39BF6E8F5B
:10E1A2000308014A0108014A29C90208015A040860
:10E1B200F05C0D8C58990108FF1A07D80008FF1A65
:10E1C20000080078077C05890008FF1A0008F31A86
:10E1D20000080985010819D80D8C020B627F4FA92E
:10E1E2000999010829DA096C020B617F09CF050B35
:10E1F200043F020F0809550BE13D0D8C6F0B01190D
:10E202000409680BEC3D0ADA558900088AFA09D537
:10E21200558900080ADAFAAAFB2C01050D8C000BBD
:10E22200E83F0F890008FF1A00080578063C040B36
:10E23200FD3F000F000B527F094F0D8C058900082E
:10E24200FF1A0008F31A0008098505890008FF1A59
:10E252000008022A000809850D8C09FF320B004FC5
:10E26200720B0F3D720B313D5E990108FA8ABF0BAA
:10E27200FF1A0D8C010B437F4F890008130B57784F
:10E28200027C0109010C00090008FF1A0D8C6F0BBA
:10E29200A5190009680BEC3D002B000282890008D9
:10E2A2000F2A002B09820D8C720B223D5EA9710B85
:10E2B200A13D5EB989899999000829DA010839FADC
:10E2C2000D8C01190209580B7B3D02190A09580BE2
:10E2D2007B3D02190309580B7B3D0D8CFA8A584E7F
:10E2E200002B29BF8FB9720B313D5EA9FA8ABF0B91
:10E2F200FF1A0D8C09B939BF2FF6020C19C9499FB3
:10E3020029C90208015A0408F95C0D8C0008FA8A2E
:10E31200020809CA29FF39CF0108014A19890008F0
:10E322000D8C040BD53F000F040BD63F000F040BDE
:10E33200D73F000F0D8C800B1B6D300BBB3D5E89F0
:10E34200800B1D6D300BBB3D0D8C0008FF1A0008C1
:10E352000078037C010B907F19CF0D8C5E99720BB4
:10E36200313D5EA90208FA8ABF0BFF1A0D8C09FF24
:10E37200320B004F720B0E3DFA8ABF0BFF1A0D8C47
:10E3820009C90408FA8A020849CA29FF39CF09A92A
:10E392000D8C0909710BF63D690BCB3D640B4A3DAF
:10E3A2000D8C19FF09CF710BFD3DFA8ABF0BFF1AC5
:10E3B2000D8C58890008FF1A07D8000809D80D8C5F
:10E3C20058890008FF1A07D8000809D80D8C0029BF
:10E3D2000019660B6C09660B9F3D0D8CE989F99952
:10E3E200C9A90039320B973D0D8C58890008FF1AD4
:10E3F20007D8000809D80D8C0A7F720B093D5E8987
:10E4020000080D8C000BE63F0F890008FF1A0D8CE7
:10E41200800B196D300BBB3D0D8C0A7F720B093DD1
:10E422005E890D8C09FF720B0F3D00190D8CFA8A63
:10E43200BF0BFF1A09FF0D8C067F710B9C3D5E9985
:10E442000D8C800B1B6D300BBB3D0D8C640B5D3D49
:10E452006F0B593D0D8C047F710B9C3D5E990D8CA9
:10E462000A7F720B093D0D8C040BD93F098F0D8C6D
:10E4720000090008FF1A0D8C720B323D0D8C710BD6
:10E48200FD3D0D8C720B0E3D0D8C710B9C3D0D8C68
:10E4920004090D8C0D8C0D8C0D8C0D8C0D8C0D8C3E
:02E4A2000D8CDF
:020000040001F9
:101FEA00000096A5010009000020FF8F01000000F3
:021FFA000000E5
:10FFEA00CA7196A5010009000090FFFF02000000F7
:02FFFA00000005
:00000001FF
