:020000040000FA
:063E0000200B000C0D8CEC
:08400000002B3058300BA00C1E
:10401E003000FFFFFFFFFFFFFFFFFFFFFFFFFFFF70
:10402E00FFFFFFFFFFFFFFFFFFFFFFFFFFFFFFFF92
:10403E00FFFF000B220C000B2A0C000B2C0C000BAC
:10404E002E0C000B320C000B340C000B360C000B3C
:10405E003A0C000B3C0C000B3E0C000B420C000B00
:10406E00440C000B460C000B4A0C000B4C0C000BC6
:10407E004E0C000B520C000B540C000B560C000B8C
:10408E005A0C000B5C0C000B5E0C000B620C000B50
:10409E00640C000B660C000B6A0C000B6C0C000B16
:1040AE006E0C000B720C000B740C000B760C000BDC
:1040BE007A0C000B7C0C000B7E0C0D8C0D8C0D8C79
:1040CE000D8C200B283D0D8C200B2A3D0D8C0D8C5C
:1040DE00200B2E3D0D8C200B303D0D8C200B323DD8
:1040EE000D8C200B343D0D8C0D8C200B383D0D8C22
:1040FE001C4E020BCC3F0F890008015A1C4E020BBE
:10410E00CC3F098F00080078173C14091C4E09BFDC
:10411E00800B156D300BBB3D5E89800B176D300B20
:10412E00BB3D5E991C4E020BCD3F1FA92FB9000857
:10413E0029CA010839EA1F0C14091C4E09BF800B4D
:10414E00156D300BBB3D5E89800B176D300BBB3D83
:10415E005E991C4E020BCD3F1FA92FB9000829CA2C
:10416E00010839EA1C4E020BCF3F1FA92FB90008D8
:10417E0029CA010839EA0108FAEA056C1C4E143FF7
:10418E00000F001F0D8C1C4E143F098F199F0D8CB4
:10419E00200B3C3D0D8C200B3E3D0D8C898D998D59
:1041AE0014091C4E09BF800B156D300BBB3D002B47
:1041BE005E89800B176D300BBB3D002B5E99160987
:1041CE001C4E09BF800B156D300BBB3D5E89800BFD
:1041DE00176D300BBB3D5E99080809DA090819FA0C
:1041EE0014091C4E09BF800B156D300BBB3D5E894B
:1041FE00800B176D300BBB3D5E991C4E163F098F21
:10420E00199F0908FAEA220B022C0E091C4E09BF4F
:10421E00800B156D300BBB3D5E89800B176D300B1F
:10422E00BB3D5E99106D0108320BAE3D0008800B50
:10423E00003A800B215A066C002B0009002B001946
:10424E00220B780C0A091C4E09BF800B136D300B24
:10425E00BB3D5E890008FA8ABF0BFF1A204A1C4E2E
:10426E0009BF800B136D300BBB3D5E890A191C4EC6
:10427E0019BF800B136D300BBB3D5E990108FA8A96
:10428E00BF0BFF1A0D4A1C4E19BF800B136D300B5E
:10429E00BB3D5E99000819DA220B786C0A091C4E98
:1042AE0009BF800B136D300BBB3D5E890008FA8A87
:1042BE00BF0BFF1A0D4A1C4E09BF800B136D300B3E
:1042CE00BB3D5EA912091C4E09BF800B156D300B4C
:1042DE00BB3D5E89800B176D300BBB3D5E99106D3B
:1042EE000108320BB43D020809DA02082A4C005AC2
:1042FE00282C0A091C4E09BF800B136D300BBB3DD9
:10430E005E890008FA8ABF0BFF1A0D4A1C4E09BFC0
:10431E00800B136D300BBB3D5EA912091C4E09BFFD
:10432E00800B156D300BBB3D5E89800B176D300B0E
:10433E00BB3D5E99106D0108320BB43D020809DADF
:10434E00270C12091C4E09BF800B156D300BBB3D9F
:10435E005EA9800B176D300BBB3D5EB9106D030867
:10436E00320BB43D0A091C4E09BF800B136D300B86
:10437E00BB3D5E890008FA8ABF0BFF1A0D4A1C4E20
:10438E0009BF800B136D300BBB3D5E89020809DA45
:10439E000A091C4E09BF800B136D300BBB3D5E89A5
:1043AE000008FA8ABF0BFF1A0D4A1C4E09BF800B7C
:1043BE00136D300BBB3D5EB90A091C4E09BF800B55
:1043CE00136D300BBB3D5E890008FA8ABF0BFF1AD6
:1043DE00204A1C4E09BF800B136D300BBB3D5E890E
:1043EE00030809DA89899999200B623D002B098906
:1043FE00002B1999760C0E091C4E09BF800B156DFA
:10440E00300BBB3D5E89800B176D300BBB3D5E994B
:10441E00106D0108320BAE3D0008800B003A7F0B89
:10442E00E05A052C002B0009002B00195A0C0A0922
:10443E001C4E09BF800B136D300BBB3D5E8900080F
:10444E00FA8ABF0BFF1A204A1C4E09BF800B136D50
:10445E00300BBB3D5E89000800783B3C0A091C4EC0
:10446E0009BF800B136D300BBB3D5E890008FA8AC5
:10447E00BF0BFF1A204A1C4E09BF800B136D300B69
:10448E00BB3D5EB912091C4E09BF800B156D300B7A
:10449E00BB3D5E89800B176D300BBB3D5E99106D79
:1044AE000108320BB43D09A908081A8A014A090805
:1044BE001A8A006A89899999200B623D002B098915
:1044CE00002B199908081A8A014A09081A8A006AE3
:1044DE00080C002B0009002B00191C4E123F000F78
:1044EE00001F700B804900590908FAEA0C2C498903
:1044FE005999000889DA010899FA1E6C002B49892E
:10450E00002B5999190C89A999B902081A8A014ADE
:10451E0003081A8A006A49895999000829DA01089C
:10452E0039FA0A6C002B4989002B599908081A8A06
:10453E00014A09081A8A006A0A091C4E09BF800B33
:10454E00136D300BBB3D5E890008FA8ABF0BFF1A54
:10455E00104A1C4E09BF800B156D300BBB3D5EA97A
:10456E00800B176D300BBB3D5EB90A091C4E09BF9F
:10457E00800B136D300BBB3D5E890008FA8ABF0BB2
:10458E00FF1A0E4A1C4E09BF800B156D300BBB3D3A
:10459E005E89800B176D300BBB3D5E99020809DA00
:1045AE00030819FA0308FAEA0A2C498959990008EE
:1045BE0029DA010839FA1A6C49A959B9170C29E9EF
:1045CE0039F906081A8A014A07081A8A006A4989BF
:1045DE005999000869DA010879FA086C49A959B99C
:1045EE0002081A8A014A03081A8A006A0A091C4E2E
:1045FE0009BF800B136D300BBB3D5E890008FA8A34
:10460E00BF0BFF1A0E4A1C4E09BF800B156D300BE7
:10461E00BB3D5E89800B176D300BBB3D5E99200B49
:10462E00563D0A291C4E29BF800B136D300BBB3D26
:10463E005EA90208FA8ABF0BFF1A0E4A1C4E29BF4A
:10464E00098F199F0A091C4E09BF800B136D300B81
:10465E00BB3D5E890008FA8ABF0BFF1A0E4A1C4E3C
:10466E0009BF800B156D300BBB3D5E89800B176D3E
:10467E00300BBB3D5E99106D0108320BB43D0A192B
:10468E001C4E19BF800B136D300BBB3D5E9901089C
:10469E00FA8ABF0BFF1A0D4A1C4E19BF098F89A942
:1046AE0099B912091C4E09BF800B156D300BBB3D1D
:1046BE005E89800B176D300BBB3D5E99200B563D0E
:1046CE001C4E123F098F199F0A091C4E09BF800B01
:1046DE00136D300BBB3D5E890008FA8ABF0BFF1AC3
:1046EE000D4A1C4E09BF800B136D300BBB3D5EA9EE
:1046FE0012091C4E09BF800B156D300BBB3D5E8938
:10470E00800B176D300BBB3D5E99106D0108320B9F
:10471E00B43D0999640B0009200B603D0A191C4E2B
:10472E0019BF800B136D300BBB3D5E990108FA8AE1
:10473E00BF0BFF1A034A1C4E19BF098F006D017D76
:10474E00320B600C200B423D0D8C200B443D0D8C2A
:10475E00200B463D0D8C898D0A091C4E09BF800B1E
:10476E00136D300BBB3D5E890008FA8ABF0BFF1A32
:10477E001F4A1C4E09BF800B136D300BBB3D002B27
:10478E005E890808AA8AEA8A08290A190A091C4EAB
:10479E0009BF800B136D300BBB3D5E890008FA8A92
:1047AE00BF0BFF1A1F4A1C4E09BF800B136D300B37
:1047BE00BB3D5E89200B603D09A90E091C4E09BF49
:1047CE00800B156D300BBB3D5E89800B176D300B6A
:1047DE00BB3D5E99106D0108320BAE3D0A191C4EA1
:1047EE0019BF800B136D300BBB3D5E990108FA8A21
:1047FE00BF0BFF1A144A1C4E19BF800B136D300BE2
:10480E00BB3D5E990A391C4E39BF800B136D300BC0
:10481E00BB3D5EB90308FA8ABF0BFF1A564A1C4EFF
:10482E0039BF800B136D300BBB3D5EB9010839DA11
:10483E005E6C0A191C4E19BF800B136D300BBB3DFD
:10484E005E990108FA8ABF0BFF1A074A1C4E19BF60
:10485E00800B136D300BBB3D5EB98999010839DAB7
:10486E00466C0A191C4E19BF800B136D300BBB3DE5
:10487E005E990108FA8ABF0BFF1A074A1C4E19BF30
:10488E00800B136D300BBB3D5E99010829DA2F6C3E
:10489E008999010809DA2B6C000829DA286C0A09B3
:1048AE001C4E09BF800B136D300BBB3D5E8900089B
:1048BE00704A0008FA8ABF0BFF1A1C4E09BF800B04
:1048CE00136D300BBB3D5E890008802A0A191C4E01
:1048DE0019BF800B136D300BBB3D5E990108704AFA
:1048EE000108FA8ABF0BFF1A1C4E19BF098F0A095D
:1048FE001C4E09BF800B136D300BBB3D5E8900084B
:10490E00FA8ABF0BFF1A074A1C4E09BF800B136DA4
:10491E00300BBB3D5E89020809DA296C0A091C4E70
:10492E0009BF800B136D300BBB3D5E890008704ACA
:10493E000008FA8ABF0BFF1A1C4E09BF800B136DBD
:10494E00300BBB3D5E890008FF0B7F1A0A191C4E07
:10495E0019BF800B136D300BBB3D5E990108704A79
:10496E000108FA8ABF0BFF1A1C4E19BF098F0A09DC
:10497E001C4E09BF800B136D300BBB3D5E890008CA
:10498E00FA8ABF0BFF1A0D4A1C4E09BF800B136D1E
:10499E00300BBB3D5EA912091C4E09BF800B156D75
:1049AE00300BBB3D5E89800B176D300BBB3D5E99A6
:1049BE00106D0108320BB43D020809DA476C0A0982
:1049CE001C4E09BF800B136D300BBB3D5E8900087A
:1049DE00704A0008FA8ABF0BFF1A1C4E09BF800BE3
:1049EE00136D300BBB3D5E890008FF0B7F1A0A1951
:1049FE001C4E19BF800B136D300BBB3D5E99010829
:104A0E00704A0108FA8ABF0BFF1A1C4E19BF098F94
:104A1E0012091C4E09BF800B156D300BBB3D5E8914
:104A2E00800B176D300BBB3D5E990A291C4E29BFBA
:104A3E00800B136D300BBB3D5EA90208FA8ABF0BCB
:104A4E00FF1A104A1C4E29BF098F199F0A091C4EC6
:104A5E0009BF800B136D300BBB3D5E890008704A99
:104A6E000008FA8ABF0BFF1A1C4E09BF800B136D8C
:104A7E00300BBB3D5E890008801A00088078250B3C
:104A8E00CE7C0A091C4E09BF800B136D300BBB3D4B
:104A9E005E890008FA8ABF0BFF1A074A1C4E09BF2F
:104AAE00800B136D300BBB3D5E89000889DA6F6C8D
:104ABE000A091C4E09BF800B136D300BBB3D5E897E
:104ACE000008704A0008FA8ABF0BFF1A1C4E09BF75
:104ADE00800B136D300BBB3D5E890008FF0B7F1AF8
:104AEE000A191C4E19BF800B136D300BBB3D5E991E
:104AFE000108704A0108FA8ABF0BFF1A1C4E19BF33
:104B0E00098F12091C4E09BF800B156D300BBB3D72
:104B1E005E89800B176D300BBB3D5E990A291C4ECA
:104B2E0029BF800B136D300BBB3D5EA90208FA8ABC
:104B3E00BF0BFF1A104A1C4E29BF098F199F0A0975
:104B4E001C4E09BF800B136D300BBB3D5E890008F8
:104B5E00704A0008FA8ABF0BFF1A1C4E09BF800B61
:104B6E00136D300BBB3D5E890008102A0A191C4ECE
:104B7E0019BF800B136D300BBB3D5E990108704A57
:104B8E000108FA8ABF0BFF1A1C4E19BF098F006D60
:104B9E00017D320B620C200B4A3D0D8C200B4C3DDF
:104BAE000D8C200B4E3D0D8C200B503D0D8C200B93
:104BBE00523D0D8C200B543D0D8C200B563D0D8C13
:104BCE00200B583D0D8C200B5A3D0D8C200B5C3D5F
:104BDE000D8C200B5E3D0D8C200B603D0D8C200B43
:044BEE00623D0D8C8B
:086040006A0B010C200B640C3B
:10605000690BD50C200B650C200B660C200B670C14
:10606000690B7D0C200B680C200B6B0C200B6E0C4D
:10607000690B510C200B6F0C200B720C200B750C54
:10608000690B250C200B780C200B7B0C200B7C0C57
:106090006A0B850C200B7F0C200BCF0C200BD20C35
:1060A000680BCD0C200BD50C230BA90C230BAC0CCF
:1060B000680B750C230BAF0C230BB20C250BD20C09
:1060C000680B490C250BD50C250BD80C250BDB0CCC
:1060D000680BA10C250BDE0C250BE10C250BE40C49
:1060E000680BF90C250BE70C250BEA0C250BED0CC6
:1060F0006A0B2D0C250BF00C250BF30C250BF60C65
:046100006A0BB10C69
:04611000690BA90C62
:04612000680B1D0CDF
:046130006A0B590C91
:10614000004E000BE93F040BAF6D010C001FFE4D2C
:10615000000BA13F632B7E3F000B486D020C9FEEAE
:106160006E9FFD4D0F0BE01D002BB788650BAE3DFC
:10617000320BBA3DFF0C588D07D8002B37886DBD08
:10618000002BB7880DD80D8C0000893000000F005F
:1061900099C000000F00A3C0000035008730000048
:1061A000350090C00000350093C00000580094C036
:1061B000000001000000420001000000010000009A
:1061C0004343345F50524F4A45435400000000009F
:1061D0004A756C2020372032303131000000000039
:1061E00031343A34343A333800000000EA1FEAFF11
:1061F0000000000019573557535769578657A15764
:10620000BE57D957E457EF57A455B254BB54C454A2
:10621000CC54A455A455A455A455A455A455A4558F
:10622000A455A455A455A455D454E754F254F2549B
:10623000F254F254F254F254F254A455A4550F55AA
:1062400014551C5524552C55345534553455345556
:106250004E5555555D5565556D55755589559D5529
:106260009A4D084FE54D354E7C4E4B4F994FDF4FC1
:10627000FB4F907D90A570AC10B670B9A0BA50BB22
:1062800000BCC0BCE0BD10C060C220C520CBA0CE09
:10629000B0D120001001A002B0074013501B90267F
:1062A000B01C801F70124011500DE008A0071006AE
:1062B00010060002000200020002000200020002BA
:1062C00000020002000200020002000200020002BE
:1062D00000022F2D002D861C00120087898B9093C1
:1062E0009499A340600000C81000141429002900EC
:1062F00029290000142200000000003200000000E4
:10630000070094949090909090929290909090909A
:106310009090FE00000094949090909090929290B3
:1063200090FE00000000000000009494FE000000B9
:10633000000000000000000000000000000000015C
:106340000001000200020004000400080008001020
:10635000001000200020004000400080008001016B
:1063600001010102010201040104010801080110F8
:106370000110012001200140014001800180010045
:106380000900000000000000000000000000000004
:1063900000000000000000000000000000000000FD
:1063A00000000000000000000000000000000000ED
:1063B00000000000000000000000000000000000DD
:1063C0000000FFFF01888D002B3788800B2F3D00D8
:1063D0002B0D8800090DAC01090D8C4E8D5C4E0013
:1063E0002B09BF8F890DCE0D8C888D002B378880AF
:1063F0001819DE310BED3D0A8DFF1A800B293D0D7A
:106400008A8A8AFF1A800B293D002B0D885E890D30
:106410008C888D002B3788800B313D002B0D880038
:07642000090DAC01090D8C10
:106428005A8A5A8A5A8A5A8A020869DA79FA2ADA10
:10643800014D0F0CF52C5A8A5A8A5A8A5A8A020830
:10644800046C69CA79EAF64D040C69CA79EA0ADA71
:10645800F24D5A8A5A8A0987022C69CA79EA801841
:106468000D8C00590108FAEA036C0008123D035923
:106478000308FAEA046C02080C3D0508013A320BDD
:10648800903D00085987026C0008033D59970DECB0
:10649800020801181A8A1A8A014A006A00180D8C23
:1064A800002B0DF9002B0DE9002B0DD9002B0DC980
:1064B800002B0DB9002B0DA9002B0D99002B0D8970
:1064C8001DA902086DCA299D0DB97DCA299D398C5F
:1064D80000490059206D0308DA8A0208DA8A046C38
:1064E800040809CA050819EA00082A8A01085A8A0C
:1064F800F24D0D8C2FF6FF6D003E002B37887EFE87
:10650800800B213D5E9F034DBEFE003EFF6DF75D93
:10651800002BB788007E0D8C060829E939AA0D9C46
:1065280029E939F900290039206D82180ADA320B75
:10653800140C0029106D0108DA8A026C020809CAD5
:1065480000082A8AF84D0D8C01182A8A5A8AFD4DAE
:1065580000180D8C0118FA8ADA8AFD4D00180D8C86
:106568000118AA8ADA8AFD4D00180D8C3ADA300B28
:10657800BA0C09B919C929D9040BBA6939890008AB
:10658800FF1A1019320B9D3D2989060809CA050B07
:10659800851939890008FF1A010809CA184E19BF58
:1065A800FF0F050B88090308FF1A000839CA184E9F
:1065B80009BFFF0F69890008FA8ABF0BFF1A024A50
:1065C8001C4E09BF598F0608FA8ABF0BFF1A014AE9
:1065D8001C4E69BF000F050800781B3C0178053C7C
:1065E80002780A3C0478153C0D8C0242092B1352A0
:1065F800002B003287C20D8C00410408AA8A002BA8
:1066080049C11C4E020B583F000F082B243187C18B
:106618000D8C00400408AA8A002B49C01C4E020BAE
:10662800573F000F082B2E3040890008020B012A23
:1066380009C00D8C09B9020B574939890008FF1A9E
:106648000219320B9D3D29890008FA8A040809CAF3
:106658001C4E49BF800B136D300BBB3D5E89000893
:106668000078093C0378473C0478793C0578330B7B
:10667800E93C340B170C51890008201A00080078EF
:10668800293C51890008FF0BDE1A09D141A7116C7A
:10669800020B574939890008FF1A0219320B9D3D30
:1066A80029890008FA8A040809CA1C4E49BF010F43
:1066B8000D8C020B574939890008FF1A0219320B51
:1066C8009D3D29890008FA8A040809CA1C4E49BF59
:1066D800030F0D8C020B574939890008FF1A02195C
:1066E800320B9D3D29890008FA8A040809CA1C4E04
:1066F80049BF010F0D8C51890008041A0008007861
:106708001D3C61890008050B882939990108FF1A81
:10671800020819CA184E29BF098F020B574939892F
:106728000008FF1A0219320B9D3D29890008FA8AD0
:10673800040809CA1C4E49BF040F0D8C020B5749A7
:1067480039890008FF1A0219320B9D3D2989000872
:10675800FA8A040809CA1C4E49BF010F0D8C5189D9
:1067680009990108041A01080078023C61890D8C16
:106778000008080B001A00080078163C0ADA50894D
:106788000008BAFA09D0020B574939890008FF1ADC
:106798000219320B9D3D29890008FA8A040809CAA2
:1067A8001C4E49BF000F0D8C020B57493989000850
:1067B800FF1A0219320B9D3D29890008FA8A04083C
:1067C80009CA1C4E49BF010F0D8C51890008080BDE
:1067D800001A00080078163C0ADA51890008BAFA4B
:1067E80009D1020B574939890008FF1A0219320BDF
:1067F8009D3D29890008FA8A040809CA1C4E49BF28
:10680800000F0D8C020B574939890008FF1A02192D
:10681800320B9D3D29890008FA8A040809CA1C4ED2
:1068280049BF010F0D8C0051020B574939890008E7
:10683800FF1A0219320B9D3D29890008FA8A0408BB
:1068480009CA1C4E49BF000F0D8C898D002B508939
:1068580089890008201A00080078340BC13C508947
:106868000008FF0BDE1A09D050B7FE6C37D040A7DE
:10687800356CC08900084878053C4978053C4A7859
:10688800193C1E0C0060200C02190709540B103D1E
:106898000008FF1A0008201A00080078063C184E65
:1068A800050B8B3F000F8460050C184E050B8B3FC2
:1068B800010F8060184E050B8B3F020F0160040C1E
:1068C8000D095D0B833D00605097FE6C17D00808DA
:1068D800801A08080078063C77D0040C50A7FE6C94
:1068E8006089000850B7FE6C37D0508900080ADA72
:1068F800BAAAFB6C0ADA50890008BAFA09D0184E0D
:10690800050B8C3F0FB939890008014A184E050B51
:106918008C3F098F042929C9E30B0259184E050B2E
:106928008B3F0F890008FF1A1419320B9D3D2989E6
:10693800050809CA0308FF1A050839CA184E59BFBD
:10694800800B136D300BBB3D6E990108FF1A49A9E6
:106958000009320BBD3DC0890019010800780D3CC3
:106968000E095D0B833D184E050B8B3F000F184E2B
:10697800050B8C3F000F3B0B713D006D017D320B09
:10698800620C898D002B0989020B57398989000807
:10699800FF1A0219320B9D3D29890008FA8A03085B
:1069A80009CA1C4E39BF800B136D300BBB3D5E8985
:1069B800000800780D3C0278573C0378350B773C8B
:1069C8000478350BC63C0578370B413C370B870CF0
:1069D800508909990108201A010800782B3C508930
:1069E8000008FF0BDE1A09D040A7126C020B5739BA
:1069F80089890008FF1A0219320B9D3D2989000870
:106A0800FA8A030809CA1C4E39BF010F370B980CC4
:106A1800020B573989890008FF1A0219320B9D3D6C
:106A280029890008FA8A030809CA1C4E39BF020FCF
:106A3800370B980C0008081A00080078033C37D078
:106A4800370B980C020B573989890008FF1A02196D
:106A5800320B9D3D29890008FA8A030809CA1C4E91
:106A680039BF010F370B980C508909990108041A8E
:106A7800010800781E3C60890008050B8529899962
:106A88000108FF1A020819CA184E29BF098F020BFC
:106A9800573989890008FF1A0219320B9D3D298947
:106AA8000008FA8A030809CA1C4E39BF030F370BBE
:106AB800980C0008081A00080078033C37D0370BF8
:106AC800980C020B573989890008FF1A0219320BF2
:106AD8009D3D29890008FA8A030809CA1C4E39BF56
:106AE800010F370B980C508909990108041A0108FD
:106AF80000782E3C60890008050B882989990108CF
:106B0800FF1A020819CA184E29BF098F020B5739F4
:106B180089890008FF1A0219320B9D3D298900084E
:106B2800FA8A030809CA1C4E39BF040F020B5A39E6
:106B380089890008FF1A0219320B9D3D298900082E
:106B4800FA8A030809CA1C4E39BF000F370B980C84
:106B58000008081A00080078033C37D0370B980C57
:106B6800020B573989890008FF1A0219320B9D3D1B
:106B780029890008FA8A030809CA1C4E39BF010F7F
:106B8800370B980C508909990108201A01080078D8
:106B9800793C50890008FF0BDE1A09D040A7606CC9
:106BA800020B5A3989890008FF1A0219320B9D3DD8
:106BB80029890008FA8A030809CA1C4E39BF800BC4
:106BC800136D300BBB3D5E8900080078497C050BCE
:106BD800881989890008FF1A010809CA184E19BFBF
:106BE800800B136D300BBB3D6E99050B8529898988
:106BF8000008FF1A020809CA184E29BF800B136D36
:106C0800300BBB3D6E89540B103D0008FF1A09E09C
:106C1800020B5A3989890008FF1A0219320B9D3D67
:106C280029890008FA8A030809CA1C4E39BF800B53
:106C3800136D300BBB3D5EB90308014A020B5A497C
:106C480089890008FF1A0219320B9D3D298900081D
:106C5800FA8A040809CA1C4E49BF398F370B980CA9
:106C6800020B573989890008FF1A0219320B9D3D1A
:106C780029890008FA8A030809CA1C4E39BF010F7E
:106C8800370B980C09990108041A01080078483C48
:106C980060A90208050B881989890008FF1A0108EC
:106CA80009CA184E19BF800B136D300BBB3D6E9986
:106CB800050B853989890008FF1A030809CA184E87
:106CC80039BF800B136D300BBB3D6E89540B5A3D99
:106CD800020B5A3989890008FF1A0219320B9D3DA7
:106CE80029890008FA8A030809CA1C4E39BF800B93
:106CF800136D300BBB3D5EB90308014A020B5A49BC
:106D080089890008FF1A0219320B9D3D298900085C
:106D1800FA8A040809CA1C4E49BF398F370B980CE8
:106D280009990108021A01080078623C17D0000886
:106D3800801A00080078133C77D0020B57398989EC
:106D48000008FF1A0219320B9D3D29890008FA8AAA
:106D5800030809CA1C4E39BF050F370B980C050BE1
:106D6800881989890008FF1A010809CA184E19BF2D
:106D7800800B136D300BBB3D6E99050B85298989F6
:106D88000008FF1A020809CA184E29BF800B136DA4
:106D9800300BBB3D6E89540B103D0008FF1A09E00B
:106DA800020B5A3989890008FF1A0219320B9D3DD6
:106DB80029890008FA8A030809CA1C4E39BF800BC2
:106DC800136D300BBB3D5EB90308014A020B5A49EB
:106DD80089890008FF1A0219320B9D3D298900088C
:106DE800FA8A040809CA1C4E49BF398F370B980C18
:106DF80009990108080B001A01080078263C0ADAEC
:106E080050890008BAFA09D0050B85198989000844
:106E1800FF1A010809CA184E19BF800B136D300BF1
:106E2800BB3D6E89530BD13D020B57398989000848
:106E3800FF1A0219320B9D3D29890008FA8A0308B6
:106E480009CA1C4E39BF000F6F0C0008081A000849
:106E58000078023C37D0680C020B57398989000842
:106E6800FF1A0219320B9D3D29890008FA8A030886
:106E780009CA1C4E39BF010F570C508909990108DE
:106E8800080B001A01080078263C0ADA5089000825
:106E9800BAFA09D0050B851989890008FF1A010873
:106EA80009CA184E19BF800B136D300BBB3D6E8994
:106EB800530BD13D020B573989890008FF1A021973
:106EC800320B9D3D29890008FA8A030809CA1C4E1D
:106ED80039BF000F290C0008081A00080078023C86
:106EE80037D0220C020B573989890008FF1A02197A
:106EF800320B9D3D29890008FA8A030809CA1C4EED
:106F080039BF010F110C0050020B5739898900084D
:106F1800FF1A0219320B9D3D29890008FA8A0308D5
:106F280009CA1C4E39BF000F006D017D320B620C7F
:106F3800898D998D042BBA090008FF1A1019320B94
:106F48009D3D2989080809CA002B5299998900088A
:106F5800401A000800780E3C89890008FA8ABF0B9D
:106F6800FF1A014A1C4E09BF030F67D2020B090919
:106F78005D0B833D99890008801A000800780E3C53
:106F880089890008FA8ABF0BFF1A014A1C4E09BFFB
:106F9800030F77D2020B08095D0B833D998900081E
:106FA800041A00080078380BCE3C27D289890008DB
:106FB8000C4A184E09BF800B136D300BBB3D6EB9E0
:106FC8000308FF1A89890008FA8ABF0BFF1A054AC5
:106FD8001C4E09BF800B136D300BBB3D5EC9898900
:106FE8000008FA8ABF0BFF1A1C4E09BF800B136DED
:106FF800300BBB3D5E890619320B9D3D298904087B
:1070080009CA0408044A0408FA8ABF0BFF1A1C4E6E
:1070180049BF800B136D300BBB3D5E890008015AD8
:10702800030809F8097C89890008FA8ABF0BFF1A46
:10703800014A1C4E09BF040F62B903088989000878
:10704800FA8ABF0BFF1A054A1C4E09BF800B136D45
:10705800300BBB3D5EC989890008FA8ABF0BFF1A4D
:107068001C4E09BF800B136D300BBB3D5E890619A2
:10707800320B9D3D2989040809CA0408024A0408FC
:10708800FA8ABF0BFF1A1C4E49BF800B136D300BD9
:10709800BB3D5E99898900080C4A184E09BF800BD0
:1070A800136D300BBB3D6E890008FF1A010809CA31
:1070B800184E19BF398F898900080C4A184E09BF24
:1070C800800B136D300BBB3D6E990108014A89890D
:1070D80000080C4A184E09BF198F89890008FA8AD6
:1070E800BF0BFF1A044A1C4E09BF800B136D300BEF
:1070F800BB3D5E990108014A89890008FA8ABF0BDD
:10710800FF1A044A1C4E09BF198F898900080C4AC6
:10711800184E09BF800B136D300BBB3D6EB90308C9
:10712800FF1A89890008FA8ABF0BFF1A054A1C4E04
:1071380009BF800B136D300BBB3D5EC98989000800
:10714800FA8ABF0BFF1A1C4E09BF800B136D300B58
:10715800BB3D5E890619320B9D3D2989040809CA81
:107168000408044A0408FA8ABF0BFF1A1C4E49BFD8
:10717800800B136D300BBB3D5E890008015A030874
:1071880009F8087CF7C242F7FE2C528900080ADA8F
:10719800EAAAFB2C99890008021A000800783A0B21
:1071A800A33C17D289890008FA8ABF0BFF1A054A3F
:1071B8001C4E09BF800B136D300BBB3D5EB989892E
:1071C8000008FA8ABF0BFF1A1C4E09BF800B136D0B
:1071D800300BBB3D5E890619320B9D3D298903089A
:1071E80009CA0308024A0308FA8ABF0BFF1A1C4E91
:1071F80039BF800B136D300BBB3D5E998989000840
:107208000C4A184E09BF800B136D300BBB3D6E89BD
:107218000008FF1A010809CA184E19BF800B136D20
:10722800300BBB3D6E890008FF1A09E28989000806
:107238000C4A184E09BF800B136D300BBB3D6E997D
:107248000108014A898900080C4A184E09BF198F9C
:10725800898900080C4A184E09BF800B136D300B42
:10726800BB3D6EB90308FF1A89890008FA8ABF0B6B
:10727800FF1A054A1C4E09BF800B136D300BBB3D2E
:107288005EC989890008FA8ABF0BFF1A1C4E09BF1C
:10729800800B136D300BBB3D5E890619320B9D3D8B
:1072A8002989040809CA0408044A0408FA8ABF0B91
:1072B800FF1A1C4E49BF800B136D300BBB3D5E8916
:1072C800030809F83A0BA37C89890008FA8ABF0BDE
:1072D800FF1A1C4E09BF800B136D300BBB3D5E9926
:1072E8000108014A89890008FA8ABF0BFF1A1C4E57
:1072F80009BF198F89890008FA8ABF0BFF1A1C4E2B
:1073080009BF800B136D300BBB3D5E99898900085E
:107318000D4A184E09BF800B136D300BBB3D6E89AB
:107328000008FF1A010809F80B7C89890008FA8A05
:10733800BF0BFF1A014A1C4E09BF020F3A0BA30CE0
:1073480089890008FA8ABF0BFF1A054A1C4E09BF33
:10735800800B136D300BBB3D5EB989890008FA8A32
:10736800BF0BFF1A1C4E09BF800B136D300BBB3DC2
:107378005E890619320B9D3D2989030809CA184EF2
:1073880039BF800B136D300BBB3D6E890008FF1AA7
:10739800000803780B3C89890008FA8ABF0BFF1A9A
:1073A800014A1C4E09BF030F3A0BA30C8989000838
:1073B800FA8ABF0BFF1A1C4E09BF800B136D300BE6
:1073C800BB3D5E990108014A89890008FA8ABF0B0A
:1073D800FF1A1C4E09BF198F898900080C4A184EDC
:1073E80009BF000F89890008FA8ABF0BFF1A054AEE
:1073F8001C4E09BF800B136D300BBB3D5EB98989EC
:107408000008FA8ABF0BFF1A1C4E09BF800B136DC8
:10741800300BBB3D5E890619320B9D3D2989030857
:1074280009CA184E39BF800B136D300BBB3D6E89EE
:107438000008FF1A00080178027CA7C2010C27C2C5
:10744800002B0032E7C242E7FE2C528900080ADA14
:10745800EAAAFB2C346289890008FA8ABF0BFF1A52
:10746800054A1C4E09BF800B136D300BBB3D5EB93E
:1074780089890008FA8ABF0BFF1A1C4E09BF800BC6
:10748800136D300BBB3D5E890619320B9D3D298972
:10749800030809CA0308044A0308FA8ABF0BFF1A3B
:1074A8001C4E39BF800B136D300BBB3D5E89000845
:1074B800025A456C89890008FA8ABF0BFF1A054AE7
:1074C8001C4E09BF800B136D300BBB3D5EB989891B
:1074D8000008FA8ABF0BFF1A1C4E09BF800B136DF8
:1074E800300BBB3D5E890619320B9D3D2989030887
:1074F80009CA184E39BF800B136D300BBB3D6E891E
:107508000008FF1A000801781A7C5297102C52F7CD
:10751800FC6C89890008FA8ABF0BFF1A014A1C4EC5
:1075280009BF030F77D2020B08095D0B833DF7C231
:1075380042F7FE2C528900080ADAEAAAFB2C09084D
:10754800C61A09080078097C89890008FA8ABF0BDD
:10755800FF1A014A1C4E09BF030F89890008FA8ADD
:10756800BF0BFF1A014A1C4E09BF800B136D300B6D
:10757800BB3D5E8900080278103C89890008FA8AB8
:10758800BF0BFF1A014A1C4E09BF800B136D300B4D
:10759800BB3D5E89000803782B7CF7C242F7FE2CBE
:1075A800528900080ADAEAAAFB2C89890008FA8AB3
:1075B800BF0BFF1A014A1C4E09BF800B136D300B1D
:1075C800BB3D5E89000802780A7C89890008FA8A2E
:1075D800BF0BFF1A014A1C4E09BF040F090C898909
:1075E8000008FA8ABF0BFF1A014A1C4E09BF050F93
:1075F80089890008FA8ABF0BFF1A014A1C4E09BF85
:10760800800B136D300BBB3D5E890008045A512C6A
:10761800002B003289890008FA8ABF0BFF1A044A36
:107628001C4E09BF800B136D300BBB3D5E890008F3
:107638000078197C89890008FA8ABF0BFF1A074A63
:107648001C4E09BF800B136D300BBB3D5E890008D3
:107658000078093C89890008FA8ABF0BFF1A014A99
:107668001C4E09BF000F89890008FA8ABF0BFF1A50
:10767800074A1C4E09BF800B136D300BBB3D5E895A
:1076880000080078163C89890008FA8ABF0BFF1A9F
:10769800074A1C4E09BF800B136D300BBB3D5E893A
:1076A80009BD0808FA8ABF0BFF1A014A1C4E89BF98
:1076B800000F006D017D320B600C3B0BE2190709CE
:1076C800640BC43D3B0BE9190809640BC43D3B0B33
:1076D800F0190609640BC43D0D8C898D002B58895F
:1076E8000808FF1A07D805095D0B833D00296819AA
:1076F8000009320BBD3D022968190109320BBD3D55
:10770800080889D80019D809670B203D0019D50940
:10771800670B203D8019D609670B203D0019D70952
:10772800670B203DFF19D809670B203D006D017DCF
:10773800320B620C40890008800B002A09C041897D
:107748000008800B002A09C142890008800B002A22
:1077580009C207C007C107C20D8C09B9040BBE498D
:1077680039890008FF1A1019320B9D3D2989040830
:1077780009CA0408FA8ABF0BFF1A1C4E49BF800BBE
:10778800136D300BBB3D5E89000800780B3C017817
:10779800053C02780B3C04780D3C0D8C3989370B7D
:1077A8009C3D0D8C3989340BC53D0D8C3989330BC3
:1077B8001E3D0D8C3989340B293D0D8C050B0409B0
:1077C8005D0B833D0009C93D0D8C050B05095D0B5B
:1077D800833D0109C23D0D8C050B05095D0B833DF9
:1077E8000209BB3D0D8C1C4E000B513F0F89000850
:1077F80000783D0BFA3C184E050B6F3F0F990108B6
:10780800FF1A184E632B003F8F890008FF1A0008E3
:10781800800B003A0108800B003A09DA3D0B596CDD
:10782800E10B88390308024A184E050B6F3F0F8990
:107838000008FF1A0619320B9D3D2989030809CA59
:10784800184E39BF800B136D300BBB3D6E89000895
:10785800FF1A0008FE781E7C001919B9E10B884947
:107868000408034A184E050B6F3F0F890008FF1ADA
:107878000619320B9D3D2989040809CA184E49BFCB
:10788800800B136D300BBB3D6E893999560B4C3DFF
:107898003D0B4F0CE10B88390308024A184E050BC3
:1078A8006F3F0F890008FF1A0619320B9D3D298981
:1078B800030809CA184E39BF800B136D300BBB3D46
:1078C8006E890008FF1A0008FC783A7C011919B97A
:1078D800E10B88490408034A184E050B6F3F0F89CE
:1078E8000008FF1A0619320B9D3D2989040809CAA8
:1078F800184E49BF800B136D300BBB3D6E8939990B
:10790800560B4C3D091919B9E10B88490408034A7B
:10791800184E050B6F3F0F890008FF1A0619320B26
:107928009D3D2989040809CA184E49BF800B136D6B
:10793800300BBB3D6E893999560B4C3D3D0B4F0CB6
:10794800E10B88390308024A184E050B6F3F0F896F
:107958000008FF1A0619320B9D3D2989030809CA38
:10796800184E39BF800B136D300BBB3D6E89000874
:10797800FF1A0008FD783D0B4F3CE10B88390308DE
:10798800024A184E050B6F3F0F890008FF1A0619A7
:10799800320B9D3D2989030809CA184E39BF800B4F
:1079A800136D300BBB3D6E890008FF1A0008FB7889
:1079B8001E7C55B9E10B88490408034A184E050B8B
:1079C8006F3F0F890008FF1A0619320B9D3D298960
:1079D800040809CA184E49BF800B136D300BBB3D14
:1079E8006E890008FF1A030809AA39D5540CE10B5F
:1079F80088390308024A184E050B6F3F0F890008A3
:107A0800FF1A0619320B9D3D2989030809CA184E29
:107A180039BF800B136D300BBB3D6E89660BE83D9B
:107A280009B90308FF1AE10B88490408034A184EEC
:107A3800050B6F3F0F890008FF1A0619320B9D3D91
:107A48002989040809CA184E49BF800B136D300BE9
:107A5800BB3D6E890008FF1A030809AA3999010875
:107A680019B9E10B88490408024A184E050B6F3F03
:107A78000F890008FF1A0619320B9D3D2989040851
:107A880009CA184E49BF800B136D300BBB3D6E8978
:107A98003999670B203D184E050B6F3F0F89000879
:107AA800014A184E050B6F3F098F184E050B6F3FA3
:107AB8000F990108FF1A184E632B003F8F890008A1
:107AC800FF1A0008800B003A0108800B003A09DA17
:107AD800766CE10B8839184E050B6F3F0F8900084B
:107AE800FF1A0619320B9D3D2989030809CA0308A4
:107AF800FA8ABF0BFF1A1C4E39BF800B136D300B6F
:107B0800BB3D5EB9E10B88490408065A184E050BBF
:107B18006F3F0F890008FF1A0619320B9D3D29890E
:107B2800040809CA0408FA8ABF0BFF1A1C4E49BF89
:107B3800800B136D300BBB3D5E89030809F83B0BC6
:107B4800FF3CE10B8839184E050B6F3F0F89000881
:107B5800FF1A0619320B9D3D2989030809CA030833
:107B6800FA8ABF0BFF1A1C4E39BF800B136D300BFE
:107B7800BB3D5EB9E10B88490408065A184E050B4F
:107B88006F3F0F890008FF1A0619320B9D3D29899E
:107B9800040809CA0408FA8ABF0BFF1A1C4E49BF19
:107BA800800B136D300BBB3D5E89030809DA0308AF
:107BB8000C5A39A900390A094A0BAC3D0D8C184EEC
:107BC800632B003F8F890008FF1A0008015A00083C
:107BD800184E050B6F3F098F04096C0BF23D002905
:107BE80000195A0B9309620BB33D0D8C184E050B07
:107BF8006F3F0F990108FF1A184E632B003F8F89BA
:107C08000008FF1A0008800B003A0108800B003AB0
:107C180009DA3F0BBC6CE10B88390308024A184E9D
:107C2800050B6F3F0F890008FF1A0619320B9D3D9F
:107C38002989030809CA184E39BF800B136D300B08
:107C4800BB3D6E890008FF1A0008FE781E7C0119EA
:107C580019B9E10B88490408034A184E050B6F3F10
:107C68000F890008FF1A0619320B9D3D298904085F
:107C780009CA184E49BF800B136D300BBB3D6E8986
:107C88003999560B4C3D3F0BB20CE10B8839030870
:107C9800024A184E050B6F3F0F890008FF1A061994
:107CA800320B9D3D2989030809CA184E39BF800B3C
:107CB800136D300BBB3D6E890008FF1A0008FC7875
:107CC8001E7C011919B9E10B88490408034A184EAA
:107CD800050B6F3F0F890008FF1A0619320B9D3DEF
:107CE8002989040809CA184E49BF800B136D300B47
:107CF800BB3D6E893999560B4C3D3F0BB20CE10BDD
:107D080088390308024A184E050B6F3F0F8900088F
:107D1800FF1A0619320B9D3D2989030809CA184E16
:107D280039BF800B136D300BBB3D6E890008FF1AFD
:107D38000008FD783F0BB23CE10B88390308024A82
:107D4800184E050B6F3F0F890008FF1A0619320BF2
:107D58009D3D2989030809CA184E39BF800B136D48
:107D6800300BBB3D6E890008FF1A0008FB78217CA8
:107D780055B9E10B88490408034A184E050B6F3FB3
:107D88000F890008FF1A0619320B9D3D298904083E
:107D980009CA184E49BF800B136D300BBB3D6E8965
:107DA8000008FF1A00081A8A0308099A39D53F0BF8
:107DB800B20CE10B88390308044A184E050B6F3FD3
:107DC8000F890008FF1A0619320B9D3D29890308FF
:107DD80009CA184E39BF800B136D300BBB3D6E8935
:107DE8000008FF1A0008011A00080078613C1C4EC0
:107DF800010BF13F0F890008021A000800783F0BB9
:107E0800B23CE10B88390308024A184E050B6F3F54
:107E18000F890008FF1A0619320B9D3D29890308AE
:107E280009CA184E39BF800B136D300BBB3D6E89E4
:107E3800660BE83D09B90308FF1AE10B88490408F5
:107E4800034A184E050B6F3F0F890008FF1A0619E1
:107E5800320B9D3D2989040809CA184E49BF800B79
:107E6800136D300BBB3D6E890008FF1A00081A8A93
:107E78000308099A3999010819B9E10B88490408D6
:107E8800024A184E050B6F3F0F890008FF1A0619A2
:107E9800320B9D3D2989040809CA184E49BF800B39
:107EA800136D300BBB3D6E893999670B203D560C1D
:107EB800E10B88390308024A184E050B6F3F0F89FA
:107EC8000008FF1A0619320B9D3D2989030809CAC3
:107ED800184E39BF800B136D300BBB3D6E89660B96
:107EE800E83D09B90308FF1AE10B88490408034A69
:107EF800184E050B6F3F0F890008FF1A0619320B41
:107F08009D3D2989040809CA184E49BF800B136D85
:107F1800300BBB3D6E890008FF1A00081A8A030857
:107F2800099A3999010819B9E10B88490408024AE4
:107F3800184E050B6F3F0F890008FF1A0619320B00
:107F48009D3D2989040809CA184E49BF800B136D45
:107F5800300BBB3D6E893999670B203D184E050BD8
:107F68006F3F0F890008015A184E050B6F3F098FA4
:107F7800184E050B6F3F0F990108FF1A184E632B17
:107F8800003F8F890008FF1A0008800B003A01089B
:107F9800800B003A09DA766CE10B8839184E050B2C
:107FA8006F3F0F890008FF1A0619320B9D3D29897A
:107FB800030809CA0308FA8ABF0BFF1A1C4E39BF07
:107FC800800B136D300BBB3D5EB9E10B884904088B
:107FD800064A184E050B6F3F0F890008FF1A06194D
:107FE800320B9D3D2989040809CA0408FA8ABF0B87
:107FF800FF1A1C4E49BF800B136D300BBB3D5E89C9
:10800800030809F83D0BFA3CE10B88390308064AD6
:10801800184E050B6F3F0F890008FF1A0619320B1F
:108028009D3D2989030809CA0308FA8ABF0BFF1A6C
:108038001C4E39BF800B136D300BBB3D5EB9E10B95
:108048008849184E050B6F3F0F890008FF1A06195B
:10805800320B9D3D2989040809CA0408FA8ABF0B16
:10806800FF1A1C4E49BF800B136D300BBB3D5E8958
:10807800030809DA03080C5A39A900390A094A0B16
:10808800AC3D0D8C184E050B6F3F000F05096C0BAE
:10809800F23D002900195A0B9309620BB33D0D8C70
:1080A800000D898D998D0008021A00080078473C58
:1080B800002B87090F0C8989660BE83D099901088F
:1080C800FF1A0108FF0B3F1A01088989670B203D39
:1080D8000808014A89890008FF1A0008800B003A3D
:1080E800800BA85A410B2A6C89890008FF1A0008DE
:1080F800094C8C5A072C89890008FF1A0008E84C9B
:10810800905AE62C89890008FF1A0008A078E03CFC
:1081180089890008FF1A0008800B003A800B8C5AE6
:10812800CA6C8989660BE83D09990108FF1A01089C
:10813800FF0BCF1A01088989670B203DC90C1D89DF
:1081480000082A8A044AE20BDA19084E09A909BF6D
:1081580019FE017D320B7E3D002B0119002B87098A
:108168000F0C8989660BE83D09990108FF1A010877
:10817800FF0B3F1A01088989670B203D0808014A4F
:1081880089890008FF1A0008800B003A800BA85A5A
:108198005D6C89890008FF1A0008094C8C5A072C65
:1081A80089890008FF1A0008E94C905AE72C001941
:1081B800020C0108014A19A90208FF1A9989000846
:1081C800FF1A0008800B003A0208800B003A09DA0F
:1081D800186C89A90208FF1A1DB903082A8A044ADB
:1081E80019890008FF1A030809CA184E39BF800BFD
:1081F800136D300BBB3D6E890008FF1A020809F8A1
:10820800D87C0108FF1A99890008FF1A010809F8A3
:10821800B57C89890008FF1A0008A078AF3C8989D5
:108228000008FF1A0008800B003A800B8C5A996CE2
:108238008989660BE83D09990108FF1A0108FF0BB7
:10824800CF1A01088989670B203D980C016D017DC3
:10825800320B600C1C4E000B513F198F00093B0B71
:10826800F73D0D8C000D00293B0BF7190A09670B28
:10827800BD3D1C4E010BF13F000F07193109670B7B
:10828800203D05193209670B203D5B0BBD3D016D93
:10829800017D320B640C898D998DA98D002B09897C
:1082A800002B001989890008041A00080078023C8C
:1082B8000109010C00090008FF1A00080078203C99
:1082C800002BCA29060C0019A989670B203D0A084A
:1082D800014AA9890008FF1A0008F54CD05AF32C66
:1082E800002BE029060C0019A989670B203D0A0814
:1082F800014AA9890008FF1A0008F54CF15AF32C25
:108308000C190D09670B203D00190709670B203D63
:1083180037190B09670B203D0F191009670B203D12
:1083280003191109670B203D1309660BE83D0999EC
:108338000108FF1A0108602A01081309670B203D8C
:108348000709660BE83D09990108FF1A0108032A85
:1083580001080709670B203D0D09660BE83D0999DF
:108368000108FF1A0108FF0BF31A01080D09670B32
:10837800203D002B0019002B8029150CE20BE31976
:1083880099890008FF1A010809CA184E19BF800BFD
:10839800136D300BBB3D6E99A989670B203D090809
:1083A800014A0A08014AA9890008FF1A0008E64C90
:1083B800855AE42C002B0019002B9029150CE20B90
:1083C800E81999890008FF1A010809CA184E19BF47
:1083D800800B136D300BBB3D6E99A989670B203D4F
:1083E8000908014A0A08014AA9890008FF1A000871
:1083F800E64CA85AE42C0808201A08080078347CAF
:10840800FF197609670B203DFF197809670B203D96
:10841800FF190109670B203DFF192909670B203D4A
:10842800FF192C09670B203D00195809670B203DDF
:1084380000195909670B203D00197109670B203D88
:10844800FF198E09670B203DFF19C709670B203DEF
:10845800FE19C809670B203DFF19C909670B203DA4
:10846800FF19D209670B203D006D017D320B5E0CB0
:108478000008101A00080078033C6C0BFD3D0D8CB9
:1084880000190309560B4C3D6C0BE23D02190A0911
:10849800560B4C3D02191A09560B4C3D02191F097F
:1084A800560B4C3D02191D09560B4C3D0219040987
:1084B800560B4C3D02191E09560B4C3D0219220958
:1084C800560B4C3D02191809560B4C3D0D8C1C4E91
:1084D800010BF03F0F890D8C1C4E010BF13F0F89EA
:1084E8000D8C000D000D000D000D898D998D002B50
:1084F8000999002B19891C4E010BEF3F0F890008C1
:108508000078430B587C89890008201A00080078F5
:10851800137C1C4E010BEF3F010F5B0BB43D1C4E4F
:10852800020BA73F0F8900080078023C6D0B023D43
:108538003B0B9E3D89899C3D89890008011A0008EA
:108548000078057C5D0B443D99895E0BAD3D1C4E62
:10855800010BF03F998F1C4E010BF13F898F8989E0
:108568000008201A00080078430B543C1D890008B5
:108578002A8A044AE20BDB19084E09A909BF19FE29
:10858800087D320B7E3D002B08191C4E020BA73FBD
:108598000F8900080078043C6C0BFB3D6C0BFE3D1A
:1085A8008989410B4F3D002B87090F0C8989660B80
:1085B800E83D09990108FF1A0108FF0B3F1A010855
:1085C8008989670B203D0808014A89890008FF1A34
:1085D8000008800B003A800BA85A5D6C8989000856
:1085E800FF1A0008094C8C5A072C89890008FF1AC1
:1085F8000008E94C905AE72C0019020C0108014ABE
:1086080019A90208FF1A99890008FF1A0008800BA7
:10861800003A0208800B003A09DA186C89A90208A6
:10862800FF1A1DB903082A8A044A19890008FF1A83
:10863800030809CA184E39BF800B136D300BBB3DB8
:108648006E890008FF1A020809F8D87C0108FF1A89
:1086580099890008FF1A010809F8B57C898900087A
:10866800FF1A0008A078AF3C89890008FF1A0008A3
:10867800800B003A800B8C5A996C8989660BE83D0F
:1086880009990108FF1A0108FF0BCF1A0108898907
:10869800670B203D980C1C4E010BEF3F000F040C9C
:1086A8000019FF09410B2E3D046D017D320B600C52
:1086B80002190F09560B4C3D1009420B3C3D0D8C1D
:1086C8000A191C4E19BF800B136D300BBB3D5E9908
:1086D8000108FA8ABF0BFF1A394A1C4E19BF000F4E
:1086E8000019076D0008320BA83D1C4E063F098F84
:1086F800199F1C4E043F098F199F1C4E023F098F7A
:10870800199F0A091C4E09BF800B136D300BBB3D26
:108718005E890008FA8ABF0BFF1A184A1C4E09BF67
:10872800000F0009050BDC191C4E163F098F199F15
:108738001C4E143F098F199F320B00091C4E0B3F2A
:10874800098F0A191C4E19BF800B136D300BBB3DE6
:108758005E990108FA8ABF0BFF1A0A4A1C4E19BF14
:10876800098F320B00090A191C4E19BF800B136DB3
:10877800300BBB3D5E990108FA8ABF0BFF1A1D4AF0
:108788001C4E19BF098F0A191C4E19BF800B136D97
:10879800300BBB3D5E990108FA8ABF0BFF1A0B4AE2
:1087A8001C4E19BF098F1C4E123F000F050BDC1F12
:1087B8000A091C4E09BF800B136D300BBB3D5E8947
:1087C8000008FA8ABF0BFF1A034A1C4E09BF320B76
:1087D800000F0A091C4E09BF800B136D300BBB3DFF
:1087E8005E890008FA8ABF0BFF1A3F4A1C4E09BF70
:1087F800020BEE0F001F0A091C4E09BF800B136DF8
:10880800300BBB3D5E890008FA8ABF0BFF1A414A4C
:108818001C4E09BF320B000F001F0B0BB8090A19B9
:108828001C4E19BF800B136D300BBB3D5E990108C0
:10883800FA8ABF0BFF1A0D4A1C4E19BF098F0A1975
:108848001C4E19BF800B136D300BBB3D5E990108A0
:10885800FA8ABF0BFF1A244A1C4E19BF098F000958
:108868000B0BB8190A291C4E29BF800B136D300B4E
:10887800BB3D5EA90208FA8ABF0BFF1A104A1C4EBC
:1088880029BF098F199F0A291C4E29BF800B136D18
:10889800300BBB3D5EA90208FA8ABF0BFF1A0E4ACD
:1088A8001C4E29BF098F199F0A091C4E09BF800B4E
:1088B800136D300BBB3D5E890008504A0008FA8AE8
:1088C800BF0BFF1A1C4E09BF260B8A0F0A091C4E44
:1088D80009BF800B136D300BBB3D5E890008544AFD
:1088E8000008FA8ABF0BFF1A1C4E09BF100B3B0F7A
:1088F8000A091C4E09BF800B136D300BBB3D5E8906
:108908000008FA8ABF0BFF1A304A1C4E09BF080B31
:10891800000F0A091C4E09BF800B136D300BBB3DBD
:108928005E890008FA8ABF0BFF1A164A1C4E09BF57
:10893800010B480F0A091C4E09BF800B136D300B41
:10894800BB3D5E890008FA8ABF0BFF1A254A1C4EF8
:1089580009BF140B000F0A091C4E09BF800B136DC9
:10896800300BBB3D5E8900086C4A0008FA8ABF0BD1
:10897800FF1A1C4E09BF7D0B940F0A091C4E09BF34
:10898800800B136D300BBB3D5E890008FA8ABF0B64
:10899800FF1A1F4A1C4E09BF020B800F0A091C4E02
:1089A80009BF800B136D300BBB3D5E890008FA8A46
:1089B800BF0BFF1A334A1C4E09BF050BE00F0A090B
:1089C8001C4E09BF800B136D300BBB3D5E89000840
:1089D800524A0008FA8ABF0BFF1A1C4E09BF490BFE
:1089E800060F0A091C4E09BF800B136D300BBB3DE7
:1089F8005E890008564A0008FA8ABF0BFF1A1C4E07
:108A080009BF4F0BE80F0A091C4E09BF800B136DF5
:108A1800300BBB3D5E8900086A4A0008FA8ABF0B22
:108A2800FF1A1C4E09BF260B380F0A091C4E09BF36
:108A3800800B136D300BBB3D5E8900084C4A000863
:108A4800FA8ABF0BFF1A1C4E09BF230B050F00390A
:108A5800450BB10CB10B394902193989320B9D3DCF
:108A680029890008FA8A040809CA1C4E49BF800BE4
:108A7800136D300BBB3D5EC90A091C4E09BF800B44
:108A8800136D300BBB3D5ED902193989320B9D3D00
:108A980029890008FA8A0508FA8ABF0BFF1A09CA49
:108AA8000508574A1C4E59BF498FB10B494902194D
:108AB8003989320B9D3D29890008FA8A040809CAB8
:108AC8001C4E49BF800B136D300BBB3D5EC90A09B4
:108AD8001C4E09BF800B136D300BBB3D5ED90219CC
:108AE8003989320B9D3D29890008FA8A0508FA8AD6
:108AF800BF0BFF1A09CA0508674A1C4E59BF498FA0
:108B0800B10B594902193989320B9D3D2989000851
:108B1800FA8A040809CA1C4E49BF800B136D300B32
:108B2800BB3D5EC90A091C4E09BF800B136D300B93
:108B3800BB3D5ED902193989320B9D3D2989000850
:108B4800FA8A0508FA8ABF0BFF1A09CA0508774A84
:108B58001C4E59BF498F0308014A39890008450B43
:108B68002E4C105A450B2E2C0039210CB10B69499B
:108B780002193989320B9D3D29890008FA8A0408AF
:108B880009CA1C4E49BF800B136D300BBB3D5EC933
:108B9800225902193989320B9D3D29890008FA8A20
:108BA800050809CA1C4E59BF498F0308014A39896B
:108BB8000008DC4C045ADA2C0A091C4E09BF800B49
:108BC800136D300BBB3D5E890008FA8ABF0BFF1A94
:108BD800554A1C4E09BF640F0A091C4E09BF800B79
:108BE800136D300BBB3D5E890008FA8ABF0BFF1A74
:108BF800544A1C4E09BF970F0A091C4E09BF800B27
:108C0800136D300BBB3D5E890008FA8ABF0BFF1A53
:108C1800344A1C4E09BF360F184E8C3F040F184EAD
:108C28008D3F0C0F320B00090A191C4E19BF800B1F
:108C3800136D300BBB3D5E990108FA8ABF0BFF1A12
:108C4800444A1C4E19BF098F0A191C4E19BF800BC4
:108C5800136D300BBB3D5E990108FA8ABF0BFF1AF2
:108C6800564A1C4E19BF098F1C4E183F000F030BA4
:108C7800E81F050BDC090A191C4E19BF800B136D80
:108C8800300BBB3D5E990108FA8ABF0BFF1A1C4ADC
:108C98001C4E19BF098F0A191C4E19BF800B136D82
:108CA800300BBB3D5E990108FA8ABF0BFF1A204AB8
:108CB8001C4E19BF098F00090A191C4E19BF800BD9
:108CC800136D300BBB3D5E990108FA8ABF0BFF1A82
:108CD8001B4A1C4E19BF098F0A191C4E19BF800B5D
:108CE800136D300BBB3D5E990108FA8ABF0BFF1A62
:108CF800094A1C4E19BF098F00090A191C4E19BFD1
:108D0800800B136D300BBB3D5E990108FA8ABF0BCF
:108D1800FF1A1E4A1C4E19BF098F0A191C4E19BF8B
:108D2800800B136D300BBB3D5E990108FA8ABF0BAF
:108D3800FF1A124A1C4E19BF098F0A091C4E09BF97
:108D4800800B136D300BBB3D5E890008FA8ABF0BA0
:108D5800FF1A324A1C4E09BF010B000F0A091C4EAC
:108D680009BF800B136D300BBB3D5E890008FA8A82
:108D7800BF0BFF1A044A1C4E09BF640B000F0A09F7
:108D88001C4E09BF800B136D300BBB3D5E8900087C
:108D9800FA8ABF0BFF1A3E4A1C4E09BF800B000F10
:108DA8000A091C4E09BF800B136D300BBB3D5E8951
:108DB8000008FA8ABF0BFF1A274A1C4E09BF160B78
:108DC800000F0A091C4E09BF800B136D300BBB3D09
:108DD8005E890008FA8ABF0BFF1A374A1C4E09BF82
:108DE8007F0BFF0F0A091C4E09BF800B136D300B58
:108DF800BB3D5E890008FA8ABF0BFF1A434A1C4E26
:108E080009BF000F0A091C4E09BF800B136D300BF8
:108E1800BB3D5E890008FA8ABF0BFF1A154A1C4E33
:108E280009BF020B900F0A091C4E09BF800B136D76
:108E3800300BBB3D5E890008FA8ABF0BFF1A194A3E
:108E48001C4E09BF0B0BB80F0A091C4E09BF800B3B
:108E5800136D300BBB3D5E890008FA8ABF0BFF1A01
:108E68002D4A1C4E09BF040B000F0A091C4E09BFEE
:108E7800800B136D300BBB3D5E890008FA8ABF0B6F
:108E8800FF1A2E4A1C4E09BF060B400F0A091C4E3A
:108E980009BF800B136D300BBB3D5E890008704A1B
:108EA8000008FA8ABF0BFF1A1C4E09BF010F0A09F6
:108EB8001C4E09BF800B136D300BBB3D5E8900084B
:108EC800FA8ABF0BFF1A014A1C4E09BF000F0A0994
:108ED8001C4E09BF800B136D300BBB3D5E8900082B
:108EE800FA8ABF0BFF1A1C4E09BF000F0A091C4E55
:108EF80009BF800B136D300BBB3D5E890008FA8AF1
:108F0800BF0BFF1A2C4A1C4E09BF030BBE0F0A09E0
:108F18001C4E09BF800B136D300BBB3D5E890008EA
:108F2800FA8ABF0BFF1A144A1C4E09BF550B000FD3
:108F38000A091C4E09BF800B136D300BBB3D5E89BF
:108F48000008FA8ABF0BFF1A514A1C4E09BF800B52
:108F5800136D300BBB3D5E890A191C4E19BF800B7F
:108F6800136D300BBB3D5E990108FA8ABF0BFF1ADF
:108F78004C4A1C4E19BF098F0A091C4E09BF800BA9
:108F8800136D300BBB3D5E890008FA8ABF0BFF1AD0
:108F9800514A1C4E09BF800B136D300BBB3D5E89D7
:108FA8000019106D0008320BA83D1C4E0C3F098FAC
:108FB800199F200B363D0A091C4E09BF800B136D03
:108FC800300BBB3D5E890008704A0008FA8ABF0B67
:108FD800FF1A1C4E09BF800B136D300BBB3D5E8919
:108FE8000008012A0A191C4E19BF800B136D300B9B
:108FF800BB3D5E990108704A0108FA8ABF0BFF1A47
:109008001C4E19BF098F200B243D0D8C040809DA6A
:10901800050819FA020809DA030819FA040829DA0E
:10902800050839FA022C0109010C00090008FF1A89
:109038000D8C020809DA030819FA040809DA050888
:1090480019FA020849DA030859FA026C0109010CF5
:1090580000090008FF1A0D8C09A919B90208005A5D
:109068000308017A062CFF0BF0190009640B6A3D0E
:109078000D8C09990009640B6A3D0D8C0D8C898D46
:10908800998DA98DB98D002B0999002B29A9002B41
:1090980039B9000B7539050B5C099999000819CA8B
:1090A800184E09BF800B136D300BBB3D6E8900084D
:1090B800FF1A0219320B9D3D29890008FA8A030814
:1090C80009CA1C4E39BF000F1C4E000BC53F0F8943
:1090D8000008015A090809F80C7C1C4E000BC53F12
:1090E8000F890008015A1C4E000BC53F098F490B18
:1090F800EC0C1C4E000BC53F0F890008015A1C4E92
:10910800000BC53F098F050B5C19010809CA184EE9
:1091180019BF800B136D300BBB3D6E89050B5C19B5
:1091280099A9010829CA184E19BF098F1C4E000BAE
:10913800C53F0F890008025A490BEC2C0A08005A4F
:109148000B08800B007A002B99890808014A080847
:109158002A8A1C4E000BC53F0F89000889DA490B83
:10916800EC2C1C4E000BC53F0F89080809F84F3C32
:10917800000B8539050B5C098999000819CA184E36
:1091880009BF800B136D300BBB3D6E890008FF1AB9
:109198000419320B9D3D29890008FA8A030809CA77
:1091A8001C4E39BF800B156D300BBB3D5EC9800B63
:1091B800176D300BBB3D5ED9000B8539050B5B097C
:1091C8008999000819CA184E09BF800B136D300B16
:1091D800BB3D6E890008FF1A0419320B9D3D298991
:1091E8000008FA8A030809CA1C4E39BF800B156D9E
:1091F800300BBB3D5EA9800B176D300BBB3D5EB9D4
:10920800A989B999480B1D3D000800785B3C0808FE
:10921800015A580C1C4E000BC53F0F89080809F865
:109228004F3C000B8539050B5C098999000819CA60
:10923800184E09BF800B136D300BBB3D6E890008BB
:10924800FF1A0419320B9D3D29890008FA8A030880
:1092580009CA1C4E39BF800B156D300BBB3D5EC96A
:10926800800B176D300BBB3D5ED9000B8539050BA4
:109278005B098999000819CA184E09BF800B136D3C
:10928800300BBB3D6E890008FF1A0419320B9D3D57
:1092980029890008FA8A030809CA1C4E39BF800BBD
:1092A800156D300BBB3D5EA9800B176D300BBB3DB8
:1092B8005EB9A989B999480B1D3D00080078023CA0
:1092C8000808015A000B8539050B5C0999990008B3
:1092D80019CA184E09BF800B136D300BBB3D6E8940
:1092E8000008FF1A0419320B9D3D29890008FA8AE3
:1092F800030809CA1C4E39BF800B156D300BBB3DE6
:109308005EC9800B176D300BBB3D5ED9000B8539EC
:10931800050B5C098999000819CA184E09BF800B0A
:10932800136D300BBB3D6E890008FF1A0419320B10
:109338009D3D29890008FA8A030809CA1C4E39BFCD
:10934800800B156D300BBB3D5EA9800B176D300B84
:10935800BB3D5EB9A989B999480B1D3D0008007845
:10936800373C050B5C099999000819CA184E09BFC2
:10937800800B136D300BBB3D6E89050B5C1989A9F9
:10938800010829CA184E19BF800B136D300BBB3D5D
:109398006E99050B5C29020899CA184E29BF198FC6
:1093A800050B5C1989A9010829CA184E19BF098F2C
:1093B800002B8999002B99890808014A08082A8AEC
:1093C8001C4E000BC53F0F89000889DA490B0E6C4B
:1093D800006D017D320B5C0C898D998DA98D640B14
:1093E8002C3D002B0989002B1999450C184E050BAB
:1093F8005C3F0F990108FF1A030B00095E0B6E3DD5
:10940800184E050B5C3F002B0FA989A999B90009D3
:10941800480B433D000BB539A9890008FF1A02190A
:10942800320B9D3D29890008FA8A030809CA1C4E97
:1094380039BF800B136D300BBB3D5E8909B9000B3A
:10944800A549A9890008FF1A0219320B9D3D2989EF
:109458000008FA8A040809CA1C4E49BF800B136D1C
:10946800300BBB3D5E99398919BD640B2C3D002B2F
:109478000989002B19991C4E000BC53F0F8900085C
:1094880000782E3C89C999D90408034A0508006A5E
:10949800000B8539184E050B5C3F0F890008FF1A31
:1094A8000419320B9D3D29890008FA8A030809CA64
:1094B8001C4E39BF800B156D300BBB3D5EA9800B70
:1094C800176D300BBB3D5EB9898999990008005A20
:1094D8000108800B007A480B0A3D00080078867C5A
:1094E8001C4E000BC53F0F8900080078233C000B79
:1094F8008539184E050B5C3F0F890008FF1A0419BF
:10950800320B9D3D29890008FA8A030809CA1C4EB6
:1095180039BF800B156D300BBB3D5E89800B176D15
:10952800300BBB3D5E99000889DA010899FA480BAF
:10953800303D0A0C1C4E000BC53F0F89000800780F
:10954800037C00096C0B4D3D006D017D320B5E0CF8
:10955800898D998DA98DB98DC98DD98DE98D002BEE
:109568000999002B29A9002B39B999890008FF1AF4
:109578000008800B003A800B105A4B0BD06C002B64
:1095880058E90E08FF1A07D899990108FF1A030B22
:1095980006095E0B6E3D000B753999890008FF1AA4
:1095A8000219320B9D3D29890008FA8A030809CA65
:1095B8001C4E39BF800B136D300BBB3D5E89000814
:1095C8000078033C99894B0BD43D640B2C3D002B50
:1095D80009C9002B19D9A989B9990008055A0108A0
:1095E800007A046C002B0529002B00391C4E000B57
:1095F800C53F002B0F891C4E000BC53F0F89000883
:10960800014A1C4E000BC53F098F050B5C0989995F
:10961800000819CA184E09BF998FC989D999000835
:10962800A9CA0108B9EA09C919D9000B8539998964
:109638000008FF1A0419320B9D3D29890008FA8A8F
:10964800030809CA1C4E39BF498F599F000B753949
:1096580099890008FF1A0219320B9D3D29890008D3
:10966800FA8A030809CA1C4E39BF010F0808007896
:109678004B0BCC3C002B89990908015A0908AA8A86
:10968800080C002B9989002B89990908015A0908A7
:10969800AA8A000B8539050B5C099999000819CA33
:1096A800184E09BF800B136D300BBB3D6E89000847
:1096B800FF1A0419320B9D3D29890008FA8A03080C
:1096C80009CA1C4E39BF800B156D300BBB3D5EC9F6
:1096D800800B176D300BBB3D5ED9000B8539050B30
:1096E8005C098999000819CA184E09BF800B136DC7
:1096F800300BBB3D6E890008FF1A0419320B9D3DE3
:1097080029890008FA8A030809CA1C4E39BF800B48
:10971800156D300BBB3D5EA9800B176D300BBB3D43
:109728005EB9C989D9990008005A0108800B007AE6
:10973800480B1D3D000800782B3C050B5C098999F6
:10974800000819CA184E09BF800B136D300BBB3DBA
:109758006E89050B5C1999A9010829CA184E19BF09
:10976800800B136D300BBB3D6E99050B5C2902080D
:1097780089CA184E29BF198F050B5C1999A90108C8
:1097880029CA184E19BF098F090800784B0B457C68
:10979800490BF03D0E08E9D8006D017D320B560CDF
:1097A800898D998DA98DB98D09B939890008FF1A54
:1097B8000008800B003A800B105A4C0B666C002B8B
:1097C80058990908FF1A07D8000B75493989000804
:1097D800FF1A0219320B9D3D29890008FA8A0408EC
:1097E80009CA1C4E49BF800B136D300BBB3D5E8907
:1097F80000080078653C002B0009020C0808014AA3
:1098080039990108FF1A050B5C0989A9000829CABA
:10981800184E09BF800B136D300BBB3D6E890008D5
:10982800FF1A010809F8083C1C4E000BC53F0F99A8
:109838008989000819DAE22C899901086A8A6A8AF2
:109848000308FF1A010839AA030B04095E0B6E3DD1
:10985800640B2C3D002B09A9002B19B9A9A9B9B98A
:109868008989480B433D1C4E000BC53F0F890008F2
:109878000078233C000B8539184E050B5C3F0F8997
:109888000008FF1A0419320B9D3D29890008FA8A3D
:10989800030809CA1C4E39BF800B156D300BBB3D40
:1098A8005E89800B176D300BBB3D5E990008A9DA05
:1098B8000108B9FA480B303D030C00096C0B4D3D0B
:1098C800090899D8006D017D320B5C0C88F7026C91
:1098D80001090D8C00090D8C6B0B2E496C0B60393E
:1098E800630B38296B0BF6190609600B293D9009A3
:1098F8005D0B833D584E612BEC3F8F890008FA8A37
:10990800BF0BFF1A084A1C4E09BF800B136D300BA2
:10991800BB3D5EA9584E612BEC3F8F890008FA8A3F
:10992800BF0BFF1A074A1C4E09BF800B136D300B83
:10993800BB3D5E99584E612BEE3F8F89563D1C4EBC
:10994800020BA73F098F1C4E020BA73F0F89000887
:1099580000784A3C584E612BEC3F8F890008FA8A00
:10996800BF0BFF1A024A1C4E09BF800B136D300B48
:10997800BB3D5E89584E612BEE3F8F990108FA8AEC
:10998800BF0BFF1A024A1C4E19BF800B136D300B18
:10999800BB3D5E99000819F8237C584E612BEC3FBB
:1099A8008F890008FA8ABF0BFF1A034A1C4E09BFA9
:1099B800800B136D300BBB3D5E89584E612BEE3F1B
:1099C8008F990108FA8ABF0BFF1A034A1C4E19BF68
:1099D800800B136D300BBB3D5E99000819F8043CF1
:1099E8001C4E020BA73F000F0D8C898D002B198987
:1099F80009990108FA8ABF0BFF1A014A1C4E19BFC0
:109A0800800B136D300BBB3D5E990108A50B967852
:109A1800023C00095F0C09990108FA8ABF0BFF1A7A
:109A2800084A1C4E19BF800B136D300BBB3D5E9965
:109A3800010889F8023C00094D0C09990108FA8AC5
:109A4800BF0BFF1A074A1C4E19BF800B136D300B52
:109A5800BB3D5E99010829F8023C00093B0C0999B5
:109A68000108FA8ABF0BFF1A054A1C4E19BF800B62
:109A7800136D300BBB3D5E9909A90208FA8ABF0B2A
:109A8800FF1A044A1C4E29BF800B136D300BBB3DD7
:109A98005EA9010829DA0108014A19A90208700B10
:109AA800015A022C0009160C0108045A0008FA8A07
:109AB800BF0BFF1A044A1C4E09BF800B136D300BF5
:109AC800BB3D5E896B0BC53D000889F8023C000967
:109AD800010C0109006D017D320B620C898D998D95
:109AE800002B0989002B199998095D0B833D8999E9
:109AF800FF0BFC09310BE23D9999FF0BFE09310B75
:109B0800E23D006D017D320B600C898D998D1C4EF4
:109B1800000B523F0F890008095A500B056C310B96
:109B2800394A584E002B09BF8FDE5E8C91095D0BB8
:109B3800833D1C4E020BA63F002B0F890808AA8AFA
:109B48000808900B004A002B00191D0C000BA639C1
:109B58000308FA8ABF0BFF1A02199989320B9D3D37
:109B680029890008FA8A030809CA1C4E39BF800BE4
:109B7800136D300BBB3D5E998989000899CA310B7A
:109B8800E23D0908014A184E050B943F0F99010858
:109B9800FF1A0108FA8A9989000819DAD72C1C4E8D
:109BA800020BA63F0F99184E050B943F0F8900082A
:109BB800FF1A010809CA1C4E020BA63F198F500B49
:109BC800090C92095D0B833D1C4E020BA63F000F4A
:109BD8001C4E020BA73F0F8900080078083C6D0B4C
:109BE800023D6D0B043D1C4E020BA73F000F184EA3
:109BF800000BA63F0F990108FF1A01086A8A6A8AB2
:109C0800184E000BA73F0F890008FF1A010809CA60
:109C18000108FA8A1C4E020BA53F198F1C4E020B35
:109C2800A53F0F890008700B015A062C184E000B2F
:109C3800E83F030F500B090C902B00098989000895
:109C4800700B005A500B096C89999A095E0B6E3D8E
:109C580089890008AA8A320B083D0808020B004AC5
:109C6800ED0C184E000BA63F002B0F990908FF1AA0
:109C780009086A8A6A8A184E000BA73F0F890008EC
:109C8800FF1A090809CA184E000BA83F002B0F89B4
:109C98000808FF1A08086A8A6A8A184E000BA93F42
:109CA8000F890008FF1A080809CA93095D0B833D4C
:109CB80089A99999B00B0009584E612BEC3F8FB9CF
:109CC800000839DA4C0BF93D00080078067C184E7C
:109CD800000BE83F040F500B090C999901094D0B33
:109CE800723D0519390BA009420B753D500B090C43
:109CF800184E000BA63F002B0F990908FF1A0908F8
:109D08006A8A6A8A184E000BA73F0F890008FF1A53
:109D1800090809CA184E000BA83F002B0F8908082C
:109D2800FF1A08086A8A6A8A184E000BA93F0F8929
:109D38000008FF1A080809CA94095D0B833D584EAC
:109D4800612BEC3F8F890008FA8ABF0BFF1A084A7B
:109D58001C4E09BF800B136D300BBB3D5E89090893
:109D680009F8137C584E612BEC3F8F890008FA8A5A
:109D7800BF0BFF1A074A1C4E09BF800B136D300B2F
:109D8800BB3D5E89080809F8063C184E000BE83F01
:109D9800060F500B090C1C4E020BA73F0F89000839
:109DA8000078263C584E612BEE3F8F890008FA8ACE
:109DB800BF0BFF1A074A1C4E09BF800B136D300BEF
:109DC800BB3D5E89090809F8137C584E612BEE3FAC
:109DD8008F890008FA8ABF0BFF1A084A1C4E09BF70
:109DE800800B136D300BBB3D5E89080809F8063CF3
:109DF800184E000BE83F070F500B090C184E000BCC
:109E0800E83F000F500B090C95095D0B833D1C4E74
:109E1800020BA63F002B0F890808900B004A002B65
:109E28000019190C000BA6099999000819CA00080D
:109E3800FA8ABF0BFF1A1C4E09BF800B136D300B3B
:109E4800BB3D5E998989000899CA0008AA8A310B26
:109E5800E23D0908024A184E050B943F0F99010884
:109E6800FF1A9989000819DADD2C1C4E020BA63F4F
:109E78000F99184E050B943F0F890008FF1A010827
:109E880009CA1C4E020BA63F198F500B090C9609E4
:109E98005D0B833D1C4E020BA73F0F89000800781D
:109EA800063C6D0B023D1C4E020BA73F000F184EDF
:109EB800000BA63F0F990108FF1A01086A8A6A8AEF
:109EC800184E000BA73F0F890008FF1A010809CA9E
:109ED8000108FA8A1C4E020BA53F198F900B000946
:109EE800584E612BEE3F8F99000819DA1C4E020B71
:109EF800A53F0F99000819DA066C184E000BE83FC9
:109F0800030F500B090C902B000989890008700B6E
:109F1800005A7B6C89999A095E0B6E3D8989320BD0
:109F2800083D0808020B004AF00C97095D0B833DB9
:109F3800584E612BEC3F8F890008FA8ABF0BFF1A35
:109F4800084A1C4E09BF800B136D300BBB3D5EA940
:109F5800584E612BEC3F8F890008FA8ABF0BFF1A15
:109F6800074A1C4E09BF800B136D300BBB3D5E9931
:109F7800584E612BEE3F8F894C0BF93D0008007855
:109F8800057C184E000BE83F040F3F0C1C4E020BDB
:109F9800A73F010F584E612BEE3F8F890008FA8AC0
:109FA800BF0BFF1A1C4E09BF800B136D300BBB3D56
:109FB8005E8909BD2A0C184E000BA63F0F890008C0
:109FC800FF1A0008DE780E7C184E000BA73F0F8999
:109FD8000008FF1A0008AD78057C184E000BE83F12
:109FE800080F130C184E000BE83F010F0E0C4C0B1A
:109FF8006A3D00080078097C184E000BE83F010F05
:10A00800040C184E000BE83F080F184E000BE83FF1
:10A018000F890008FF1A00080578047C184E000B09
:10A02800E83F000F006D017D320B600C0019060C33
:10A038000008FF1A0008AA8A0108014A09A90208AB
:10A04800FF1A02080078F47C19890008FF1A000832
:10A05800015A00080008FF1A0D8C050B8D29099973
:10A068000108FF1A020819CA184E29BF800B136D80
:10A07800300BBB3D6E990108FF1A050B8F3909A9F2
:10A088000208FF1A030829CA184E39BF800B136D3E
:10A09800300BBB3D6EA90208FF1A0108299A010876
:10A0A8000008FF1A00080078033C0178053C0D8C75
:10A0B8007809670B203D0D8C7609670B203D0D8CC8
:10A0C800184E050B933F0F890008FF1A0008FF0B75
:10A0D800FD1A0008184E050B933F098F0009BD3D76
:10A0E8000109BB3D0D8C898D998DA98DB98DC98DBF
:10A0F800002B1999002B29A9002B0039660BE83D84
:10A10800002B098989890008FF1A00080078510B7B
:10A11800633C89990108FF1A60095E0B6E3D002BAC
:10A128000049510B540C89890008FF1A01190C08C1
:10A13800FF1A041CC9ED01082A8AFE4D0008199A65
:10A1480000080078510B523C050B8D19A9890008AD
:10A15800FF1A010809CA184E19BF800B136D300B7E
:10A16800BB3D6E890008FF1A00081A8A01190C08FD
:10A17800FF1A041CC9ED01082A8AFE4D0008199A25
:10A1880000080078453C020B753999890008FF1AC8
:10A198001019320B9D3D29890008FA8A030809CA5B
:10A1A800C9890008FF1A0219320B9D3D2989000848
:10A1B800FA8A030809CA1C4E39BF800B136D300B8D
:10A1C800BB3D5E8900080078233C61095D0B833D37
:10A1D800020B753999890008FF1A1019320B9D3D39
:10A1E80029890008FA8A030809CAC9890008FF1AD8
:10A1F8000219320B9D3D29890008FA8A030809CA09
:10A208001C4E39BF800B136D300BBB3D5E8909BDF9
:10A21800050B911999890008FF1A010809CA184EF7
:10A2280019BF800B136D300BBB3D6E890008FF1AF8
:10A2380001190C08FF1A041CC9ED01082A8AFE4DF1
:10A24800000819AA0008050B912999990108FF1A15
:10A25800020819CA184E29BF098F050B8F19A98939
:10A268000008FF1A010809CA184E19BF800B136DA0
:10A27800300BBB3D6E890008FF1A00081A8A0119C5
:10A288000C08FF1A041CC9ED01082A8AFE4D0008B3
:10A29800199A00080078023C002B01390C08014A81
:10A2A800C9890008FF1A0008500B974C085A500B30
:10A2B800972C0B080078033C0109530B8E3D006D69
:10A2C800017D320B5A0C02890008FF1A0008041A93
:10A2D80000080078053C012901197709500B773DE2
:10A2E8000D8C02890008FF1A0008081A0008007877
:10A2F800053C002900197909500B773D0D8C184E43
:10A30800050B8F3FFF0F184E050B903FFD0F184EA2
:10A31800050B8D3FFF0F184E050B8E3FFD0FFF19E4
:10A328007809670B203DFD197609670B203D184E0B
:10A33800050B913F000F184E050B923F000F0009C7
:10A34800660BE83D2809660BE83D2B09660BE83DDE
:10A358005E09660BE83D5F09660BE83D6009660B20
:10A36800E83D6109660BE83D7409660BE83D75092F
:10A37800660BE83D8D09660BE83DBE09660BE83DB6
:10A38800BF09660BE83DC009660BE83DC109660BCD
:10A39800E83DC209660BE83DC309660BE83DD109F3
:10A3A800660BE83DD909660BE83D0039220C020B23
:10A3B800754939890008FF1A0219320B9D3D298910
:10A3C8000008FA8A040809CA1C4E49BF000F020B8C
:10A3D8007D4939890008FF1A0219320B9D3D2989E8
:10A3E8000008FA8A040809CA1C4E49BF000F03086E
:10A3F800014A39890008FF1A0008D94C085AD72C95
:10A40800510B67190309640BC43D510B75190D09EC
:10A41800640BC43D03020D8C898D002B58890808F4
:10A42800FF1A07D8184E050B8F3FFF0F184E050B64
:10A43800903FFD0F0009500B643D080889D8006D56
:10A44800017D320B620C898D09B9002B58890808E7
:10A45800FF1A07D8050B8D49E30B3E590508024A38
:10A4680039890008FF1A0419320B9D3D298905080E
:10A4780009CA184E59BF800B136D300BBB3D6E894E
:10A488000008FF1A040809CA184E49BF800B136D4B
:10A49800300BBB3D6EC90408FF1AE30B3E59050893
:10A4A800034A39890008FF1A0419320B9D3D29898E
:10A4B800050809CA184E59BF800B136D300BBB3DF8
:10A4C8006E890008FF1A00081A8A0408099A040805
:10A4D800050B8D59E30B3E690608024A39890008C5
:10A4E800FF1A0419320B9D3D2989060809CA184E1E
:10A4F80069BF800B136D300BBB3D6E890008FF1AD6
:10A50800050809CA184E59BF498FE30B3E4904088C
:10A51800024A39890008FF1A0419320B9D3D29891E
:10A52800040809CA184E49BF800B136D300BBB3D98
:10A538006E89500B313D080889D8006D017D320BBA
:10A54800620C898D09B9002B58890808FF1A07D8A9
:10A55800050B8D49E30B3E590508024A3989000865
:10A56800FF1A0419320B9D3D2989050809CA184E9E
:10A5780059BF800B136D300BBB3D6E890008FF1A65
:10A58800040809CA184E49BF800B136D300BBB3D38
:10A598006EC90408FF1AE30B3E590508034A3989B6
:10A5A8000008FF1A0419320B9D3D2989050809CABC
:10A5B800184E59BF800B136D300BBB3D6E890008D8
:10A5C800FF1A040809AA0408050B8D59E30B3E6914
:10A5D8000608024A39890008FF1A0419320B9D3D02
:10A5E8002989060809CA184E69BF800B136D300BFC
:10A5F800BB3D6E890008FF1A050809CA184E59BFE5
:10A60800498FE30B3E490408024A39890008FF1ABA
:10A618000419320B9D3D2989040809CA184E49BFFF
:10A62800800B136D300BBB3D6E89500B313D080814
:10A6380089D8006D017D320B620C898D998D002BB4
:10A648000989002B199909080078433CE30B3E3926
:10A658000308014A89890008FF1A0419320B9D3D35
:10A668002989030809CA184E39BF800B136D300BAE
:10A67800BB3D6E89500B1A3D09B9020B7549E30BB6
:10A688003E5989890008FF1A0419320B9D3D298912
:10A69800050809CA184E59BF800B136D300BBB3D16
:10A6A8006E890008FF1A1019320B9D3D2989000890
:10A6B800FA8A040809CA39890008FF1A0219320BF4
:10A6C8009D3D29890008FA8A040809CA1C4E49BF19
:10A6D800998F006D017D320B600C184E050B723F8F
:10A6E8000F990108FF1A184E050B713F0F890008D2
:10A6F800FF1A00081A8A0108099A01080078053C1F
:10A7080001190309560B4C3D0D8C00190309560B12
:10A718004C3D0D8C898D998D002B0999002B5889FA
:10A728000808FF1A07D899990108FF1A80095E0BD3
:10A738006E3D184E050B723F0F890008FF1A090875
:10A74800FF1A000899AA0008184E050B723F098FD6
:10A75800C43D080889D8006D017D320B600C898DD5
:10A76800002B58890808FF1A07D8184E050B723FA6
:10A778000F990108FF1A0008FF1A00081A8A010831
:10A78800099A0108184E050B723F198FA63D080853
:10A7980089D8006D017D320B620C09B9398900082E
:10A7A800FF1A0008800B003A800B0E5A346C040B19
:10A7B800444939890008FF1A0819320B9D3D298937
:10A7C800040809CA0408FA8ABF0BFF1A1C4E49BFBD
:10A7D800800B136D300BBB3D5E8900080078173C79
:10A7E800040B444939890008FF1A0819320B9D3DAA
:10A7F8002989040809CA0408FA8ABF0BFF1A1C4EE3
:10A8080049BF800B136D300BBB3D5E8909BD1C4EE3
:10A81800020B1E3F000F0D8C09D919C9003959893F
:10A828000008FF1A0008064C0E5A042C3989000843
:10A83800FF1A0D8C040B3E6959890008FF1A081984
:10A84800320B9D3D2989060809CA0608FA8ABF0BFA
:10A85800FF1A1C4E69BF800B136D300BBB3D5E8920
:10A86800000800781B3C498909B9040B3E495989FD
:10A878000008FF1A0819320B9D3D2989040809CAE6
:10A888000408FA8ABF0BFF1A1C4E49BF800B136DD0
:10A89800300BBB3D5E99398919BD09B91C4E020BB5
:10A8A8001E3F000F39890008FF1A0D8C09D919C9F4
:10A8B80029B959890008FF1A0008800B003A800B53
:10A8C8000E5A3A6C040B406959890008FF1A081996
:10A8D800320B9D3D2989060809CA0608FA8ABF0B6A
:10A8E800FF1A1C4E69BF800B136D300BBB3D5E8990
:10A8F800000800781D3C3999498919B909C9040B20
:10A90800406959890008FF1A0819320B9D3D2989A9
:10A91800060809CA0608FA8ABF0BFF1A1C4E69BF47
:10A92800800B136D300BBB3D5EA94989399929BD50
:10A938001C4E020B1E3F000F0D8C898D002B0989C0
:10A9480089890008FF1A00082C5A550BA46C310B92
:10A95800304A584E002B09BF8FDE5E8C584E612B53
:10A96800B83F8F8900080008FF1A550BA70C584EEE
:10A97800612BBA3F8F8900080008FF1A550BA70CF6
:10A98800184E050B713F0F890008FF1A550BA70CCD
:10A99800184E050B723F0F890008FF1A550BA70CBC
:10A9A8001C4E020BA73F0F8900080078073C6C0B70
:10A9B800F93D00080008FF1A550BA70C010900080B
:10A9C800FF1A550BA70C1C4E020BA73F0F89000856
:10A9D8000078043C050B75096D0B003D1C4E020BFD
:10A9E800A73F0F8900080078113C050B6409080887
:10A9F800FF1A000889CA184E09BF800B136D300B67
:10AA0800BB3D6E890008FF1A550BA70C000900080A
:10AA1800FF1A550BA70C00090008FF1A550BA70CC5
:10AA2800184E000BE63F0F890008FF1A550BA70CBC
:10AA3800184E000BE73F0F890008FF1A550BA70CAB
:10AA4800584E612BB83F8F8900080008FF1A7B0C0D
:10AA5800584E612BBA3F8F8900080008FF1A730C03
:10AA6800584E612BF03F8FB989890008FF1A0008FA
:10AA7800205A0819320B9D3D298900080008FF1A41
:10AA8800041C09ED0308AA8AFE4D3989000800084C
:10AA9800FF1A590C184E612BF23F8F890008FF1AD4
:10AAA800520C584E612BBC3F8F8900080008FF1AD2
:10AAB8004A0C584E612BBE3F8F8900080008FF1AC8
:10AAC800420C584E612BB83F8F8900080008FF1AC6
:10AAD8003A0C584E612BBA3F8F8900080008FF1ABC
:10AAE800320C584E612BEC3F8F890008FA8ABF0B55
:10AAF800FF1A024A1C4E09BF800B136D300BBB3D79
:10AB08005E8900080008FF1A1E0C584E612BEC3FA6
:10AB18008F890008FA8ABF0BFF1A034A1C4E09BF27
:10AB2800800B136D300BBB3D5E8900080008FF1ACF
:10AB38000A0C184E050B743F0F890008FF1A030C06
:10AB480000090008FF1A006D017D320B620C09A98B
:10AB58000208FF1A02080378483C10781C3C117858
:10AB68002A3C1278283C1378263C1478243C157823
:10AB7800223C1678203C17781E3C1878263C197819
:10AB8800053C1B78393C2B787E3C0D8C184E050B08
:10AB9800733F198F0D8C1C4E020BA73F0F890108BC
:10ABA800FF1A0008199A0008011A000800786F3C7B
:10ABB8006D0B043D0D8C050B6C290008FF1A02086B
:10ABC80009CA184E29BF198F0D8C184E050B843FE2
:10ABD800198F1C4E020BA73F0F8900080078573CBD
:10ABE800050B7D096D0B013D0D8C184E050B713F52
:10ABF800198F530B713D0D8C19890008FF1A000835
:10AC0800011A00080078063C6B0BDF3D588907D80D
:10AC18003ADAFE0C19890008FF1A0008021A00081F
:10AC28000078053CB00B0D096B0B523D0D8C198952
:10AC38000008FF1A0008081A00080078063C0E19D8
:10AC4800DE0BE909420B753D0D8C0108FF1A01085E
:10AC5800201A010800781B3C184E050B743F0F8919
:10AC68000008FF1A0008101A00080078063C20198E
:10AC7800910B9109420B753D0D8C2419910B91098B
:10AC8800420B753D0D8C184E050B743F198F0D8CBA
:10AC9800000D000D000D898D998DA98DB98DC98D77
:10ACA800D98DE98DF98D184E1DFE084E123E198E6C
:10ACB80058990108FF1A184E1DFE0A3E198E07D82A
:10ACC800002B016909990108FF1A0108071A0108F0
:10ACD8000108FF1A041C19ED0E082A8AFE4D0E08F9
:10ACE8000008FF1A0008EA8AFA8A0008184E1DFEB2
:10ACF800084E113E098E184E1DFE084E113E0E8953
:10AD08000008FF1A00080078073C0178183C03780F
:10AD1800233C04784D3C770C002B00D98089184ED1
:10AD28001DFE084E103E098E003B0089003B10991D
:10AD3800002BF0A9003B20B9002B70C9640C002B34
:10AD480001D98189184E1DFE084E103E098E003B20
:10AD58000189003B1199570C5409660BE83D002BFB
:10AD680009D95609660BE83D184E1DFE084E103EDF
:10AD7800098E5009660BE83D002B09895209660BBC
:10AD8800E83D002B09995809660BE83D002B09A9F5
:10AD98005C09660BE83D002B09B95E09660BE83DC6
:10ADA800002B09C96209660BE83D002B09F92B0C39
:10ADB8005509660BE83D002B09D95709660BE83D94
:10ADC800184E1DFE084E103E098E5109660BE83DCF
:10ADD800002B09895309660BE83D002B099959098D
:10ADE800660BE83D002B09A95D09660BE83D002BC1
:10ADF80009B95F09660BE83D002B09C96309660BB1
:10AE0800E83D002B09F9184E1DFE084E123E0E892A
:10AE18000008FF1A00080A5A570BF76C310B044A4E
:10AE2800584E002B09BF8FDE5E8C0D08FF1AE9898A
:10AE38000008FF1A0D0809AA0D080808FF1AE98971
:10AE48000008FF1A080809AA08080908FF1AE9896A
:10AE58000008FF1A00081A8A0908099A0908570BF6
:10AE6800F70C0D08FF1AE9890008FF1A00081A8A6A
:10AE78000D08099A0D080808FF1AE9890008FF1A41
:10AE8800080809AA08080908FF1AE9890008FF1A2A
:10AE980000081A8A0908099A0908570BF70C0808C4
:10AEA800FF1AE9890008FF1A00081A8A0808099A8F
:10AEB80008080908FF1AE9890008FF1A00081A8A11
:10AEC8000908099A0908570BF70C0D08FF1AE989B0
:10AED8000008FF1A00081A8A0D08099A0D080808C0
:10AEE800FF1AE9890008FF1A00081A8A0808099A4F
:10AEF80008080908FF1AE9890008FF1A090809AAB9
:10AF08000908710C0D08FF1AE9890008FF1A0D08D5
:10AF180009AA0D080808FF1AE9890008FF1A00089D
:10AF28001A8A0808099A08080908FF1AE98900080E
:10AF3800FF1A090809AA0908560C0C08FF1AE9891A
:10AF48000008FF1A00081A8A0C08099A0C080B084E
:10AF5800FF1AE9890008FF1A00081A8A0B08099ADB
:10AF68000B080A08FF1AE9890008FF1A0A0809AA43
:10AF78000A08390C0C08FF1AE9890008FF1A0008AA
:10AF88001A8A0C08099A0C080B08FF1AE9890008A4
:10AF9800FF1A0B0809AA0B080A08FF1AE989000812
:10AFA800FF1A0A0809AA0A081E0C0A08FF1AE989E2
:10AFB8000008FF1A00081A8A0A08099A0A08130CD6
:10AFC8000C08FF1AE9890008FF1A00081A8A0C08F9
:10AFD800099A0C08080C0F08FF1AE9890008FF1ADB
:10AFE8000F0809AA0F08184E1DFE084E123E0E89BA
:10AFF8000008FF1A00080978093C0F08FF1A0E0814
:10B00800FF1A0E081A8A0F08E99A0F08184E1DFE33
:10B01800084E113E0E890008FF1A00080078073C08
:10B028000178173C0378223C0478453C680CD980A9
:10B03800184E1DFE084E103E0E89002B0980004B4D
:10B048008980004B9990002BA9F0004BB9A0C9F05A
:10B05800560CD981184E1DFE084E103E0E89002B45
:10B068000981004B8981004B9991490CD999540960
:10B07800670B203D184E1DFE084E103E0E995609CE
:10B08800670B203D89995009670B203D9999520912
:10B09800670B203DA9995809670B203DB9995C09B0
:10B0A800670B203DC9995E09670B203DF999620934
:10B0B800670B203D240CD9995509670B203D184E84
:10B0C8001DFE084E103E0E995709670B203D8999C1
:10B0D8005109670B203D99995309670B203DA999A0
:10B0E8005909670B203DB9995D09670B203DC9993E
:10B0F8005F09670B203DF9996309670B203D184EDE
:10B108001DFE0A3E0E89000809D8036D017D320B29
:10B11800540C898D998DA98DB98DC98DD98D002B28
:10B128000989002B0019076D0808320BA83D08088B
:10B13800FF0BFF1A09087F1A002B004902091C4E51
:10B1480009BF800B156D300BBB3D5EA9800B176DD9
:10B15800300BBB3D5EB989899999000829DA010845
:10B1680039FA066C002B01490808002A0908802AC8
:10B17800898999990008FF0BFF1A01087F1A1C4E4C
:10B18800023F098F199F200B223D0A091C4E09BF57
:10B19800800B136D300BBB3D5E890008FA8ABF0B2C
:10B1A800FF1A554A1C4E09BF800B136D300BBB3D6F
:10B1B8005E8900190A291C4E29BF800B136D300BBC
:10B1C800BB3D5EA90208FA8ABF0BFF1A544A1C4EFF
:10B1D80029BF800B136D300BBB3D5EA90039320BC4
:10B1E8006C3D498959998C29184E29BF800B136DDC
:10B1F800300BBB3D6EA90208FF1A0039320B6C3DBB
:10B20800002B49A9002B59B9002B005906091C4EDF
:10B2180009BF800B156D300BBB3D5EA9800B176D08
:10B22800300BBB3D5EB989899999000829DA010874
:10B2380039FA160B80290039320B903D1C4E020B4F
:10B24800CC3F098F1C4E020BCC3F0F8900080078B9
:10B25800590BDB3C1C091C4E09BF800B156D300BCC
:10B26800BB3D5E89800B176D300BBB3D5E99202975
:10B278001C4E29BF800B156D300BBB3D5EA9800BA2
:10B28800176D300BBB3D5EB9000829DA010839FAA1
:10B298001C4E020BCC3F0FA90039320B353D1C4E1A
:10B2A800020BCD3F098F199F1C091C4E09BF800B4B
:10B2B800156D300BBB3D5E89800B176D300BBB3DA8
:10B2C8005E9920291C4E29BF800B156D300BBB3DA4
:10B2D8005EA9800B176D300BBB3D5EB9000829DAFB
:10B2E800010839FA1C4E020BCC3F0FA90039320B6A
:10B2F800353D1C4E020BCF3F298F399F1C091C4E30
:10B3080009BF800B156D300BBB3D5E89800B176D37
:10B31800300BBB3D5E991C4E203F098F199F470C8F
:10B3280004091C4E09BF800B156D300BBB3D5E89AF
:10B33800800B176D300BBB3D5E990008A9CA010848
:10B34800B9EA1C4E043F098F199F200B263D0609B8
:10B358001C4E09BF800B156D300BBB3D5E89800B01
:10B36800176D300BBB3D5E9904291C4E29BF800B1D
:10B37800156D300BBB3D5EA9800B176D300BBB3DC7
:10B388005EB9000829DA010839FA0108800B003A89
:10B398000008015A0108800B007AC26C1C4E020B8F
:10B3A800CC3F0F8900080078023C200B2C3D060991
:10B3B8001C4E09BF800B156D300BBB3D5E89800BA1
:10B3C800176D300BBB3D5E9989A999B9020809DA56
:10B3D800030819FA0308800B003A0208015A030807
:10B3E800800B007A192C002B015906091C4E09BF45
:10B3F800800B156D300BBB3D5E89800B176D300BD4
:10B40800BB3D5E990008160B804A0108006A1C4E75
:10B41800063F098F199F9B0C0C0800782C3C0409E7
:10B428001C4E09BF800B156D300BBB3D5E89800B30
:10B43800176D300BBB3D5E990008FF0BFF1A010822
:10B448007F1A1C4E043F098F199F06091C4E09BF1D
:10B45800800B156D300BBB3D5E89800B176D300B73
:10B46800BB3D5E990008FF0BFF1A01087F1A1C4EAE
:10B47800063F098F199F200B243DD989006D017D56
:10B48800320B580C898D420B703D400B543D420BDA
:10B49800703D420B3C3D002B0209100C89890008C5
:10B4A800FF1A00080678083C610B45198989530B77
:10B4B800213D8989520B273D0808014A89890008DE
:10B4C800FF1A0008EB4C085AE92C6C0BFF3D8B095E
:10B4D800660BE83D09990108FF1A0108302A01089E
:10B4E8008B09670B203D184E050B703F010F010BB0
:10B4F8003829003909094A0BAC3D006D017D320B32
:10B50800620C0609520BA53D184E050B703F090F3A
:10B51800002900195A0B9309620BB33D0D8C898DD4
:10B52800184E050B703F0F890008FF1A00080078B5
:10B53800163C0178173C02784B3C04785B0B453C81
:10B548000578723C06785B0B4B3C0778243C0878FE
:10B558005B0B893C09785B0B503C5B0BA90C923D5B
:10B568005B0BA90C55890008FF0BF01A09D597D574
:10B5780000192109560B4C3D00192009560B4C3D6A
:10B58800184E050B703F070F1029003909094A0B9F
:10B59800AC3D5B0BA90C184E050B703F020F23093D
:10B5A800640BFB3D00080078137C08192309560B2F
:10B5B8004C3D05192309560B4C3D0009520B273DFC
:10B5C800010B4829003909094A0BAC3D5B0BA90C52
:10B5D80009094B0BD43D2309640BFB3D0008007897
:10B5E800113C01190009410B2E3D08192309560B7E
:10B5F8004C3D06192309560B4C3D0009520B273DBB
:10B608005B0BA90C0409420B3C3D0209400B543D5D
:10B61800184E050B703F000F050B2029003909094A
:10B628004A0BAC3D5B0BA90C420B703D400B543DE3
:10B63800420B703D0008011A00080078053C184EBE
:10B64800050B703F060F100C420B703D0008081ADE
:10B6580000080078053C184E050B703F080F040CD5
:10B66800184E050B703F000F420B703D410B4F3DCC
:10B67800520B103D050B2029003909094A0BAC3D36
:10B68800640C07095D0B833D3B0B713D5E0C420B5F
:10B698006B3D6B0B523D590C1C4E020BA73F0F899B
:10B6A80000080078053C02095D0B833D6C0BFC3DEE
:10B6B800002B0009020C0808014A89890008030BBD
:10B6C800E85A106C7309660BE83D0008FF1A000879
:10B6D800081A00080078EF7C5C0BCF3D0008070BC8
:10B6E800785AE92C0808030BE85A0B6C184E050B1E
:10B6F800703F000F002900195A0B9309620BB33DE4
:10B70800240C184E050B703F080F0209660BE83D24
:10B718000008FF1A0008401A000800780B3C184E71
:10B72800050B703F090F002900195A0B9309620B8A
:10B73800B33D0B0C5A0B85190609530B213D06091D
:10B74800520B273D0209400B543D006D017D320B21
:10B75800620C002900195A0B9309620BB33D0D8C3A
:10B7680007192309560B4C3D08192309560B4C3D64
:10B778000D8C6A0BDD192309650BF63D00295B0B5F
:10B78800AD190909670BBD3D184E050B703F090F30
:10B7980000095A0B933D0D8C898D998DA98D002B2D
:10B7A8000989002B2999002B58A90A08FF1A07D8DC
:10B7B80089890008FF1A000802781E7C3909660B7F
:10B7C800E83D002B09890808FF1A3809660BE83D8F
:10B7D8000008FF1A00086A8A6A8A080809AA1C4E23
:10B7E800020BA93F898F09080078483C1C4E020BC0
:10B7F800A93F0F8999BD420C078489890008FF1A5F
:10B808000008134C105A112C011989890008FF1AD5
:10B818000008105A00080008FF1A041C09ED010866
:10B828002A8AFE4D010819A4090C01090808FF1A03
:10B83800041C89ED00082A8AFE4D099402090019A2
:10B848006B0B8E3D44890008FF0BF91A09C40908DF
:10B858000078053C06041C4E020BA83F998F87848C
:10B8680087C4090800780A7C4487FE2C89D4848917
:10B878001C4E020BA93F098F001400240A08A9D8FE
:10B88800006D017D320B5E0C1C4E020BAA3F0F8926
:10B89800000800784D3C1C4E020BAA3F000F1C4EBE
:10B8A800020BAB3F1FA92FB91C4E020BA93F0F89F2
:10B8B8000019020809CA030819EA1C4E020BAB3F1B
:10B8C800298F399F184E050B973F0F890008014AA9
:10B8D800184E050B973F098F184E050B973F0F8998
:10B8E8000008FF1A00081E4C215A1C2C1C4E020B83
:10B8F800AB3F1F892F99056D0108320BB43D1C4ED3
:10B90800020BAD3F098F184E050B963F0F890008B3
:10B91800FF1A0008FF0BFE1A0008184E050B963F89
:10B92800098F0D8C102900390D094A0BAC3D0D8C7F
:10B938001C4E020BAA3F010F5C0B48290019184E38
:10B94800050B963F0F890008FF1A0008EA8A0008CD
:10B958005B0BD03D0D8C184E050B973F000F1C4E0E
:10B96800020BAB3F000F001F1C4E020BAD3F000F38
:10B978001C4E020BAA3F010F5C0B48290019184EF8
:10B98800050B963F0F890008FF1A0008EA8A00088D
:10B998005B0BD03D0D8C184E050B963F0D0FDB3D14
:10B9A800184E050B963F0F890008FF1A0008011A68
:10B9B80000080078F57C1C4E020BAD3F0F890D8CFA
:10B9C80007C407840D8C0008FF1A00080078053C9E
:10B9D80002780A3C0378153C1C0C184E050B963F60
:10B9E8000F890008FF1A0D8C1C4E020BAD3F0F8902
:10B9F8000008AA8ABA8AEA8AFA8A00080008FF1A9E
:10BA08000D8C1C4E020BAD3F0F8900080008FF1A71
:10BA18000D8C00090008FF1A0D8C0008FF1A000899
:10BA28000078047C184E050B963F198F0D8C184E24
:10BA3800050B963F0F890008FF1A0008021A000834
:10BA480000781D3C184E050B963F0F890008FF1A19
:10BA58000008FF0BFD1A0008184E050B963F098FCA
:10BA6800184E050B963F0F890008FF1A0008012A97
:10BA78000008184E050B963F098F5C0BAF3D0D8CE7
:10BA88001C4E010BCC3F000F1C4E010BCD3F000F8D
:10BA98001C4E010BCE3F000F1C4E010B483F0F8977
:10BAA8000008130B57780A7C010B0629010B8C1927
:10BAB800020B92096C0B393D5E0B8A3D184E010B47
:10BAC8008C3F000F184E010B8D3F000F1C4E000BD2
:10BAD800C73F000F010B00290019010B900900084E
:10BAE800FA8ABF0BFF1A00082A8A6C0BBE3D1C4E4F
:10BAF800010B483F130B570F0109013D0D8C09C974
:10BB080058B90308FF1A07D8010B90590508FA8A93
:10BB1800BF0BFF1A184E010B8C3F0F890008FF1A44
:10BB28000219320B9D3D29890008FA8A050809CABD
:10BB38001C4E59BF800B136D300BBB3D5E8900084E
:10BB4800FF0BF078667C184E010B8D3F0F890008BB
:10BB5800FF1A0008014A00087F1A0008184E010B56
:10BB68008D3F098F010B90590508FA8ABF0BFF1A00
:10BB7800184E010B8D3F0F890008FF1A0219320B6E
:10BB88009D3D29890008FA8A050809CA1C4E59BF33
:10BB9800000F184E010B8D3F0F890008FF1A00088F
:10BBA800014A00087F1A0008184E010B8D3F098FC3
:10BBB800010B90590508FA8ABF0BFF1A184E010BA2
:10BBC8008D3F0F890008FF1A0219320B9D3D298904
:10BBD8000008FA8A050809CA1C4E59BF000F184EFA
:10BBE800010B8D3F0F890008FF1A0008014A000861
:10BBF8007F1A0008184E010B8D3F098F1C4E000B51
:10BC0800C73F0F890008025A1C4E000BC73F098F17
:10BC1800380C010B90590508FA8ABF0BFF1A184E09
:10BC2800010B8C3F0F890008FF1A0219320B9D3D4A
:10BC380029890008FA8A050809CA1C4E59BF800BD1
:10BC4800136D300BBB3D5E89000800780B7C1C4EE1
:10BC5800000BC73F0F890008014A1C4E000BC73F65
:10BC6800098F0F0C184E010B8D3F0F890008FF1A22
:10BC78000008014A00087F1A0008184E010B8D3F82
:10BC8800098F010B90590508FA8ABF0BFF1A184E45
:10BC9800010B8C3F0F890008FF1A0219320B9D3DDA
:10BCA80029890008FA8A050809CA1C4E59BF498F14
:10BCB800184E010B8C3F0F890008FF1A0008014A33
:10BCC80000087F1A0008184E010B8C3F098F0308E3
:10BCD80039D80D8C898D998DA98D002B09A9002B38
:10BCE8001999002B58890808FF1A07D8FF0BF00983
:10BCF8005D0B833DA9895D0B833D99895D0B833D70
:10BD0800080889D8006D017D320B5E0C1C4E010BB2
:10BD1800CE3F000F1C4E010BCB3F0F890008130BC1
:10BD28005778167C184E020B933F0F890008FF1AAC
:10BD380000082A8A1C4E010BCC3F098F1C4E010BB0
:10BD48004A3F0F8900082A8A1C4E010BCD3F098FF4
:10BD58000D8C0008150B26782F3C170B1778363CEE
:10BD6800390BA0782E3C910B91783A3CB00B0D78AA
:10BD7800193CC00BDE78113CDE0BE9782C3CE50B56
:10BD8800A078153CFA0B55782B3CFA0B5D782D7C86
:10BD9800184E000BE63F040F0D8C184E000BE63FC3
:10BDA800060F0D8C184E000BE63F020F0D8C184E37
:10BDB800000BE63F050F0D8C184E000BE63F070FF2
:10BDC8000D8C184E000BE63F080F0D8C184E000B1B
:10BDD800E63F030F0D8C184E000BE63F090F0D8C44
:10BDE800184E000BE63F0A0F0D8C184E000BE63F6D
:10BDF800030F0D8C898D002B58890808FF1A07D866
:10BE0800F889184E000BE73F098F002B0078184E71
:10BE1800000BE73F0F890008FF1A0008801A000886
:10BE280000783C3CF8890008FF1A0008FF0B7F1ACD
:10BE38000008002B09F81C4E020B1A3FFA0B5D0F85
:10BE48008287076C002B07821C4E020B1A3F170BC8
:10BE5800170F8297076C002B17821C4E020B1A3F94
:10BE6800170B170F82A7076C002B27821C4E020B9B
:10BE78001A3F170B170F82B7076C002B37821C4E1F
:10BE8800020B1A3F170B170F82C7366C002B47821D
:10BE98001C4E020B1A3F170B170F2E0C184E000BD7
:10BEA800E73F0F890008FF1A0008041A0008007805
:10BEB800123CF8890008FF1A0008FF0BFB1A00085B
:10BEC800002B09F81C4E020B1A3FAB0BAD0F2209D1
:10BED8005D0B833D110C45A7076C27C51C4E020B53
:10BEE8001A3FB00B0D0F080C1C4E020B1A3FAB0B80
:10BEF800AD0F2A095D0B833D1C4E020B1A3F0F89BB
:10BF08005E0BAD3D184E000BE63F0F990108FF1A76
:10BF180025095E0B6E3D184E000BE73F0F9901088F
:10BF2800FF1A26095E0B6E3D1C4E020B1A3F0F9935
:10BF380027095E0B6E3D1C4E020B1A3FAB0BAD0F73
:10BF4800002B7378F8890008FF1A0008012A0008F6
:10BF5800002B09F824095D0B833D080889D8006D7A
:10BF6800017D320B620C00394A0C040B3E493989B9
:10BF78000008FF1A0819320B9D3D2989040809CACF
:10BF88000408FA8ABF0BFF1A1C4E49BF000F040BA6
:10BF9800404939890008FF1A0819320B9D3D298943
:10BFA800040809CA0408FA8ABF0BFF1A1C4E49BFC5
:10BFB800000F040B424939890008FF1A0819320B8F
:10BFC8009D3D2989040809CA0408FA8ABF0BFF1A8B
:10BFD8001C4E49BF000F040B444939890008FF1A59
:10BFE8000819320B9D3D2989040809CA0408FA8AF0
:10BFF800BF0BFF1A1C4E49BF000F0308014A3989BD
:10C008000008FF1A0008B14C0E5AAF2C670B5549AF
:10C018000039550BAB29540BA1190009163D660BC5
:10C02800B04900396C0B0D296B0BAB1907090D3D95
:10C03800184E050B713FFF0F184E050B723F000F8E
:10C04800184E050B743F000F0D8C898D09D919E91D
:10C0580029F959890008FF1A0008800B003A800B5B
:10C068000E5A486C042B3E0959890008FF1A081912
:10C07800320B9D3D2989080809CA0808FA8ABF0BAE
:10C08800FF1A1C4E89BF698F040B40695989000843
:10C09800FF1A0819320B9D3D2989060809CA0608A6
:10C0A800FA8ABF0BFF1A1C4E69BF798F040B4269CD
:10C0B80059890008FF1A0819320B9D3D298906087D
:10C0C80009CA0608FA8ABF0BFF1A1C4E69BF398FC6
:10C0D800040B443959890008FF1A0819320B9D3D91
:10C0E8002989030809CA0308FA8ABF0BFF1A1C4EDC
:10C0F80039BF498F006D017D320B620C898D998D96
:10C10800A98DB98D002B70995E09660BE83D002B4F
:10C1180009A95F09660BE83D002B09899989000880
:10C12800FF1A000800780D7CA9890008FF1A00088A
:10C138000078077C89890008FF1A00080078610BDD
:10C14800413C99890008FF1A000800782E3C002B12
:10C158000039270C99990108FF1A0129B9890008A3
:10C168000008FF1A041C09ED02082A8AFE4D01087E
:10C17800299A01080078133C010BF2390219B98990
:10C18800320B9D3D29890008FA8A030809CA1C4E0A
:10C1980039BF800B136D300BBB3D5E8909BD0B08A1
:10C1A800014AB9890008085AD52CA9890008FF1A3C
:10C1B800000800782E3C002B0039270CA9990108AB
:10C1C800FF1A0129B98900080008FF1A041C09EDA3
:10C1D80002082A8AFE4D0108299A01080078133CB2
:10C1E800020B0A390219B989320B9D3D29890008C9
:10C1F800FA8A030809CA1C4E39BF800B136D300B2D
:10C20800BB3D5E8909BD0B08014AB9890008085A77
:10C21800D52C89890008FF1A000800782E3C002BCD
:10C228000039270C89990108FF1A0129B9890008E2
:10C238000008FF1A041C09ED02082A8AFE4D0108AD
:10C24800299A01080078133C020B12390219B9899E
:10C25800320B9D3D29890008FA8A030809CA1C4E39
:10C2680039BF800B136D300BBB3D5E8909BD0B08D0
:10C27800014AB9890008085AD52C006D017D320B96
:10C288005C0C000D000D898D998D1D8900082A8A86
:10C29800044AE30B0119084E09A909BF19FE017DDB
:10C2A800320B7E3D002B01097A09660BE83D184EDA
:10C2B8001DFE084E053E098E7A09660BE83D184EAC
:10C2C8001DFE084E063E098E01192109560B4C3DEC
:10C2D80001192009560B4C3D002B87190F0C998921
:10C2E800660BE83D09990108FF1A0108FF0B3F1A80
:10C2F80001089989670B203D0908014A99890008B6
:10C30800FF1A0008800B003A800BA85A5D6C9989C7
:10C318000008FF1A0008094C8C5A072C9989000854
:10C32800FF1A0008E94C905AE72C0019020C010882
:10C33800014A19A90208FF1A89890008FF1A00088A
:10C34800800B003A0208800B003A09DA186C99A9A8
:10C358000208FF1A1DB903082A8A044A1989000825
:10C36800FF1A030809CA184E39BF800B136D300B2A
:10C37800BB3D6E890008FF1A020809F8D87C01083D
:10C38800FF1A89890008FF1A010809F8B57C9989FC
:10C398000008FF1A0008A078AF3C99890008FF1A26
:10C3A8000008800B003A800B8C5A996C9989660BAF
:10C3B800E83D09990108FF1A0108FF0BCF1A010887
:10C3C8009989670B203D980C184E1DFE084E053EB6
:10C3D8000E990108FF1A29095E0B6E3D184E1DFEC5
:10C3E800084E063E0E990108FF1A29095E0B6E3D9C
:10C3F800170B17096B0B523D026D017D320B600C58
:10C40800E89919890008FF1A0008101A000800782E
:10C41800023C00090D8C19890008FF1A0008041A4B
:10C4280000080078023C01090D8C05090108FF1A73
:10C438000108031A000819DA0D8C09B958A902086D
:10C44800FF1A07D839890008FF1A00080078033C4A
:10C4580001780B3C1B0CE8890008FF1A0008102A19
:10C468000008002B09E83ADA290CE8890008FF1AC5
:10C478000008EF1A0008002B09E8E8890008FF1AED
:10C488000008042A0008002B09E8180CE8890008AD
:10C49800FF1A0008E81A0008002B09E8E8990108C3
:10C4A800FF1A05090308FF1A000839DA000800080E
:10C4B800FF1A010809AA0108002B19E8020829D85F
:10C4C8000D8C898D9D3D002B0989080801198989E2
:10C4D800B43D0808014A943D0008055AF72C180B8A
:10C4E8000071004BB721004B5B31A7F1006D017D56
:10C4F800320B620C0B095D0B833D55890008010B5B
:10C50800002A09D5558900080ADAFAAAFB6C0071D5
:10C51800004B0021004B00310D8C898D6C0B953D33
:10C528005C0BE43D1C4E020BA73F0F890008007806
:10C53800023C6D0B023D620B043D002B0989080883
:10C5480000198989620B213D0808015A620B043DD4
:10C5580000080078F57C006D017D320B620C898D36
:10C56800998DA98D002B09A9002B1999002B2989D0
:10C57800184E050B6E3F0F890008FF1A0008094C7A
:10C58800105A072C11095D0B833DE50BA0096B0BB5
:10C59800523D08080078223C184E050B6D3F0F8964
:10C5A8000008FF1A00080078047C184E050B6D3F40
:10C5B800100F184E050B6D3F0F890008015A184ED1
:10C5C800050B6D3F098F030B9E390008FF1A0419EC
:10C5D800320B9D3D2989030809CA250C030B9E3996
:10C5E800184E050B6C3F0F890008FF1A0419320B0F
:10C5F8009D3D2989030809CA184E050B6C3F0F8910
:10C608000008014A184E050B6C3F098F184E050BA0
:10C618006C3F0F890008FF1A00081078047C184E38
:10C62800050B6C3F000F39890008FA8ABF0BFF1A07
:10C638001C4E09BFA98F0308FA8ABF0BFF1A014ACB
:10C648001C4E39BF998F184E050B6E3F0F89000895
:10C65800014A184E050B6E3F098F12095D0B833D89
:10C66800006D017D320B5E0C184E050B953F0FA92E
:10C678000208FF1A02080278397C184E000BE83FBE
:10C688000FA90208FF1A02080578693C0008FF1A7A
:10C6980000080278267C1C4E000B523F0F890008C8
:10C6A8000978183C000BA629184E050B943F0F89F2
:10C6B8000008FF1A020809CA184E29BF198F184E18
:10C6C800050B943F0F890008014A184E050B943F4B
:10C6D800098F0D8C0108FF1A1C4E000B523F198F51
:10C6E8000D8C184E050B953F000F0D8C184E050B41
:10C6F800953F0FA90208FF1A020800780F7C00086E
:10C70800FF1A000800782B7C0108FF1A0108AA7894
:10C71800267C184E050B953F010F0D8C184E050B06
:10C72800953F0FA90208FF1A02080178147C000837
:10C73800FF1A000801780A7C0108FF1A01085578D9
:10C74800057C184E050B953F020F0D8C184E050BF6
:10C75800953F000F0D8C184E050B953F000F0D8C63
:10C76800898D998D184E050B6E3F0F890008FF1AA9
:10C7780000080078027C0009610C58B90308FF1A08
:10C7880007D8030B9E49184E050B6D3F0F8900080B
:10C79800FF1A0419320B9D3D2989040809CA0408A7
:10C7A800FA8ABF0BFF1A1C4E49BF800B136D300B62
:10C7B800BB3D002B5E89030BA049184E050B6D3F4E
:10C7C8000F890008FF1A0419320B9D3D29890408B6
:10C7D80009CA0408FA8ABF0BFF1A1C4E49BF800B0E
:10C7E800136D300BBB3D002B5E99184E050B6E3F49
:10C7F8000F890008015A184E050B6E3F098F184E15
:10C80800050B6D3F0F890008014A184E050B6D3F57
:10C81800098F184E050B6D3F0F890008FF1A000895
:10C828001078047C184E050B6D3F000F030839D8AB
:10C8380013095D0B833D998989BD0109006D017D4F
:10C84800320B600C25892599000819F8FB7C0D8CA2
:10C85800898D998D002B58890808FF1A07D81C4E16
:10C86800020B1C3F002B0F99ED3D25991C4E020B26
:10C878001D3F0FA9010829DA0A6C1C4E020B1C3F48
:10C888000F990108014A1C4E020B1C3F198F25996C
:10C898001C4E020B1D3F198F1C4E020B1C3F0F999B
:10C8A800090819F8DC7C080889D899A90039106D9D
:10C8B8000208320BA83D0019020809AA030819AAA0
:10C8C80029893999006D017D320B600C898D998D0C
:10C8D800002B1999002B58890808FF1A07D899992D
:10C8E8000108035A026C002B03190008FF1A0008FC
:10C8F8000078127C05890008FF1A0008F31A00085E
:10C908000985A03D000899CA09B505890008FF1ADC
:10C918000008042A00080985080889D8006D017DE7
:10C92800320B600C2DB90008FF1A0819320B9D3D17
:10C938002989030809CA39890D8C050B00095D0B83
:10C94800833D0D8C0039140C640BA149020B8559E9
:10C9580039890008FF1A0219320B9D3D2989000800
:10C96800FA8A050809CA1C4E59BF498F0308014AAB
:10C9780039890008FF1A0008E74C105AE52C0D8C7D
:10C98800898D002B098919B989890008FF1A0008BF
:10C99800800B003A800B105A266C03080078233C61
:10C9A800020B954989890008FF1A0219320B9D3D2F
:10C9B80029890008FA8A040809CA1C4E49BF398F18
:10C9C8008989B03D09B9020B854989890008FF1A90
:10C9D8000219320B9D3D29890008FA8A040809CA00
:10C9E8001C4E49BF398F006D017D320B620C898D59
:10C9F800998D002B58990908FF1A07D8002B0109AF
:10CA080009A90208FF1A0208071A02080208FF1AF1
:10CA1800041C29ED08082A8AFE4D08080008FF1A98
:10CA28000008EA8AFA8A00080008FF1A0008007855
:10CA3800073C01780E3C0378153C04781F3C290C10
:10CA480080990108FF1A0808FF1A0108899A010845
:10CA5800200C81990108FF1A0808FF1A0108899A11
:10CA68000108170C5609660BE83D09990108FF1AD9
:10CA78000808FF1A0108899A01080B0C5709660B68
:10CA8800E83D0008FF1A0808FF1A0008899A099962
:10CA98000108090899D80108FF1A01080078023C22
:10CAA8000109010C00090008FF1A006D017D320B15
:10CAB800600C03196609670B203D0D8C050B0309F3
:10CAC8005D0B833D17C404890008FF0BF91A09841C
:10CAD80000140024184E050B963F0F890008FF1A12
:10CAE8000008EA8A000809D484891C4E020BA93F71
:10CAF800098F1C4E020BA83F0F8900080078093CDB
:10CB08001C4E020BA93F0F891C4E020BA83F0F9920
:10CB180019BD0D8C5D0B1B4900395D0B11295C0B90
:10CB2800E7190809600B293D00295C0B48190D0914
:10CB3800670BBD3D184E050B963F000F1C4E020BB0
:10CB4800AD3F000FB63D650B62190909640BC43D82
:10CB580000040D8C5E0BFE3D640BA63D5D0B443D51
:10CB6800660B753D6C0BA43D620B653D03095D0BBF
:10CB7800833D670BEF3D6C0BCB3D06095D0B833D99
:10CB88006C0B233D0409410B4F3D5F0BB73D4C0B2C
:10CB9800703D04095D0B833D650B8E3D10095D0BEF
:10CBA800833D6C0BB13D08095D0B833D510B833D03
:10CBB8003B0B613D87D800296C0BEB190F09670BFC
:10CBC800BD3D002901390F094A0BAC3D410B363DEB
:10CBD8006B0BDF3D630BB43D00080078F97C6D0BEF
:10CBE800063DF60C898D19D9002B58890808FF1ABB
:10CBF80007D809C90408FF1A0408071A040809B95C
:10CC08000308FF1A0308EA8AFA8A0308010BF26983
:10CC180039890008FF1A1019320B9D3D298900082F
:10CC2800FA8A060809CA49890008FF1A0219320B4C
:10CC38009D3D29890008FA8A060809CA1C4E69BF61
:10CC4800598F0308FF1A0308074C025A052C600B7A
:10CC580082190009530B213D080889D8006D017D10
:10CC6800320B620C898D09990108FF1A0108767840
:10CC7800133C7778243C7878033C7978133C2C0C67
:10CC8800184E050B8F3F002B0F8989890008FF1A62
:10CC9800006D017D320B620C184E050B903F002B86
:10CCA8000F89F30C184E050B913F002B0F89184E76
:10CCB800050B913F000F0109530BB33DE60C184ECD
:10CCC800050B923F002B0F89184E050B923F000F62
:10CCD8000109530BB33DD90C660BE83D0008FF1A58
:10CCE800D70C600B82190509640BC43D0039280C68
:10CCF8006D0B0359010BF26939890008FF1A1019E5
:10CD0800320B9D3D29890008FA8A060809CA498913
:10CD18000008FF1A0219320B9D3D29890008FA8A7A
:10CD2800060809CA1C4E69BF598F0408014A498977
:10CD38000008FF1A0008DC4C085ADA2C0308014ADC
:10CD480039890008FF1A0008800B003A800B055A41
:10CD5800026C0049EC0C0D8C184E050B933F0F89A3
:10CD68000008FF1A0008011A000800782C3C184E29
:10CD7800050B933F0F890008FF1A0008FF0BFE1AE6
:10CD88000008184E050B933F098F184E050B933F6B
:10CD98000F890008FF1A0008021A00080078137C9F
:10CDA800184E050B933F0F890008FF1A0008022A46
:10CDB8000008184E050B933F098F00290019500BE6
:10CDC8006409620BB33D0D8C898D998DA98D002B5B
:10CDD80058890808FF1A07D8002B09A90A08FF1A5A
:10CDE8000A086A8A2A8A12890008302A09920019D0
:10CDF8000F09560B4C3DA9890008AA8ABA8AEA8A03
:10CE0800FA8A09B20A08FF1AA9B2FF3222A7FE6CF1
:10CE180001190F09560B4C3D27A2030C002B329920
:10CE280009082287FB2C080889D899890008FF1A65
:10CE3800006D017D320B5E0C898D998DA98D002BBB
:10CE480019A9002B58890808FF1A07D8002B099937
:10CE58000908FF1A09086A8A2A8A0908800B002A21
:10CE680012890008302A099200190F09560B4C3D07
:10CE780099890008AA8ABA8AEA8AFA8A09B2090844
:10CE8800FF1A99B20A08FF1AA9B222A7FE6C011963
:10CE98000F09560B4C3D080889D8006D017D320BEF
:10CEA8005E0C184E050B733F0F890008FF1A000827
:10CEB800011A000800780F3C184E050B733F0F89C4
:10CEC8000008FF1A0008FF0BFC1A0008184E050B93
:10CED800733F098F0D8C184E050B733F0F8900089F
:10CEE800FF1A0008021A000800780E3C184E050BBD
:10CEF800733F0F890008FF1A0008FF0BFD1A00088E
:10CF0800184E050B733F098F0D8C000905B70008F3
:10CF1800006A0008FF1A000800782A3C0589000802
:10CF2800FF1A0008F71A000809851C4E020B1B3F60
:10CF38000F8900080078053C1C4E020B1B3F0F8927
:10CF480009BD25891C4E020B1D3F0F99000819DAEF
:10CF58000A6C1C4E020B1C3F0F890008014A1C4E2C
:10CF6800020B1C3F098F25891C4E020B1D3F098FA0
:10CF78000D8C09B919C929D939890008FF1A00087F
:10CF8800800B003A800B105A256C04080078027C4C
:10CF9800480B4249000BA56939890008FF1A021994
:10CFA800320B9D3D29890008FA8A060809CA1C4ED9
:10CFB80069BF498F000BB54939890008FF1A021962
:10CFC800320B9D3D29890008FA8A040809CA1C4EBB
:10CFD80049BF598F0D8C6C0B843D0039200C000B18
:10CFE800754902193989320B9D3D29890008FA8A49
:10CFF800040809CA1C4E49BF000F480B4249000BE0
:10D00800A55902193989320B9D3D29890008FA8AE8
:10D01800050809CA1C4E59BF498F0308014A3989B6
:10D028000008105ADC2C490BF01900096C0BD83D8C
:10D038000D8C4E8D488D188D098D198D298D398D42
:10D04800498D598D698D798D6D8D7D8D5E8D3F8D65
:10D058007E8D3E8D088D4E8D1C4E020BA33F0F8991
:10D0680009BD0DCE0D880DBE0DFE0DBF0DDE0DFDEB
:10D078000DED0DF90DE90DD90DC90DB90DA90D99D4
:10D088000D890D980DC80DCE8D8C4E8D488D188D3F
:10D09800098D198D298D398D498D598D698D798D18
:10D0A8006D8D7D8D5E8D3F8D7E8D3E8D088D4E8D77
:10D0B8001C4E020B9D3F0F8909BD0DCE0D880DBE7C
:10D0C8000DFE0DBF0DDE0DFD0DED0DF90DE90DD9B0
:10D0D8000DC90DB90DA90D990D890D980DC80DCE65
:10D0E8008D8C4E8D488D188D098D198D298D398D12
:10D0F800498D598D698D798D6D8D7D8D5E8D3F8DB5
:10D108007E8D3E8D088D4E8D1C4E020B9C3F0F89E7
:10D1180009BD0DCE0D880DBE0DFE0DBF0DDE0DFD3A
:10D128000DED0DF90DE90DD90DC90DB90DA90D9923
:10D138000D890D980DC80DCE8D8C4E8D488D188D8E
:10D14800098D198D298D398D498D598D698D798D67
:10D158006D8D7D8D5E8D3F8D7E8D3E8D088D4E8DC6
:10D168001C4E020B9E3F0F8909BD0DCE0D880DBECA
:10D178000DFE0DBF0DDE0DFD0DED0DF90DE90DD9FF
:10D188000DC90DB90DA90D990D890D980DC80DCEB4
:10D198008D8C4E8D488D188D098D198D298D398D61
:10D1A800498D598D698D798D6D8D7D8D5E8D3F8D04
:10D1B8007E8D3E8D088D4E8D1C4E020B9B3F0F8938
:10D1C80009BD0DCE0D880DBE0DFE0DBF0DDE0DFD8A
:10D1D8000DED0DF90DE90DD90DC90DB90DA90D9973
:10D1E8000D890D980DC80DCE8D8C4E8D488D188DDE
:10D1F800098D198D298D398D498D598D698D798DB7
:10D208006D8D7D8D5E8D3F8D7E8D3E8D088D4E8D15
:10D218001C4E020B9F3F0F8909BD0DCE0D880DBE18
:10D228000DFE0DBF0DDE0DFD0DED0DF90DE90DD94E
:10D238000DC90DB90DA90D990D890D980DC80DCE03
:10D248008D8C4E8D488D188D098D198D298D398DB0
:10D25800498D598D698D798D6D8D7D8D5E8D3F8D53
:10D268007E8D3E8D088D4E8D1C4E020B993F0F8989
:10D2780009BD0DCE0D880DBE0DFE0DBF0DDE0DFDD9
:10D288000DED0DF90DE90DD90DC90DB90DA90D99C2
:10D298000D890D980DC80DCE8D8C4E8D488D188D2D
:10D2A800098D198D298D398D498D598D698D798D06
:10D2B8006D8D7D8D5E8D3F8D7E8D3E8D088D4E8D65
:10D2C8001C4E020B983F0F8909BD0DCE0D880DBE6F
:10D2D8000DFE0DBF0DDE0DFD0DED0DF90DE90DD99E
:10D2E8000DC90DB90DA90D990D890D980DC80DCE53
:10D2F8008D8C4E8D488D188D098D198D298D398D00
:10D30800498D598D698D798D6D8D7D8D5E8D3F8DA2
:10D318007E8D3E8D088D4E8D1C4E020B973F0F89DA
:10D3280009BD0DCE0D880DBE0DFE0DBF0DDE0DFD28
:10D338000DED0DF90DE90DD90DC90DB90DA90D9911
:10D348000D890D980DC80DCE8D8C4E8D488D188D7C
:10D35800098D198D298D398D498D598D698D798D55
:10D368006D8D7D8D5E8D3F8D7E8D3E8D088D4E8DB4
:10D378001C4E020BA23F0F8909BD0DCE0D880DBEB4
:10D388000DFE0DBF0DDE0DFD0DED0DF90DE90DD9ED
:10D398000DC90DB90DA90D990D890D980DC80DCEA2
:10D3A8008D8C4E8D488D188D098D198D298D398D4F
:10D3B800498D598D698D798D6D8D7D8D5E8D3F8DF2
:10D3C8007E8D3E8D088D4E8D1C4E020B963F0F892B
:10D3D80009BD0DCE0D880DBE0DFE0DBF0DDE0DFD78
:10D3E8000DED0DF90DE90DD90DC90DB90DA90D9961
:10D3F8000D890D980DC80DCE8D8C4E8D488D188DCC
:10D40800098D198D298D398D498D598D698D798DA4
:10D418006D8D7D8D5E8D3F8D7E8D3E8D088D4E8D03
:10D428001C4E020B953F0F8909BD0DCE0D880DBE10
:10D438000DFE0DBF0DDE0DFD0DED0DF90DE90DD93C
:10D448000DC90DB90DA90D990D890D980DC80DCEF1
:10D458008D8C4E8D488D188D098D198D298D398D9E
:10D46800498D598D698D798D6D8D7D8D5E8D3F8D41
:10D478007E8D3E8D088D4E8D1C4E020BA03F0F8970
:10D4880009BD0DCE0D880DBE0DFE0DBF0DDE0DFDC7
:10D498000DED0DF90DE90DD90DC90DB90DA90D99B0
:10D4A8000D890D980DC80DCE8D8C4E8D488D188D1B
:10D4B800098D198D298D398D498D598D698D798DF4
:10D4C8006D8D7D8D5E8D3F8D7E8D3E8D088D4E8D53
:10D4D8001C4E020BA43F0F8909BD0DCE0D880DBE51
:10D4E8000DFE0DBF0DDE0DFD0DED0DF90DE90DD98C
:10D4F8000DC90DB90DA90D990D890D980DC80DCE41
:10D508008D8C4E8D488D188D098D198D298D398DED
:10D51800498D598D698D798D6D8D7D8D5E8D3F8D90
:10D528007E8D3E8D088D4E8D1C4E020B9A3F0F89C5
:10D5380009BD0DCE0D880DBE0DFE0DBF0DDE0DFD16
:10D548000DED0DF90DE90DD90DC90DB90DA90D99FF
:10D558000D890D980DC80DCE8D8C4E8D488D188D6A
:10D56800098D198D298D398D498D598D698D798D43
:10D578006D8D7D8D5E8D3F8D7E8D3E8D088D4E8DA2
:10D588001C4E020BA13F0F8909BD0DCE0D880DBEA3
:10D598000DFE0DBF0DDE0DFD0DED0DF90DE90DD9DB
:10D5A8000DC90DB90DA90D990D890D980DC80DCE90
:10D5B8008D8C898D2309640BFB3D002B098900099B
:10D5C800520BA53D08192309560B4C3D184E050B67
:10D5D800703F0F890008FF1A00080278077C0029AD
:10D5E80000195A0B9309620BB33D0A0C8999050B74
:10D5F80010095E0B6E3D0519B00B0D09420B753D08
:10D60800006D017D320B620C898D002B8289828925
:10D618000008FF0BF81A002B098282890008FF0B0B
:10D62800C71A002B0982050B07095D0B833D080803
:10D638000F1A080800780A3C002B7178430B5C3DF0
:10D64800010B10095D0B833D620B913D006D017D5F
:10D65800320B620C184E050B953F0F890008FF1A14
:10D66800000802781A7C1C4E000B523F0F890008F4
:10D678000978133C184E000BE83F0F890008FF1A81
:10D68800000805780A3C184E000BE83F050F0029F2
:10D6980000194D0B8909620BB33D0D8C898D002B48
:10D6A80009891C4E020BA73F0F8900080078023C2D
:10D6B8006D0B053D20095D0B833D0009002B09F822
:10D6C800184E000BE73F098F1C4E020B1A3F898F3B
:10D6D800006D017D320B620C0008FF1A0008767895
:10D6E800073C7878167C184E050B8F3F198F040C71
:10D6F800184E050B903F198F184E050B933F0F8955
:10D708000008FF1A0008012A0008184E050B933F6D
:10D71800098F0D8C898D998DA98DB98D002B09895B
:10D72800002B1999640B2C3D002B09A9002B19B962
:10D738000A0889CA0B0899EA640B2C3D0008A9DA83
:10D748000108B9FAF92C006D017D320B5C0C0999BE
:10D758000108FF1A0108104C765A0E2C0999010885
:10D76800FF1A0108800B003A800B7A5A056C660B89
:10D77800363D0008FF1A0D8C660BE83D0008FF1ABD
:10D788000D8C898D998D002B0989002B1999000919
:10D79800060C09998989310BF43D0808014A9999C1
:10D7A800002B19990908015A01080078F27C006DCC
:10D7B800017D320B600C898D002B58890808FF1AEF
:10D7C80007D8F8890008FF1A0008012A0008002B6A
:10D7D80009F824095D0B833D080889D8006D017D8F
:10D7E800320B620C0008FF1A00080378033C047827
:10D7F800063C0B0C184E000BE83F0F89070C1C4E1B
:10D80800020BA73F0F890008010C00090008FF1A46
:10D818000D8C09A90208FF1A02080E4C765A0C2C26
:10D8280009A90208FF1A0208800B003A800B7A5AED
:10D83800036C6B0B703D0D8C670B203D0D8C58896C
:10D848000008FF1A07D800320012002B0012002B24
:10D85800002292990108422A002B19921299010874
:10D86800332A1992000809D80D8C09B9184E0B0CE7
:10D8780019BF800B136D300BBB3D39BF5E8F03089A
:10D88800014A0108014A29C90208015A0408F05C42
:10D898000D8C58990108FF1A07D80008FF1A0008CC
:10D8A8000078077C05890008FF1A0008F31A0008A9
:10D8B8000985010819D80D8C184E000BE83F0F890F
:10D8C8000008FF1A00080578083C184E050B943F1D
:10D8D800000F1C4E000B523F090F0D8CF8890008F1
:10D8E800FF1A0008012A0008002B09F8800B0029FC
:10D8F800003900094A0BAC3D23095D0B833D0D8CB3
:10D90800670B89190409640BC43D0ADA55890008B4
:10D918008AFA09D5558900080ADAFAAAFB2C010502
:10D928000D8C05890008FF1A0008F31A00080985FC
:10D9380005890008FF1A0008022A000809850D8CCD
:10D948006B0B08190009640BC43D002B0002828987
:10D9580000080F2A002B09820D8C184E050B6C3F0E
:10D96800000F184E050B6D3F000F184E050B6E3F4C
:10D97800000F0D8C09B9184E39BF2FF6020C19C9C2
:10D98800499F29C90208015A0408F95C0D8C00292D
:10D998006C0B72190009670BBD3D800B002900391B
:10D9A80000094A0BAC3D0D8C0008FF1A00080078EE
:10D9B800047C1C4E020B1B3F198F0D8C0119210989
:10D9C800560B4C3D01192009560B4C3D0D8C002976
:10D9D8000019620B7E09620BB33D0D8C184E050BC6
:10D9E800703F098F0D8C02090D8C00090D8C0D8C70
:10D9F8000D8C0D8C0D8C0D8C0D8C0D8C0D8C0D8C57
:06DA08000D8C0D8C0D8C4D
:020000040001F9
:101FEA00000096A5010009000020FF8F01000000F3
:021FFA000000E5
:10FFEA00FF6C96A5010009000090FFFF02000000C7
:02FFFA00000005
:00000001FF
